000140824: Iniciando sesión con usuario [admin] y periodo [2012]
001018624: Iniciando sesión con usuario [admin] y periodo [2012]
001916558: Iniciando sesión con usuario [admin] y periodo [2012]
002447728: Iniciando sesión con usuario [admin] y periodo [2012]
002610993: Iniciando sesión con usuario [admin] y periodo [2012]
002752959: Iniciando sesión con usuario [admin] y periodo [2012]
002901931: Iniciando sesión con usuario [admin] y periodo [2012]
002946578: Iniciando sesión con usuario [admin] y periodo [2012]
003343000: Iniciando sesión con usuario [admin] y periodo [2012]
004009717: Iniciando sesión con usuario [admin] y periodo [2012]
004155187: Iniciando sesión con usuario [admin] y periodo [2012]
005141160: Iniciando sesión con usuario [admin] y periodo [2012]
010200323: Iniciando sesión con usuario [admin] y periodo [2012]
010435238: Iniciando sesión con usuario [admin] y periodo [2012]
010631779: Finalizando sesión
010657257: Iniciando sesión con usuario [admin] y periodo [2012]
010856418: Iniciando sesión con usuario [admin] y periodo [2012]
165653531: org.postgresql.core.v3.ConnectionFactoryImpl.openConnectionImpl(ConnectionFactoryImpl.java:138)
           org.postgresql.core.ConnectionFactory.openConnection(ConnectionFactory.java:66)
           org.postgresql.jdbc2.AbstractJdbc2Connection.<init>(AbstractJdbc2Connection.java:125)
           org.postgresql.jdbc3.AbstractJdbc3Connection.<init>(AbstractJdbc3Connection.java:30)
           org.postgresql.jdbc3.Jdbc3Connection.<init>(Jdbc3Connection.java:24)
           org.postgresql.Driver.makeConnection(Driver.java:393)
           org.postgresql.Driver.connect(Driver.java:267)
           org.apache.tomcat.jdbc.pool.PooledConnection.connectUsingDriver(PooledConnection.java:267)
           org.apache.tomcat.jdbc.pool.PooledConnection.connect(PooledConnection.java:176)
           org.apache.tomcat.jdbc.pool.ConnectionPool.createConnection(ConnectionPool.java:653)
           org.apache.tomcat.jdbc.pool.ConnectionPool.borrowConnection(ConnectionPool.java:595)
           org.apache.tomcat.jdbc.pool.ConnectionPool.init(ConnectionPool.java:458)
           org.apache.tomcat.jdbc.pool.ConnectionPool.<init>(ConnectionPool.java:130)
           org.apache.tomcat.jdbc.pool.DataSourceProxy.createPool(DataSourceProxy.java:99)
           org.apache.tomcat.jdbc.pool.DataSourceProxy.getConnection(DataSourceProxy.java:110)
           com.itc.fc4.model.PoolConnection.getPoolConnection(PoolConnection.java:108)
           com.itc.fc4.model.admin.PeriodDAO.getCurrentPeriod(PeriodDAO.java:69)
           com.itc.fc4.control.security.AuthController.handleRequest(AuthController.java:154)
           org.springframework.web.servlet.mvc.SimpleControllerHandlerAdapter.handle(SimpleControllerHandlerAdapter.java:48)
           org.springframework.web.servlet.DispatcherServlet.doDispatch(DispatcherServlet.java:874)
           org.springframework.web.servlet.DispatcherServlet.doService(DispatcherServlet.java:808)
           org.springframework.web.servlet.FrameworkServlet.processRequest(FrameworkServlet.java:476)
           org.springframework.web.servlet.FrameworkServlet.doPost(FrameworkServlet.java:441)
           javax.servlet.http.HttpServlet.service(HttpServlet.java:643)
           javax.servlet.http.HttpServlet.service(HttpServlet.java:723)
           org.apache.catalina.core.ApplicationFilterChain.internalDoFilter(ApplicationFilterChain.java:290)
           org.apache.catalina.core.ApplicationFilterChain.doFilter(ApplicationFilterChain.java:206)
           com.itc.fc4.control.EncodingFilter.doFilter(EncodingFilter.java:60)
           org.apache.catalina.core.ApplicationFilterChain.internalDoFilter(ApplicationFilterChain.java:235)
           org.apache.catalina.core.ApplicationFilterChain.doFilter(ApplicationFilterChain.java:206)
           org.apache.catalina.core.StandardWrapperValve.invoke(StandardWrapperValve.java:233)
           org.apache.catalina.core.StandardContextValve.invoke(StandardContextValve.java:191)
           org.apache.catalina.core.StandardHostValve.invoke(StandardHostValve.java:127)
           org.apache.catalina.valves.ErrorReportValve.invoke(ErrorReportValve.java:103)
           org.apache.catalina.core.StandardEngineValve.invoke(StandardEngineValve.java:109)
           org.apache.catalina.connector.CoyoteAdapter.service(CoyoteAdapter.java:293)
           org.apache.coyote.http11.Http11AprProcessor.process(Http11AprProcessor.java:879)
           org.apache.coyote.http11.Http11AprProtocol$Http11ConnectionHandler.process(Http11AprProtocol.java:617)
           org.apache.tomcat.util.net.AprEndpoint$Worker.run(AprEndpoint.java:1760)
           java.lang.Thread.run(Thread.java:595)
165729059: org.postgresql.core.v3.ConnectionFactoryImpl.openConnectionImpl(ConnectionFactoryImpl.java:138)
           org.postgresql.core.ConnectionFactory.openConnection(ConnectionFactory.java:66)
           org.postgresql.jdbc2.AbstractJdbc2Connection.<init>(AbstractJdbc2Connection.java:125)
           org.postgresql.jdbc3.AbstractJdbc3Connection.<init>(AbstractJdbc3Connection.java:30)
           org.postgresql.jdbc3.Jdbc3Connection.<init>(Jdbc3Connection.java:24)
           org.postgresql.Driver.makeConnection(Driver.java:393)
           org.postgresql.Driver.connect(Driver.java:267)
           org.apache.tomcat.jdbc.pool.PooledConnection.connectUsingDriver(PooledConnection.java:267)
           org.apache.tomcat.jdbc.pool.PooledConnection.connect(PooledConnection.java:176)
           org.apache.tomcat.jdbc.pool.ConnectionPool.createConnection(ConnectionPool.java:653)
           org.apache.tomcat.jdbc.pool.ConnectionPool.borrowConnection(ConnectionPool.java:595)
           org.apache.tomcat.jdbc.pool.ConnectionPool.init(ConnectionPool.java:458)
           org.apache.tomcat.jdbc.pool.ConnectionPool.<init>(ConnectionPool.java:130)
           org.apache.tomcat.jdbc.pool.DataSourceProxy.createPool(DataSourceProxy.java:99)
           org.apache.tomcat.jdbc.pool.DataSourceProxy.getConnection(DataSourceProxy.java:110)
           com.itc.fc4.model.PoolConnection.getPoolConnection(PoolConnection.java:108)
           com.itc.fc4.model.admin.PeriodDAO.getCurrentPeriod(PeriodDAO.java:69)
           com.itc.fc4.control.security.AuthController.handleRequest(AuthController.java:154)
           org.springframework.web.servlet.mvc.SimpleControllerHandlerAdapter.handle(SimpleControllerHandlerAdapter.java:48)
           org.springframework.web.servlet.DispatcherServlet.doDispatch(DispatcherServlet.java:874)
           org.springframework.web.servlet.DispatcherServlet.doService(DispatcherServlet.java:808)
           org.springframework.web.servlet.FrameworkServlet.processRequest(FrameworkServlet.java:476)
           org.springframework.web.servlet.FrameworkServlet.doPost(FrameworkServlet.java:441)
           javax.servlet.http.HttpServlet.service(HttpServlet.java:643)
           javax.servlet.http.HttpServlet.service(HttpServlet.java:723)
           org.apache.catalina.core.ApplicationFilterChain.internalDoFilter(ApplicationFilterChain.java:290)
           org.apache.catalina.core.ApplicationFilterChain.doFilter(ApplicationFilterChain.java:206)
           com.itc.fc4.control.EncodingFilter.doFilter(EncodingFilter.java:60)
           org.apache.catalina.core.ApplicationFilterChain.internalDoFilter(ApplicationFilterChain.java:235)
           org.apache.catalina.core.ApplicationFilterChain.doFilter(ApplicationFilterChain.java:206)
           org.apache.catalina.core.StandardWrapperValve.invoke(StandardWrapperValve.java:233)
           org.apache.catalina.core.StandardContextValve.invoke(StandardContextValve.java:191)
           org.apache.catalina.core.StandardHostValve.invoke(StandardHostValve.java:127)
           org.apache.catalina.valves.ErrorReportValve.invoke(ErrorReportValve.java:103)
           org.apache.catalina.core.StandardEngineValve.invoke(StandardEngineValve.java:109)
           org.apache.catalina.connector.CoyoteAdapter.service(CoyoteAdapter.java:293)
           org.apache.coyote.http11.Http11AprProcessor.process(Http11AprProcessor.java:879)
           org.apache.coyote.http11.Http11AprProtocol$Http11ConnectionHandler.process(Http11AprProtocol.java:617)
           org.apache.tomcat.util.net.AprEndpoint$Worker.run(AprEndpoint.java:1760)
           java.lang.Thread.run(Thread.java:595)
165821228: org.postgresql.core.v3.ConnectionFactoryImpl.openConnectionImpl(ConnectionFactoryImpl.java:138)
           org.postgresql.core.ConnectionFactory.openConnection(ConnectionFactory.java:66)
           org.postgresql.jdbc2.AbstractJdbc2Connection.<init>(AbstractJdbc2Connection.java:125)
           org.postgresql.jdbc3.AbstractJdbc3Connection.<init>(AbstractJdbc3Connection.java:30)
           org.postgresql.jdbc3.Jdbc3Connection.<init>(Jdbc3Connection.java:24)
           org.postgresql.Driver.makeConnection(Driver.java:393)
           org.postgresql.Driver.connect(Driver.java:267)
           org.apache.tomcat.jdbc.pool.PooledConnection.connectUsingDriver(PooledConnection.java:267)
           org.apache.tomcat.jdbc.pool.PooledConnection.connect(PooledConnection.java:176)
           org.apache.tomcat.jdbc.pool.ConnectionPool.createConnection(ConnectionPool.java:653)
           org.apache.tomcat.jdbc.pool.ConnectionPool.borrowConnection(ConnectionPool.java:595)
           org.apache.tomcat.jdbc.pool.ConnectionPool.init(ConnectionPool.java:458)
           org.apache.tomcat.jdbc.pool.ConnectionPool.<init>(ConnectionPool.java:130)
           org.apache.tomcat.jdbc.pool.DataSourceProxy.createPool(DataSourceProxy.java:99)
           org.apache.tomcat.jdbc.pool.DataSourceProxy.getConnection(DataSourceProxy.java:110)
           com.itc.fc4.model.PoolConnection.getPoolConnection(PoolConnection.java:108)
           com.itc.fc4.model.admin.PeriodDAO.getCurrentPeriod(PeriodDAO.java:69)
           com.itc.fc4.control.security.AuthController.handleRequest(AuthController.java:154)
           org.springframework.web.servlet.mvc.SimpleControllerHandlerAdapter.handle(SimpleControllerHandlerAdapter.java:48)
           org.springframework.web.servlet.DispatcherServlet.doDispatch(DispatcherServlet.java:874)
           org.springframework.web.servlet.DispatcherServlet.doService(DispatcherServlet.java:808)
           org.springframework.web.servlet.FrameworkServlet.processRequest(FrameworkServlet.java:476)
           org.springframework.web.servlet.FrameworkServlet.doPost(FrameworkServlet.java:441)
           javax.servlet.http.HttpServlet.service(HttpServlet.java:643)
           javax.servlet.http.HttpServlet.service(HttpServlet.java:723)
           org.apache.catalina.core.ApplicationFilterChain.internalDoFilter(ApplicationFilterChain.java:290)
           org.apache.catalina.core.ApplicationFilterChain.doFilter(ApplicationFilterChain.java:206)
           com.itc.fc4.control.EncodingFilter.doFilter(EncodingFilter.java:60)
           org.apache.catalina.core.ApplicationFilterChain.internalDoFilter(ApplicationFilterChain.java:235)
           org.apache.catalina.core.ApplicationFilterChain.doFilter(ApplicationFilterChain.java:206)
           org.apache.catalina.core.StandardWrapperValve.invoke(StandardWrapperValve.java:233)
           org.apache.catalina.core.StandardContextValve.invoke(StandardContextValve.java:191)
           org.apache.catalina.core.StandardHostValve.invoke(StandardHostValve.java:127)
           org.apache.catalina.valves.ErrorReportValve.invoke(ErrorReportValve.java:103)
           org.apache.catalina.core.StandardEngineValve.invoke(StandardEngineValve.java:109)
           org.apache.catalina.connector.CoyoteAdapter.service(CoyoteAdapter.java:293)
           org.apache.coyote.http11.Http11AprProcessor.process(Http11AprProcessor.java:879)
           org.apache.coyote.http11.Http11AprProtocol$Http11ConnectionHandler.process(Http11AprProtocol.java:617)
           org.apache.tomcat.util.net.AprEndpoint$Worker.run(AprEndpoint.java:1760)
           java.lang.Thread.run(Thread.java:595)
165902072: Iniciando sesión con usuario [admin] y periodo [2012]
170036878: Iniciando sesión con usuario [admin] y periodo [2012]
170209763: Iniciando sesión con usuario [admin] y periodo [2012]
170628484: Iniciando sesión con usuario [admin] y periodo [2012]
170743682: Iniciando sesión con usuario [admin] y periodo [2012]
170935590: Iniciando sesión con usuario [admin] y periodo [2012]
171201649: org.postgresql.core.v3.ConnectionFactoryImpl.openConnectionImpl(ConnectionFactoryImpl.java:138)
           org.postgresql.core.ConnectionFactory.openConnection(ConnectionFactory.java:66)
           org.postgresql.jdbc2.AbstractJdbc2Connection.<init>(AbstractJdbc2Connection.java:125)
           org.postgresql.jdbc3.AbstractJdbc3Connection.<init>(AbstractJdbc3Connection.java:30)
           org.postgresql.jdbc3.Jdbc3Connection.<init>(Jdbc3Connection.java:24)
           org.postgresql.Driver.makeConnection(Driver.java:393)
           org.postgresql.Driver.connect(Driver.java:267)
           org.apache.tomcat.jdbc.pool.PooledConnection.connectUsingDriver(PooledConnection.java:267)
           org.apache.tomcat.jdbc.pool.PooledConnection.connect(PooledConnection.java:176)
           org.apache.tomcat.jdbc.pool.ConnectionPool.createConnection(ConnectionPool.java:653)
           org.apache.tomcat.jdbc.pool.ConnectionPool.borrowConnection(ConnectionPool.java:595)
           org.apache.tomcat.jdbc.pool.ConnectionPool.init(ConnectionPool.java:458)
           org.apache.tomcat.jdbc.pool.ConnectionPool.<init>(ConnectionPool.java:130)
           org.apache.tomcat.jdbc.pool.DataSourceProxy.createPool(DataSourceProxy.java:99)
           org.apache.tomcat.jdbc.pool.DataSourceProxy.getConnection(DataSourceProxy.java:110)
           com.itc.fc4.model.PoolConnection.getPoolConnection(PoolConnection.java:108)
           com.itc.fc4.model.admin.PeriodDAO.getCurrentPeriod(PeriodDAO.java:69)
           com.itc.fc4.control.security.AuthController.handleRequest(AuthController.java:154)
           org.springframework.web.servlet.mvc.SimpleControllerHandlerAdapter.handle(SimpleControllerHandlerAdapter.java:48)
           org.springframework.web.servlet.DispatcherServlet.doDispatch(DispatcherServlet.java:874)
           org.springframework.web.servlet.DispatcherServlet.doService(DispatcherServlet.java:808)
           org.springframework.web.servlet.FrameworkServlet.processRequest(FrameworkServlet.java:476)
           org.springframework.web.servlet.FrameworkServlet.doPost(FrameworkServlet.java:441)
           javax.servlet.http.HttpServlet.service(HttpServlet.java:643)
           javax.servlet.http.HttpServlet.service(HttpServlet.java:723)
           org.apache.catalina.core.ApplicationFilterChain.internalDoFilter(ApplicationFilterChain.java:290)
           org.apache.catalina.core.ApplicationFilterChain.doFilter(ApplicationFilterChain.java:206)
           com.itc.fc4.control.EncodingFilter.doFilter(EncodingFilter.java:60)
           org.apache.catalina.core.ApplicationFilterChain.internalDoFilter(ApplicationFilterChain.java:235)
           org.apache.catalina.core.ApplicationFilterChain.doFilter(ApplicationFilterChain.java:206)
           org.apache.catalina.core.StandardWrapperValve.invoke(StandardWrapperValve.java:233)
           org.apache.catalina.core.StandardContextValve.invoke(StandardContextValve.java:191)
           org.apache.catalina.core.StandardHostValve.invoke(StandardHostValve.java:127)
           org.apache.catalina.valves.ErrorReportValve.invoke(ErrorReportValve.java:103)
           org.apache.catalina.core.StandardEngineValve.invoke(StandardEngineValve.java:109)
           org.apache.catalina.connector.CoyoteAdapter.service(CoyoteAdapter.java:293)
           org.apache.coyote.http11.Http11AprProcessor.process(Http11AprProcessor.java:879)
           org.apache.coyote.http11.Http11AprProtocol$Http11ConnectionHandler.process(Http11AprProtocol.java:617)
           org.apache.tomcat.util.net.AprEndpoint$Worker.run(AprEndpoint.java:1760)
           java.lang.Thread.run(Thread.java:595)
171217525: Iniciando sesión con usuario [admin] y periodo [2012]
171336066: Iniciando sesión con usuario [admin] y periodo [2012]
171749862: org.postgresql.core.v3.ConnectionFactoryImpl.openConnectionImpl(ConnectionFactoryImpl.java:138)
           org.postgresql.core.ConnectionFactory.openConnection(ConnectionFactory.java:66)
           org.postgresql.jdbc2.AbstractJdbc2Connection.<init>(AbstractJdbc2Connection.java:125)
           org.postgresql.jdbc3.AbstractJdbc3Connection.<init>(AbstractJdbc3Connection.java:30)
           org.postgresql.jdbc3.Jdbc3Connection.<init>(Jdbc3Connection.java:24)
           org.postgresql.Driver.makeConnection(Driver.java:393)
           org.postgresql.Driver.connect(Driver.java:267)
           org.apache.tomcat.jdbc.pool.PooledConnection.connectUsingDriver(PooledConnection.java:267)
           org.apache.tomcat.jdbc.pool.PooledConnection.connect(PooledConnection.java:176)
           org.apache.tomcat.jdbc.pool.ConnectionPool.createConnection(ConnectionPool.java:653)
           org.apache.tomcat.jdbc.pool.ConnectionPool.borrowConnection(ConnectionPool.java:595)
           org.apache.tomcat.jdbc.pool.ConnectionPool.init(ConnectionPool.java:458)
           org.apache.tomcat.jdbc.pool.ConnectionPool.<init>(ConnectionPool.java:130)
           org.apache.tomcat.jdbc.pool.DataSourceProxy.createPool(DataSourceProxy.java:99)
           org.apache.tomcat.jdbc.pool.DataSourceProxy.getConnection(DataSourceProxy.java:110)
           com.itc.fc4.model.PoolConnection.getPoolConnection(PoolConnection.java:108)
           com.itc.fc4.model.admin.PeriodDAO.getCurrentPeriod(PeriodDAO.java:69)
           com.itc.fc4.control.security.AuthController.handleRequest(AuthController.java:154)
           org.springframework.web.servlet.mvc.SimpleControllerHandlerAdapter.handle(SimpleControllerHandlerAdapter.java:48)
           org.springframework.web.servlet.DispatcherServlet.doDispatch(DispatcherServlet.java:874)
           org.springframework.web.servlet.DispatcherServlet.doService(DispatcherServlet.java:808)
           org.springframework.web.servlet.FrameworkServlet.processRequest(FrameworkServlet.java:476)
           org.springframework.web.servlet.FrameworkServlet.doPost(FrameworkServlet.java:441)
           javax.servlet.http.HttpServlet.service(HttpServlet.java:643)
           javax.servlet.http.HttpServlet.service(HttpServlet.java:723)
           org.apache.catalina.core.ApplicationFilterChain.internalDoFilter(ApplicationFilterChain.java:290)
           org.apache.catalina.core.ApplicationFilterChain.doFilter(ApplicationFilterChain.java:206)
           com.itc.fc4.control.EncodingFilter.doFilter(EncodingFilter.java:60)
           org.apache.catalina.core.ApplicationFilterChain.internalDoFilter(ApplicationFilterChain.java:235)
           org.apache.catalina.core.ApplicationFilterChain.doFilter(ApplicationFilterChain.java:206)
           org.apache.catalina.core.StandardWrapperValve.invoke(StandardWrapperValve.java:233)
           org.apache.catalina.core.StandardContextValve.invoke(StandardContextValve.java:191)
           org.apache.catalina.core.StandardHostValve.invoke(StandardHostValve.java:127)
           org.apache.catalina.valves.ErrorReportValve.invoke(ErrorReportValve.java:103)
           org.apache.catalina.core.StandardEngineValve.invoke(StandardEngineValve.java:109)
           org.apache.catalina.connector.CoyoteAdapter.service(CoyoteAdapter.java:293)
           org.apache.coyote.http11.Http11AprProcessor.process(Http11AprProcessor.java:879)
           org.apache.coyote.http11.Http11AprProtocol$Http11ConnectionHandler.process(Http11AprProtocol.java:617)
           org.apache.tomcat.util.net.AprEndpoint$Worker.run(AprEndpoint.java:1760)
           java.lang.Thread.run(Thread.java:595)
171839221: Iniciando sesión con usuario [admin] y periodo [2012]
172408158: org.postgresql.core.v3.ConnectionFactoryImpl.openConnectionImpl(ConnectionFactoryImpl.java:138)
           org.postgresql.core.ConnectionFactory.openConnection(ConnectionFactory.java:66)
           org.postgresql.jdbc2.AbstractJdbc2Connection.<init>(AbstractJdbc2Connection.java:125)
           org.postgresql.jdbc3.AbstractJdbc3Connection.<init>(AbstractJdbc3Connection.java:30)
           org.postgresql.jdbc3.Jdbc3Connection.<init>(Jdbc3Connection.java:24)
           org.postgresql.Driver.makeConnection(Driver.java:393)
           org.postgresql.Driver.connect(Driver.java:267)
           org.apache.tomcat.jdbc.pool.PooledConnection.connectUsingDriver(PooledConnection.java:267)
           org.apache.tomcat.jdbc.pool.PooledConnection.connect(PooledConnection.java:176)
           org.apache.tomcat.jdbc.pool.ConnectionPool.createConnection(ConnectionPool.java:653)
           org.apache.tomcat.jdbc.pool.ConnectionPool.borrowConnection(ConnectionPool.java:595)
           org.apache.tomcat.jdbc.pool.ConnectionPool.init(ConnectionPool.java:458)
           org.apache.tomcat.jdbc.pool.ConnectionPool.<init>(ConnectionPool.java:130)
           org.apache.tomcat.jdbc.pool.DataSourceProxy.createPool(DataSourceProxy.java:99)
           org.apache.tomcat.jdbc.pool.DataSourceProxy.getConnection(DataSourceProxy.java:110)
           com.itc.fc4.model.PoolConnection.getPoolConnection(PoolConnection.java:108)
           com.itc.fc4.model.admin.PeriodDAO.getCurrentPeriod(PeriodDAO.java:69)
           com.itc.fc4.control.security.AuthController.handleRequest(AuthController.java:154)
           org.springframework.web.servlet.mvc.SimpleControllerHandlerAdapter.handle(SimpleControllerHandlerAdapter.java:48)
           org.springframework.web.servlet.DispatcherServlet.doDispatch(DispatcherServlet.java:874)
           org.springframework.web.servlet.DispatcherServlet.doService(DispatcherServlet.java:808)
           org.springframework.web.servlet.FrameworkServlet.processRequest(FrameworkServlet.java:476)
           org.springframework.web.servlet.FrameworkServlet.doPost(FrameworkServlet.java:441)
           javax.servlet.http.HttpServlet.service(HttpServlet.java:643)
           javax.servlet.http.HttpServlet.service(HttpServlet.java:723)
           org.apache.catalina.core.ApplicationFilterChain.internalDoFilter(ApplicationFilterChain.java:290)
           org.apache.catalina.core.ApplicationFilterChain.doFilter(ApplicationFilterChain.java:206)
           com.itc.fc4.control.EncodingFilter.doFilter(EncodingFilter.java:60)
           org.apache.catalina.core.ApplicationFilterChain.internalDoFilter(ApplicationFilterChain.java:235)
           org.apache.catalina.core.ApplicationFilterChain.doFilter(ApplicationFilterChain.java:206)
           org.apache.catalina.core.StandardWrapperValve.invoke(StandardWrapperValve.java:233)
           org.apache.catalina.core.StandardContextValve.invoke(StandardContextValve.java:191)
           org.apache.catalina.core.StandardHostValve.invoke(StandardHostValve.java:127)
           org.apache.catalina.valves.ErrorReportValve.invoke(ErrorReportValve.java:103)
           org.apache.catalina.core.StandardEngineValve.invoke(StandardEngineValve.java:109)
           org.apache.catalina.connector.CoyoteAdapter.service(CoyoteAdapter.java:293)
           org.apache.coyote.http11.Http11AprProcessor.process(Http11AprProcessor.java:879)
           org.apache.coyote.http11.Http11AprProtocol$Http11ConnectionHandler.process(Http11AprProtocol.java:617)
           org.apache.tomcat.util.net.AprEndpoint$Worker.run(AprEndpoint.java:1760)
           java.lang.Thread.run(Thread.java:595)
172510203: Iniciando sesión con usuario [admin] y periodo [2012]
172756108: org.postgresql.core.v3.ConnectionFactoryImpl.openConnectionImpl(ConnectionFactoryImpl.java:138)
           org.postgresql.core.ConnectionFactory.openConnection(ConnectionFactory.java:66)
           org.postgresql.jdbc2.AbstractJdbc2Connection.<init>(AbstractJdbc2Connection.java:125)
           org.postgresql.jdbc3.AbstractJdbc3Connection.<init>(AbstractJdbc3Connection.java:30)
           org.postgresql.jdbc3.Jdbc3Connection.<init>(Jdbc3Connection.java:24)
           org.postgresql.Driver.makeConnection(Driver.java:393)
           org.postgresql.Driver.connect(Driver.java:267)
           org.apache.tomcat.jdbc.pool.PooledConnection.connectUsingDriver(PooledConnection.java:267)
           org.apache.tomcat.jdbc.pool.PooledConnection.connect(PooledConnection.java:176)
           org.apache.tomcat.jdbc.pool.ConnectionPool.createConnection(ConnectionPool.java:653)
           org.apache.tomcat.jdbc.pool.ConnectionPool.borrowConnection(ConnectionPool.java:595)
           org.apache.tomcat.jdbc.pool.ConnectionPool.init(ConnectionPool.java:458)
           org.apache.tomcat.jdbc.pool.ConnectionPool.<init>(ConnectionPool.java:130)
           org.apache.tomcat.jdbc.pool.DataSourceProxy.createPool(DataSourceProxy.java:99)
           org.apache.tomcat.jdbc.pool.DataSourceProxy.getConnection(DataSourceProxy.java:110)
           com.itc.fc4.model.PoolConnection.getPoolConnection(PoolConnection.java:108)
           com.itc.fc4.model.admin.PeriodDAO.getCurrentPeriod(PeriodDAO.java:69)
           com.itc.fc4.control.security.AuthController.handleRequest(AuthController.java:154)
           org.springframework.web.servlet.mvc.SimpleControllerHandlerAdapter.handle(SimpleControllerHandlerAdapter.java:48)
           org.springframework.web.servlet.DispatcherServlet.doDispatch(DispatcherServlet.java:874)
           org.springframework.web.servlet.DispatcherServlet.doService(DispatcherServlet.java:808)
           org.springframework.web.servlet.FrameworkServlet.processRequest(FrameworkServlet.java:476)
           org.springframework.web.servlet.FrameworkServlet.doPost(FrameworkServlet.java:441)
           javax.servlet.http.HttpServlet.service(HttpServlet.java:643)
           javax.servlet.http.HttpServlet.service(HttpServlet.java:723)
           org.apache.catalina.core.ApplicationFilterChain.internalDoFilter(ApplicationFilterChain.java:290)
           org.apache.catalina.core.ApplicationFilterChain.doFilter(ApplicationFilterChain.java:206)
           com.itc.fc4.control.EncodingFilter.doFilter(EncodingFilter.java:60)
           org.apache.catalina.core.ApplicationFilterChain.internalDoFilter(ApplicationFilterChain.java:235)
           org.apache.catalina.core.ApplicationFilterChain.doFilter(ApplicationFilterChain.java:206)
           org.apache.catalina.core.StandardWrapperValve.invoke(StandardWrapperValve.java:233)
           org.apache.catalina.core.StandardContextValve.invoke(StandardContextValve.java:191)
           org.apache.catalina.core.StandardHostValve.invoke(StandardHostValve.java:127)
           org.apache.catalina.valves.ErrorReportValve.invoke(ErrorReportValve.java:103)
           org.apache.catalina.core.StandardEngineValve.invoke(StandardEngineValve.java:109)
           org.apache.catalina.connector.CoyoteAdapter.service(CoyoteAdapter.java:293)
           org.apache.coyote.http11.Http11AprProcessor.process(Http11AprProcessor.java:879)
           org.apache.coyote.http11.Http11AprProtocol$Http11ConnectionHandler.process(Http11AprProtocol.java:617)
           org.apache.tomcat.util.net.AprEndpoint$Worker.run(AprEndpoint.java:1760)
           java.lang.Thread.run(Thread.java:595)
172842115: Iniciando sesión con usuario [admin] y periodo [2012]
173750343: Iniciando sesión con usuario [admin] y periodo [2012]
174328086: org.postgresql.core.v3.ConnectionFactoryImpl.openConnectionImpl(ConnectionFactoryImpl.java:138)
           org.postgresql.core.ConnectionFactory.openConnection(ConnectionFactory.java:66)
           org.postgresql.jdbc2.AbstractJdbc2Connection.<init>(AbstractJdbc2Connection.java:125)
           org.postgresql.jdbc3.AbstractJdbc3Connection.<init>(AbstractJdbc3Connection.java:30)
           org.postgresql.jdbc3.Jdbc3Connection.<init>(Jdbc3Connection.java:24)
           org.postgresql.Driver.makeConnection(Driver.java:393)
           org.postgresql.Driver.connect(Driver.java:267)
           org.apache.tomcat.jdbc.pool.PooledConnection.connectUsingDriver(PooledConnection.java:267)
           org.apache.tomcat.jdbc.pool.PooledConnection.connect(PooledConnection.java:176)
           org.apache.tomcat.jdbc.pool.ConnectionPool.createConnection(ConnectionPool.java:653)
           org.apache.tomcat.jdbc.pool.ConnectionPool.borrowConnection(ConnectionPool.java:595)
           org.apache.tomcat.jdbc.pool.ConnectionPool.init(ConnectionPool.java:458)
           org.apache.tomcat.jdbc.pool.ConnectionPool.<init>(ConnectionPool.java:130)
           org.apache.tomcat.jdbc.pool.DataSourceProxy.createPool(DataSourceProxy.java:99)
           org.apache.tomcat.jdbc.pool.DataSourceProxy.getConnection(DataSourceProxy.java:110)
           com.itc.fc4.model.PoolConnection.getPoolConnection(PoolConnection.java:108)
           com.itc.fc4.model.admin.PeriodDAO.getCurrentPeriod(PeriodDAO.java:69)
           com.itc.fc4.control.security.AuthController.handleRequest(AuthController.java:154)
           org.springframework.web.servlet.mvc.SimpleControllerHandlerAdapter.handle(SimpleControllerHandlerAdapter.java:48)
           org.springframework.web.servlet.DispatcherServlet.doDispatch(DispatcherServlet.java:874)
           org.springframework.web.servlet.DispatcherServlet.doService(DispatcherServlet.java:808)
           org.springframework.web.servlet.FrameworkServlet.processRequest(FrameworkServlet.java:476)
           org.springframework.web.servlet.FrameworkServlet.doPost(FrameworkServlet.java:441)
           javax.servlet.http.HttpServlet.service(HttpServlet.java:643)
           javax.servlet.http.HttpServlet.service(HttpServlet.java:723)
           org.apache.catalina.core.ApplicationFilterChain.internalDoFilter(ApplicationFilterChain.java:290)
           org.apache.catalina.core.ApplicationFilterChain.doFilter(ApplicationFilterChain.java:206)
           com.itc.fc4.control.EncodingFilter.doFilter(EncodingFilter.java:60)
           org.apache.catalina.core.ApplicationFilterChain.internalDoFilter(ApplicationFilterChain.java:235)
           org.apache.catalina.core.ApplicationFilterChain.doFilter(ApplicationFilterChain.java:206)
           org.apache.catalina.core.StandardWrapperValve.invoke(StandardWrapperValve.java:233)
           org.apache.catalina.core.StandardContextValve.invoke(StandardContextValve.java:191)
           org.apache.catalina.core.StandardHostValve.invoke(StandardHostValve.java:127)
           org.apache.catalina.valves.ErrorReportValve.invoke(ErrorReportValve.java:103)
           org.apache.catalina.core.StandardEngineValve.invoke(StandardEngineValve.java:109)
           org.apache.catalina.connector.CoyoteAdapter.service(CoyoteAdapter.java:293)
           org.apache.coyote.http11.Http11AprProcessor.process(Http11AprProcessor.java:879)
           org.apache.coyote.http11.Http11AprProtocol$Http11ConnectionHandler.process(Http11AprProtocol.java:617)
           org.apache.tomcat.util.net.AprEndpoint$Worker.run(AprEndpoint.java:1760)
           java.lang.Thread.run(Thread.java:595)
174729182: Iniciando sesión con usuario [admin] y periodo [2012]
174954916: org.postgresql.core.v3.ConnectionFactoryImpl.openConnectionImpl(ConnectionFactoryImpl.java:138)
           org.postgresql.core.ConnectionFactory.openConnection(ConnectionFactory.java:66)
           org.postgresql.jdbc2.AbstractJdbc2Connection.<init>(AbstractJdbc2Connection.java:125)
           org.postgresql.jdbc3.AbstractJdbc3Connection.<init>(AbstractJdbc3Connection.java:30)
           org.postgresql.jdbc3.Jdbc3Connection.<init>(Jdbc3Connection.java:24)
           org.postgresql.Driver.makeConnection(Driver.java:393)
           org.postgresql.Driver.connect(Driver.java:267)
           org.apache.tomcat.jdbc.pool.PooledConnection.connectUsingDriver(PooledConnection.java:267)
           org.apache.tomcat.jdbc.pool.PooledConnection.connect(PooledConnection.java:176)
           org.apache.tomcat.jdbc.pool.ConnectionPool.createConnection(ConnectionPool.java:653)
           org.apache.tomcat.jdbc.pool.ConnectionPool.borrowConnection(ConnectionPool.java:595)
           org.apache.tomcat.jdbc.pool.ConnectionPool.init(ConnectionPool.java:458)
           org.apache.tomcat.jdbc.pool.ConnectionPool.<init>(ConnectionPool.java:130)
           org.apache.tomcat.jdbc.pool.DataSourceProxy.createPool(DataSourceProxy.java:99)
           org.apache.tomcat.jdbc.pool.DataSourceProxy.getConnection(DataSourceProxy.java:110)
           com.itc.fc4.model.PoolConnection.getPoolConnection(PoolConnection.java:108)
           com.itc.fc4.model.admin.PeriodDAO.getCurrentPeriod(PeriodDAO.java:69)
           com.itc.fc4.control.security.AuthController.handleRequest(AuthController.java:154)
           org.springframework.web.servlet.mvc.SimpleControllerHandlerAdapter.handle(SimpleControllerHandlerAdapter.java:48)
           org.springframework.web.servlet.DispatcherServlet.doDispatch(DispatcherServlet.java:874)
           org.springframework.web.servlet.DispatcherServlet.doService(DispatcherServlet.java:808)
           org.springframework.web.servlet.FrameworkServlet.processRequest(FrameworkServlet.java:476)
           org.springframework.web.servlet.FrameworkServlet.doPost(FrameworkServlet.java:441)
           javax.servlet.http.HttpServlet.service(HttpServlet.java:643)
           javax.servlet.http.HttpServlet.service(HttpServlet.java:723)
           org.apache.catalina.core.ApplicationFilterChain.internalDoFilter(ApplicationFilterChain.java:290)
           org.apache.catalina.core.ApplicationFilterChain.doFilter(ApplicationFilterChain.java:206)
           com.itc.fc4.control.EncodingFilter.doFilter(EncodingFilter.java:60)
           org.apache.catalina.core.ApplicationFilterChain.internalDoFilter(ApplicationFilterChain.java:235)
           org.apache.catalina.core.ApplicationFilterChain.doFilter(ApplicationFilterChain.java:206)
           org.apache.catalina.core.StandardWrapperValve.invoke(StandardWrapperValve.java:233)
           org.apache.catalina.core.StandardContextValve.invoke(StandardContextValve.java:191)
           org.apache.catalina.core.StandardHostValve.invoke(StandardHostValve.java:127)
           org.apache.catalina.valves.ErrorReportValve.invoke(ErrorReportValve.java:103)
           org.apache.catalina.core.StandardEngineValve.invoke(StandardEngineValve.java:109)
           org.apache.catalina.connector.CoyoteAdapter.service(CoyoteAdapter.java:293)
           org.apache.coyote.http11.Http11AprProcessor.process(Http11AprProcessor.java:879)
           org.apache.coyote.http11.Http11AprProtocol$Http11ConnectionHandler.process(Http11AprProtocol.java:617)
           org.apache.tomcat.util.net.AprEndpoint$Worker.run(AprEndpoint.java:1760)
           java.lang.Thread.run(Thread.java:595)
175028993: Iniciando sesión con usuario [admin] y periodo [2012]
175257955: Iniciando sesión con usuario [admin] y periodo [2012]
180224396: Iniciando sesión con usuario [admin] y periodo [2012]
181943163: Iniciando sesión con usuario [admin] y periodo [2012]
182204787: Iniciando sesión con usuario [admin] y periodo [2012]
182247514: Iniciando sesión con usuario [admin] y periodo [2012]
182416626: Iniciando sesión con usuario [admin] y periodo [2012]
183052627: Iniciando sesión con usuario [admin] y periodo [2012]
183318016: Iniciando sesión con usuario [admin] y periodo [2012]
184557729: Iniciando sesión con usuario [admin] y periodo [2012]
184807707: Iniciando sesión con usuario [admin] y periodo [2012]
184952103: Iniciando sesión con usuario [admin] y periodo [2012]
185147705: Iniciando sesión con usuario [admin] y periodo [2012]
185307809: Iniciando sesión con usuario [admin] y periodo [2012]
185410822: Iniciando sesión con usuario [admin] y periodo [2012]
185616522: org.apache.commons.io.FileUtils.openInputStream(FileUtils.java:254)
           org.apache.commons.io.FileUtils.readFileToString(FileUtils.java:1641)
           org.apache.commons.io.FileUtils.readFileToString(FileUtils.java:1659)
           com.itc.fc4.notification.mail.SimpleMail.loadTemplate(SimpleMail.java:180)
           com.itc.fc4.control.security.AuthController.handleRequest(AuthController.java:187)
           org.springframework.web.servlet.mvc.SimpleControllerHandlerAdapter.handle(SimpleControllerHandlerAdapter.java:48)
           org.springframework.web.servlet.DispatcherServlet.doDispatch(DispatcherServlet.java:874)
           org.springframework.web.servlet.DispatcherServlet.doService(DispatcherServlet.java:808)
           org.springframework.web.servlet.FrameworkServlet.processRequest(FrameworkServlet.java:476)
           org.springframework.web.servlet.FrameworkServlet.doPost(FrameworkServlet.java:441)
           javax.servlet.http.HttpServlet.service(HttpServlet.java:643)
           javax.servlet.http.HttpServlet.service(HttpServlet.java:723)
           org.apache.catalina.core.ApplicationFilterChain.internalDoFilter(ApplicationFilterChain.java:290)
           org.apache.catalina.core.ApplicationFilterChain.doFilter(ApplicationFilterChain.java:206)
           com.itc.fc4.control.EncodingFilter.doFilter(EncodingFilter.java:60)
           org.apache.catalina.core.ApplicationFilterChain.internalDoFilter(ApplicationFilterChain.java:235)
           org.apache.catalina.core.ApplicationFilterChain.doFilter(ApplicationFilterChain.java:206)
           org.apache.catalina.core.StandardWrapperValve.invoke(StandardWrapperValve.java:233)
           org.apache.catalina.core.StandardContextValve.invoke(StandardContextValve.java:191)
           org.apache.catalina.core.StandardHostValve.invoke(StandardHostValve.java:127)
           org.apache.catalina.valves.ErrorReportValve.invoke(ErrorReportValve.java:103)
           org.apache.catalina.core.StandardEngineValve.invoke(StandardEngineValve.java:109)
           org.apache.catalina.connector.CoyoteAdapter.service(CoyoteAdapter.java:293)
           org.apache.coyote.http11.Http11AprProcessor.process(Http11AprProcessor.java:879)
           org.apache.coyote.http11.Http11AprProtocol$Http11ConnectionHandler.process(Http11AprProtocol.java:617)
           org.apache.tomcat.util.net.AprEndpoint$Worker.run(AprEndpoint.java:1760)
           java.lang.Thread.run(Thread.java:595)
190328883: Intento de inicio de sesión usuario INACTIVO [admin]
190625046: Iniciando sesión con usuario [admin] y periodo [2012]
190834841: Iniciando sesión con usuario [admin] y periodo [2012]
191230019: Iniciando sesión con usuario [admin] y periodo [2012]
191328056: Iniciando sesión con usuario [admin] y periodo [2012]
191405210: Iniciando sesión con usuario [admin] y periodo [2012]
191431344: Iniciando sesión con usuario [admin] y periodo [2012]
191523727: org.apache.commons.io.FileUtils.openInputStream(FileUtils.java:254)
           org.apache.commons.io.FileUtils.readFileToString(FileUtils.java:1641)
           org.apache.commons.io.FileUtils.readFileToString(FileUtils.java:1659)
           com.itc.fc4.notification.mail.SimpleMail.loadTemplate(SimpleMail.java:180)
           com.itc.fc4.control.security.AuthController.handleRequest(AuthController.java:187)
           org.springframework.web.servlet.mvc.SimpleControllerHandlerAdapter.handle(SimpleControllerHandlerAdapter.java:48)
           org.springframework.web.servlet.DispatcherServlet.doDispatch(DispatcherServlet.java:874)
           org.springframework.web.servlet.DispatcherServlet.doService(DispatcherServlet.java:808)
           org.springframework.web.servlet.FrameworkServlet.processRequest(FrameworkServlet.java:476)
           org.springframework.web.servlet.FrameworkServlet.doPost(FrameworkServlet.java:441)
           javax.servlet.http.HttpServlet.service(HttpServlet.java:643)
           javax.servlet.http.HttpServlet.service(HttpServlet.java:723)
           org.apache.catalina.core.ApplicationFilterChain.internalDoFilter(ApplicationFilterChain.java:290)
           org.apache.catalina.core.ApplicationFilterChain.doFilter(ApplicationFilterChain.java:206)
           com.itc.fc4.control.EncodingFilter.doFilter(EncodingFilter.java:60)
           org.apache.catalina.core.ApplicationFilterChain.internalDoFilter(ApplicationFilterChain.java:235)
           org.apache.catalina.core.ApplicationFilterChain.doFilter(ApplicationFilterChain.java:206)
           org.apache.catalina.core.StandardWrapperValve.invoke(StandardWrapperValve.java:233)
           org.apache.catalina.core.StandardContextValve.invoke(StandardContextValve.java:191)
           org.apache.catalina.core.StandardHostValve.invoke(StandardHostValve.java:127)
           org.apache.catalina.valves.ErrorReportValve.invoke(ErrorReportValve.java:103)
           org.apache.catalina.core.StandardEngineValve.invoke(StandardEngineValve.java:109)
           org.apache.catalina.connector.CoyoteAdapter.service(CoyoteAdapter.java:293)
           org.apache.coyote.http11.Http11AprProcessor.process(Http11AprProcessor.java:879)
           org.apache.coyote.http11.Http11AprProtocol$Http11ConnectionHandler.process(Http11AprProtocol.java:617)
           org.apache.tomcat.util.net.AprEndpoint$Worker.run(AprEndpoint.java:1760)
           java.lang.Thread.run(Thread.java:595)
191537427: Intento de inicio de sesión usuario INACTIVO [admin]
191549548: Iniciando sesión con usuario [admin] y periodo [2012]
191646678: org.apache.commons.io.FileUtils.openInputStream(FileUtils.java:254)
           org.apache.commons.io.FileUtils.readFileToString(FileUtils.java:1641)
           org.apache.commons.io.FileUtils.readFileToString(FileUtils.java:1659)
           com.itc.fc4.notification.mail.SimpleMail.loadTemplate(SimpleMail.java:180)
           com.itc.fc4.control.security.AuthController.handleRequest(AuthController.java:187)
           org.springframework.web.servlet.mvc.SimpleControllerHandlerAdapter.handle(SimpleControllerHandlerAdapter.java:48)
           org.springframework.web.servlet.DispatcherServlet.doDispatch(DispatcherServlet.java:874)
           org.springframework.web.servlet.DispatcherServlet.doService(DispatcherServlet.java:808)
           org.springframework.web.servlet.FrameworkServlet.processRequest(FrameworkServlet.java:476)
           org.springframework.web.servlet.FrameworkServlet.doPost(FrameworkServlet.java:441)
           javax.servlet.http.HttpServlet.service(HttpServlet.java:643)
           javax.servlet.http.HttpServlet.service(HttpServlet.java:723)
           org.apache.catalina.core.ApplicationFilterChain.internalDoFilter(ApplicationFilterChain.java:290)
           org.apache.catalina.core.ApplicationFilterChain.doFilter(ApplicationFilterChain.java:206)
           com.itc.fc4.control.EncodingFilter.doFilter(EncodingFilter.java:60)
           org.apache.catalina.core.ApplicationFilterChain.internalDoFilter(ApplicationFilterChain.java:235)
           org.apache.catalina.core.ApplicationFilterChain.doFilter(ApplicationFilterChain.java:206)
           org.apache.catalina.core.StandardWrapperValve.invoke(StandardWrapperValve.java:233)
           org.apache.catalina.core.StandardContextValve.invoke(StandardContextValve.java:191)
           org.apache.catalina.core.StandardHostValve.invoke(StandardHostValve.java:127)
           org.apache.catalina.valves.ErrorReportValve.invoke(ErrorReportValve.java:103)
           org.apache.catalina.core.StandardEngineValve.invoke(StandardEngineValve.java:109)
           org.apache.catalina.connector.CoyoteAdapter.service(CoyoteAdapter.java:293)
           org.apache.coyote.http11.Http11AprProcessor.process(Http11AprProcessor.java:879)
           org.apache.coyote.http11.Http11AprProtocol$Http11ConnectionHandler.process(Http11AprProtocol.java:617)
           org.apache.tomcat.util.net.AprEndpoint$Worker.run(AprEndpoint.java:1760)
           java.lang.Thread.run(Thread.java:595)
191703709: Iniciando sesión con usuario [admin] y periodo [2012]
191737638: Iniciando sesión con usuario [admin] y periodo [2012]
191827488: Iniciando sesión con usuario [admin] y periodo [2012]
191841364: Iniciando sesión con usuario [admin] y periodo [2012]
191918620: Iniciando sesión con usuario [admin] y periodo [2012]
191934828: Iniciando sesión con usuario [admin] y periodo [2012]
192146010: Iniciando sesión con usuario [admin] y periodo [2012]
192242211: Iniciando sesión con usuario [admin] y periodo [2012]
192318261: Iniciando sesión con usuario [admin] y periodo [2012]
192442518: Iniciando sesión con usuario [admin] y periodo [2012]
192517863: Iniciando sesión con usuario [admin] y periodo [2012]
192659850: org.apache.commons.io.FileUtils.openInputStream(FileUtils.java:254)
           org.apache.commons.io.FileUtils.readFileToString(FileUtils.java:1641)
           org.apache.commons.io.FileUtils.readFileToString(FileUtils.java:1659)
           com.itc.fc4.notification.mail.SimpleMail.loadTemplate(SimpleMail.java:180)
           com.itc.fc4.control.security.AuthController.handleRequest(AuthController.java:187)
           org.springframework.web.servlet.mvc.SimpleControllerHandlerAdapter.handle(SimpleControllerHandlerAdapter.java:48)
           org.springframework.web.servlet.DispatcherServlet.doDispatch(DispatcherServlet.java:874)
           org.springframework.web.servlet.DispatcherServlet.doService(DispatcherServlet.java:808)
           org.springframework.web.servlet.FrameworkServlet.processRequest(FrameworkServlet.java:476)
           org.springframework.web.servlet.FrameworkServlet.doPost(FrameworkServlet.java:441)
           javax.servlet.http.HttpServlet.service(HttpServlet.java:643)
           javax.servlet.http.HttpServlet.service(HttpServlet.java:723)
           org.apache.catalina.core.ApplicationFilterChain.internalDoFilter(ApplicationFilterChain.java:290)
           org.apache.catalina.core.ApplicationFilterChain.doFilter(ApplicationFilterChain.java:206)
           com.itc.fc4.control.EncodingFilter.doFilter(EncodingFilter.java:60)
           org.apache.catalina.core.ApplicationFilterChain.internalDoFilter(ApplicationFilterChain.java:235)
           org.apache.catalina.core.ApplicationFilterChain.doFilter(ApplicationFilterChain.java:206)
           org.apache.catalina.core.StandardWrapperValve.invoke(StandardWrapperValve.java:233)
           org.apache.catalina.core.StandardContextValve.invoke(StandardContextValve.java:191)
           org.apache.catalina.core.StandardHostValve.invoke(StandardHostValve.java:127)
           org.apache.catalina.valves.ErrorReportValve.invoke(ErrorReportValve.java:103)
           org.apache.catalina.core.StandardEngineValve.invoke(StandardEngineValve.java:109)
           org.apache.catalina.connector.CoyoteAdapter.service(CoyoteAdapter.java:293)
           org.apache.coyote.http11.Http11AprProcessor.process(Http11AprProcessor.java:879)
           org.apache.coyote.http11.Http11AprProtocol$Http11ConnectionHandler.process(Http11AprProtocol.java:617)
           org.apache.tomcat.util.net.AprEndpoint$Worker.run(AprEndpoint.java:1760)
           java.lang.Thread.run(Thread.java:595)
192826199: Intento de inicio de sesión usuario INACTIVO [admin]
192839340: Iniciando sesión con usuario [admin] y periodo [2012]
192938861: org.apache.commons.io.FileUtils.openInputStream(FileUtils.java:254)
           org.apache.commons.io.FileUtils.readFileToString(FileUtils.java:1641)
           org.apache.commons.io.FileUtils.readFileToString(FileUtils.java:1659)
           com.itc.fc4.notification.mail.SimpleMail.loadTemplate(SimpleMail.java:180)
           com.itc.fc4.control.security.AuthController.handleRequest(AuthController.java:187)
           org.springframework.web.servlet.mvc.SimpleControllerHandlerAdapter.handle(SimpleControllerHandlerAdapter.java:48)
           org.springframework.web.servlet.DispatcherServlet.doDispatch(DispatcherServlet.java:874)
           org.springframework.web.servlet.DispatcherServlet.doService(DispatcherServlet.java:808)
           org.springframework.web.servlet.FrameworkServlet.processRequest(FrameworkServlet.java:476)
           org.springframework.web.servlet.FrameworkServlet.doPost(FrameworkServlet.java:441)
           javax.servlet.http.HttpServlet.service(HttpServlet.java:643)
           javax.servlet.http.HttpServlet.service(HttpServlet.java:723)
           org.apache.catalina.core.ApplicationFilterChain.internalDoFilter(ApplicationFilterChain.java:290)
           org.apache.catalina.core.ApplicationFilterChain.doFilter(ApplicationFilterChain.java:206)
           com.itc.fc4.control.EncodingFilter.doFilter(EncodingFilter.java:60)
           org.apache.catalina.core.ApplicationFilterChain.internalDoFilter(ApplicationFilterChain.java:235)
           org.apache.catalina.core.ApplicationFilterChain.doFilter(ApplicationFilterChain.java:206)
           org.apache.catalina.core.StandardWrapperValve.invoke(StandardWrapperValve.java:233)
           org.apache.catalina.core.StandardContextValve.invoke(StandardContextValve.java:191)
           org.apache.catalina.core.StandardHostValve.invoke(StandardHostValve.java:127)
           org.apache.catalina.valves.ErrorReportValve.invoke(ErrorReportValve.java:103)
           org.apache.catalina.core.StandardEngineValve.invoke(StandardEngineValve.java:109)
           org.apache.catalina.connector.CoyoteAdapter.service(CoyoteAdapter.java:293)
           org.apache.coyote.http11.Http11AprProcessor.process(Http11AprProcessor.java:879)
           org.apache.coyote.http11.Http11AprProtocol$Http11ConnectionHandler.process(Http11AprProtocol.java:617)
           org.apache.tomcat.util.net.AprEndpoint$Worker.run(AprEndpoint.java:1760)
           java.lang.Thread.run(Thread.java:595)
192950871: Intento de inicio de sesión usuario INACTIVO [admin]
193001876: Iniciando sesión con usuario [admin] y periodo [2012]
193125225: Iniciando sesión con usuario [admin] y periodo [2012]
193400278: Iniciando sesión con usuario [admin] y periodo [2012]
193955139: Iniciando sesión con usuario [admin] y periodo [2012]
194056671: Iniciando sesión con usuario [admin] y periodo [2012]
194208801: Iniciando sesión con usuario [admin] y periodo [2012]
194340361: Iniciando sesión con usuario [admin] y periodo [2012]
194441350: Iniciando sesión con usuario [admin] y periodo [2012]
194512116: Iniciando sesión con usuario [admin] y periodo [2012]
194545813: Iniciando sesión con usuario [admin] y periodo [2012]
194719272: Iniciando sesión con usuario [admin] y periodo [2012]
195636745: Iniciando sesión con usuario [admin] y periodo [2012]
200103727: Iniciando sesión con usuario [admin] y periodo [2012]
200429447: Iniciando sesión con usuario [admin] y periodo [2012]
200519668: Iniciando sesión con usuario [admin] y periodo [2012]
200727339: Iniciando sesión con usuario [admin] y periodo [2012]
200853359: Iniciando sesión con usuario [admin] y periodo [2012]
201028558: org.apache.commons.io.FileUtils.openInputStream(FileUtils.java:254)
           org.apache.commons.io.FileUtils.readFileToString(FileUtils.java:1641)
           org.apache.commons.io.FileUtils.readFileToString(FileUtils.java:1659)
           com.itc.fc4.notification.mail.SimpleMail.loadTemplate(SimpleMail.java:180)
           com.itc.fc4.control.security.AuthController.handleRequest(AuthController.java:187)
           org.springframework.web.servlet.mvc.SimpleControllerHandlerAdapter.handle(SimpleControllerHandlerAdapter.java:48)
           org.springframework.web.servlet.DispatcherServlet.doDispatch(DispatcherServlet.java:874)
           org.springframework.web.servlet.DispatcherServlet.doService(DispatcherServlet.java:808)
           org.springframework.web.servlet.FrameworkServlet.processRequest(FrameworkServlet.java:476)
           org.springframework.web.servlet.FrameworkServlet.doPost(FrameworkServlet.java:441)
           javax.servlet.http.HttpServlet.service(HttpServlet.java:643)
           javax.servlet.http.HttpServlet.service(HttpServlet.java:723)
           org.apache.catalina.core.ApplicationFilterChain.internalDoFilter(ApplicationFilterChain.java:290)
           org.apache.catalina.core.ApplicationFilterChain.doFilter(ApplicationFilterChain.java:206)
           com.itc.fc4.control.EncodingFilter.doFilter(EncodingFilter.java:60)
           org.apache.catalina.core.ApplicationFilterChain.internalDoFilter(ApplicationFilterChain.java:235)
           org.apache.catalina.core.ApplicationFilterChain.doFilter(ApplicationFilterChain.java:206)
           org.apache.catalina.core.StandardWrapperValve.invoke(StandardWrapperValve.java:233)
           org.apache.catalina.core.StandardContextValve.invoke(StandardContextValve.java:191)
           org.apache.catalina.core.StandardHostValve.invoke(StandardHostValve.java:127)
           org.apache.catalina.valves.ErrorReportValve.invoke(ErrorReportValve.java:103)
           org.apache.catalina.core.StandardEngineValve.invoke(StandardEngineValve.java:109)
           org.apache.catalina.connector.CoyoteAdapter.service(CoyoteAdapter.java:293)
           org.apache.coyote.http11.Http11AprProcessor.process(Http11AprProcessor.java:879)
           org.apache.coyote.http11.Http11AprProtocol$Http11ConnectionHandler.process(Http11AprProtocol.java:617)
           org.apache.tomcat.util.net.AprEndpoint$Worker.run(AprEndpoint.java:1760)
           java.lang.Thread.run(Thread.java:595)
201046870: Intento de inicio de sesión usuario INACTIVO [admin]
201117199: Iniciando sesión con usuario [admin] y periodo [2012]
201310230: Iniciando sesión con usuario [admin] y periodo [2012]
201413502: Iniciando sesión con usuario [admin] y periodo [2012]
201443739: org.apache.commons.io.FileUtils.openInputStream(FileUtils.java:254)
           org.apache.commons.io.FileUtils.readFileToString(FileUtils.java:1641)
           org.apache.commons.io.FileUtils.readFileToString(FileUtils.java:1659)
           com.itc.fc4.notification.mail.SimpleMail.loadTemplate(SimpleMail.java:180)
           com.itc.fc4.control.security.AuthController.handleRequest(AuthController.java:187)
           org.springframework.web.servlet.mvc.SimpleControllerHandlerAdapter.handle(SimpleControllerHandlerAdapter.java:48)
           org.springframework.web.servlet.DispatcherServlet.doDispatch(DispatcherServlet.java:874)
           org.springframework.web.servlet.DispatcherServlet.doService(DispatcherServlet.java:808)
           org.springframework.web.servlet.FrameworkServlet.processRequest(FrameworkServlet.java:476)
           org.springframework.web.servlet.FrameworkServlet.doPost(FrameworkServlet.java:441)
           javax.servlet.http.HttpServlet.service(HttpServlet.java:643)
           javax.servlet.http.HttpServlet.service(HttpServlet.java:723)
           org.apache.catalina.core.ApplicationFilterChain.internalDoFilter(ApplicationFilterChain.java:290)
           org.apache.catalina.core.ApplicationFilterChain.doFilter(ApplicationFilterChain.java:206)
           com.itc.fc4.control.EncodingFilter.doFilter(EncodingFilter.java:60)
           org.apache.catalina.core.ApplicationFilterChain.internalDoFilter(ApplicationFilterChain.java:235)
           org.apache.catalina.core.ApplicationFilterChain.doFilter(ApplicationFilterChain.java:206)
           org.apache.catalina.core.StandardWrapperValve.invoke(StandardWrapperValve.java:233)
           org.apache.catalina.core.StandardContextValve.invoke(StandardContextValve.java:191)
           org.apache.catalina.core.StandardHostValve.invoke(StandardHostValve.java:127)
           org.apache.catalina.valves.ErrorReportValve.invoke(ErrorReportValve.java:103)
           org.apache.catalina.core.StandardEngineValve.invoke(StandardEngineValve.java:109)
           org.apache.catalina.connector.CoyoteAdapter.service(CoyoteAdapter.java:293)
           org.apache.coyote.http11.Http11AprProcessor.process(Http11AprProcessor.java:879)
           org.apache.coyote.http11.Http11AprProtocol$Http11ConnectionHandler.process(Http11AprProtocol.java:617)
           org.apache.tomcat.util.net.AprEndpoint$Worker.run(AprEndpoint.java:1760)
           java.lang.Thread.run(Thread.java:595)
201502557: Intento de inicio de sesión usuario INACTIVO [admin]
201520879: Iniciando sesión con usuario [admin] y periodo [2012]
201757572: org.apache.commons.io.FileUtils.openInputStream(FileUtils.java:254)
           org.apache.commons.io.FileUtils.readFileToString(FileUtils.java:1641)
           org.apache.commons.io.FileUtils.readFileToString(FileUtils.java:1659)
           com.itc.fc4.notification.mail.SimpleMail.loadTemplate(SimpleMail.java:180)
           com.itc.fc4.control.security.AuthController.handleRequest(AuthController.java:187)
           org.springframework.web.servlet.mvc.SimpleControllerHandlerAdapter.handle(SimpleControllerHandlerAdapter.java:48)
           org.springframework.web.servlet.DispatcherServlet.doDispatch(DispatcherServlet.java:874)
           org.springframework.web.servlet.DispatcherServlet.doService(DispatcherServlet.java:808)
           org.springframework.web.servlet.FrameworkServlet.processRequest(FrameworkServlet.java:476)
           org.springframework.web.servlet.FrameworkServlet.doPost(FrameworkServlet.java:441)
           javax.servlet.http.HttpServlet.service(HttpServlet.java:643)
           javax.servlet.http.HttpServlet.service(HttpServlet.java:723)
           org.apache.catalina.core.ApplicationFilterChain.internalDoFilter(ApplicationFilterChain.java:290)
           org.apache.catalina.core.ApplicationFilterChain.doFilter(ApplicationFilterChain.java:206)
           com.itc.fc4.control.EncodingFilter.doFilter(EncodingFilter.java:60)
           org.apache.catalina.core.ApplicationFilterChain.internalDoFilter(ApplicationFilterChain.java:235)
           org.apache.catalina.core.ApplicationFilterChain.doFilter(ApplicationFilterChain.java:206)
           org.apache.catalina.core.StandardWrapperValve.invoke(StandardWrapperValve.java:233)
           org.apache.catalina.core.StandardContextValve.invoke(StandardContextValve.java:191)
           org.apache.catalina.core.StandardHostValve.invoke(StandardHostValve.java:127)
           org.apache.catalina.valves.ErrorReportValve.invoke(ErrorReportValve.java:103)
           org.apache.catalina.core.StandardEngineValve.invoke(StandardEngineValve.java:109)
           org.apache.catalina.connector.CoyoteAdapter.service(CoyoteAdapter.java:293)
           org.apache.coyote.http11.Http11AprProcessor.process(Http11AprProcessor.java:879)
           org.apache.coyote.http11.Http11AprProtocol$Http11ConnectionHandler.process(Http11AprProtocol.java:617)
           org.apache.tomcat.util.net.AprEndpoint$Worker.run(AprEndpoint.java:1760)
           java.lang.Thread.run(Thread.java:595)
201817999: Intento de inicio de sesión usuario INACTIVO [admin]
201830855: Iniciando sesión con usuario [admin] y periodo [2012]
202533416: Iniciando sesión con usuario [admin] y periodo [2012]
202624124: Iniciando sesión con usuario [admin] y periodo [2012]
202751459: Iniciando sesión con usuario [admin] y periodo [2012]
203412313: Iniciando sesión con usuario [admin] y periodo [2012]
203540782: Iniciando sesión con usuario [admin] y periodo [2012]
203634148: Iniciando sesión con usuario [admin] y periodo [2012]
204002589: Iniciando sesión con usuario [admin] y periodo [2012]
204211147: Iniciando sesión con usuario [admin] y periodo [2012]
204748861: Iniciando sesión con usuario [admin] y periodo [2012]
204852339: Iniciando sesión con usuario [admin] y periodo [2012]
205022502: Iniciando sesión con usuario [admin] y periodo [2012]
205107939: Iniciando sesión con usuario [admin] y periodo [2012]
205743414: org.apache.commons.io.FileUtils.openInputStream(FileUtils.java:254)
           org.apache.commons.io.FileUtils.readFileToString(FileUtils.java:1641)
           org.apache.commons.io.FileUtils.readFileToString(FileUtils.java:1659)
           com.itc.fc4.notification.mail.SimpleMail.loadTemplate(SimpleMail.java:180)
           com.itc.fc4.control.security.AuthController.handleRequest(AuthController.java:187)
           org.springframework.web.servlet.mvc.SimpleControllerHandlerAdapter.handle(SimpleControllerHandlerAdapter.java:48)
           org.springframework.web.servlet.DispatcherServlet.doDispatch(DispatcherServlet.java:874)
           org.springframework.web.servlet.DispatcherServlet.doService(DispatcherServlet.java:808)
           org.springframework.web.servlet.FrameworkServlet.processRequest(FrameworkServlet.java:476)
           org.springframework.web.servlet.FrameworkServlet.doPost(FrameworkServlet.java:441)
           javax.servlet.http.HttpServlet.service(HttpServlet.java:643)
           javax.servlet.http.HttpServlet.service(HttpServlet.java:723)
           org.apache.catalina.core.ApplicationFilterChain.internalDoFilter(ApplicationFilterChain.java:290)
           org.apache.catalina.core.ApplicationFilterChain.doFilter(ApplicationFilterChain.java:206)
           com.itc.fc4.control.EncodingFilter.doFilter(EncodingFilter.java:60)
           org.apache.catalina.core.ApplicationFilterChain.internalDoFilter(ApplicationFilterChain.java:235)
           org.apache.catalina.core.ApplicationFilterChain.doFilter(ApplicationFilterChain.java:206)
           org.apache.catalina.core.StandardWrapperValve.invoke(StandardWrapperValve.java:233)
           org.apache.catalina.core.StandardContextValve.invoke(StandardContextValve.java:191)
           org.apache.catalina.core.StandardHostValve.invoke(StandardHostValve.java:127)
           org.apache.catalina.valves.ErrorReportValve.invoke(ErrorReportValve.java:103)
           org.apache.catalina.core.StandardEngineValve.invoke(StandardEngineValve.java:109)
           org.apache.catalina.connector.CoyoteAdapter.service(CoyoteAdapter.java:293)
           org.apache.coyote.http11.Http11AprProcessor.process(Http11AprProcessor.java:879)
           org.apache.coyote.http11.Http11AprProtocol$Http11ConnectionHandler.process(Http11AprProtocol.java:617)
           org.apache.tomcat.util.net.AprEndpoint$Worker.run(AprEndpoint.java:1760)
           java.lang.Thread.run(Thread.java:595)
205809269: Intento de inicio de sesión usuario INACTIVO [admin]
205812967: Intento de inicio de sesión usuario INACTIVO [admin]
205823534: org.apache.commons.io.FileUtils.openInputStream(FileUtils.java:254)
           org.apache.commons.io.FileUtils.readFileToString(FileUtils.java:1641)
           org.apache.commons.io.FileUtils.readFileToString(FileUtils.java:1659)
           com.itc.fc4.notification.mail.SimpleMail.loadTemplate(SimpleMail.java:180)
           com.itc.fc4.control.security.AuthController.handleRequest(AuthController.java:187)
           org.springframework.web.servlet.mvc.SimpleControllerHandlerAdapter.handle(SimpleControllerHandlerAdapter.java:48)
           org.springframework.web.servlet.DispatcherServlet.doDispatch(DispatcherServlet.java:874)
           org.springframework.web.servlet.DispatcherServlet.doService(DispatcherServlet.java:808)
           org.springframework.web.servlet.FrameworkServlet.processRequest(FrameworkServlet.java:476)
           org.springframework.web.servlet.FrameworkServlet.doPost(FrameworkServlet.java:441)
           javax.servlet.http.HttpServlet.service(HttpServlet.java:643)
           javax.servlet.http.HttpServlet.service(HttpServlet.java:723)
           org.apache.catalina.core.ApplicationFilterChain.internalDoFilter(ApplicationFilterChain.java:290)
           org.apache.catalina.core.ApplicationFilterChain.doFilter(ApplicationFilterChain.java:206)
           com.itc.fc4.control.EncodingFilter.doFilter(EncodingFilter.java:60)
           org.apache.catalina.core.ApplicationFilterChain.internalDoFilter(ApplicationFilterChain.java:235)
           org.apache.catalina.core.ApplicationFilterChain.doFilter(ApplicationFilterChain.java:206)
           org.apache.catalina.core.StandardWrapperValve.invoke(StandardWrapperValve.java:233)
           org.apache.catalina.core.StandardContextValve.invoke(StandardContextValve.java:191)
           org.apache.catalina.core.StandardHostValve.invoke(StandardHostValve.java:127)
           org.apache.catalina.valves.ErrorReportValve.invoke(ErrorReportValve.java:103)
           org.apache.catalina.core.StandardEngineValve.invoke(StandardEngineValve.java:109)
           org.apache.catalina.connector.CoyoteAdapter.service(CoyoteAdapter.java:293)
           org.apache.coyote.http11.Http11AprProcessor.process(Http11AprProcessor.java:879)
           org.apache.coyote.http11.Http11AprProtocol$Http11ConnectionHandler.process(Http11AprProtocol.java:617)
           org.apache.tomcat.util.net.AprEndpoint$Worker.run(AprEndpoint.java:1760)
           java.lang.Thread.run(Thread.java:595)
231515372: Iniciando sesión con usuario [admin] y periodo [2012]
231702613: Iniciando sesión con usuario [admin] y periodo [2012]
232117520: Iniciando sesión con usuario [admin] y periodo [2012]
232238406: Iniciando sesión con usuario [admin] y periodo [2012]
232449660: org.apache.commons.io.FileUtils.openInputStream(FileUtils.java:254)
           org.apache.commons.io.FileUtils.readFileToString(FileUtils.java:1641)
           org.apache.commons.io.FileUtils.readFileToString(FileUtils.java:1659)
           com.itc.fc4.notification.mail.SimpleMail.loadTemplate(SimpleMail.java:180)
           com.itc.fc4.control.security.AuthController.handleRequest(AuthController.java:187)
           org.springframework.web.servlet.mvc.SimpleControllerHandlerAdapter.handle(SimpleControllerHandlerAdapter.java:48)
           org.springframework.web.servlet.DispatcherServlet.doDispatch(DispatcherServlet.java:874)
           org.springframework.web.servlet.DispatcherServlet.doService(DispatcherServlet.java:808)
           org.springframework.web.servlet.FrameworkServlet.processRequest(FrameworkServlet.java:476)
           org.springframework.web.servlet.FrameworkServlet.doPost(FrameworkServlet.java:441)
           javax.servlet.http.HttpServlet.service(HttpServlet.java:643)
           javax.servlet.http.HttpServlet.service(HttpServlet.java:723)
           org.apache.catalina.core.ApplicationFilterChain.internalDoFilter(ApplicationFilterChain.java:290)
           org.apache.catalina.core.ApplicationFilterChain.doFilter(ApplicationFilterChain.java:206)
           com.itc.fc4.control.EncodingFilter.doFilter(EncodingFilter.java:60)
           org.apache.catalina.core.ApplicationFilterChain.internalDoFilter(ApplicationFilterChain.java:235)
           org.apache.catalina.core.ApplicationFilterChain.doFilter(ApplicationFilterChain.java:206)
           org.apache.catalina.core.StandardWrapperValve.invoke(StandardWrapperValve.java:233)
           org.apache.catalina.core.StandardContextValve.invoke(StandardContextValve.java:191)
           org.apache.catalina.core.StandardHostValve.invoke(StandardHostValve.java:127)
           org.apache.catalina.valves.ErrorReportValve.invoke(ErrorReportValve.java:103)
           org.apache.catalina.core.StandardEngineValve.invoke(StandardEngineValve.java:109)
           org.apache.catalina.connector.CoyoteAdapter.service(CoyoteAdapter.java:293)
           org.apache.coyote.http11.Http11AprProcessor.process(Http11AprProcessor.java:879)
           org.apache.coyote.http11.Http11AprProtocol$Http11ConnectionHandler.process(Http11AprProtocol.java:617)
           org.apache.tomcat.util.net.AprEndpoint$Worker.run(AprEndpoint.java:1760)
           java.lang.Thread.run(Thread.java:595)
232541962: Intento de inicio de sesión usuario INACTIVO [admin]
232555875: Intento de inicio de sesión usuario INACTIVO [admin]
232602385: org.apache.commons.io.FileUtils.openInputStream(FileUtils.java:254)
           org.apache.commons.io.FileUtils.readFileToString(FileUtils.java:1641)
           org.apache.commons.io.FileUtils.readFileToString(FileUtils.java:1659)
           com.itc.fc4.notification.mail.SimpleMail.loadTemplate(SimpleMail.java:180)
           com.itc.fc4.control.security.AuthController.handleRequest(AuthController.java:187)
           org.springframework.web.servlet.mvc.SimpleControllerHandlerAdapter.handle(SimpleControllerHandlerAdapter.java:48)
           org.springframework.web.servlet.DispatcherServlet.doDispatch(DispatcherServlet.java:874)
           org.springframework.web.servlet.DispatcherServlet.doService(DispatcherServlet.java:808)
           org.springframework.web.servlet.FrameworkServlet.processRequest(FrameworkServlet.java:476)
           org.springframework.web.servlet.FrameworkServlet.doPost(FrameworkServlet.java:441)
           javax.servlet.http.HttpServlet.service(HttpServlet.java:643)
           javax.servlet.http.HttpServlet.service(HttpServlet.java:723)
           org.apache.catalina.core.ApplicationFilterChain.internalDoFilter(ApplicationFilterChain.java:290)
           org.apache.catalina.core.ApplicationFilterChain.doFilter(ApplicationFilterChain.java:206)
           com.itc.fc4.control.EncodingFilter.doFilter(EncodingFilter.java:60)
           org.apache.catalina.core.ApplicationFilterChain.internalDoFilter(ApplicationFilterChain.java:235)
           org.apache.catalina.core.ApplicationFilterChain.doFilter(ApplicationFilterChain.java:206)
           org.apache.catalina.core.StandardWrapperValve.invoke(StandardWrapperValve.java:233)
           org.apache.catalina.core.StandardContextValve.invoke(StandardContextValve.java:191)
           org.apache.catalina.core.StandardHostValve.invoke(StandardHostValve.java:127)
           org.apache.catalina.valves.ErrorReportValve.invoke(ErrorReportValve.java:103)
           org.apache.catalina.core.StandardEngineValve.invoke(StandardEngineValve.java:109)
           org.apache.catalina.connector.CoyoteAdapter.service(CoyoteAdapter.java:293)
           org.apache.coyote.http11.Http11AprProcessor.process(Http11AprProcessor.java:879)
           org.apache.coyote.http11.Http11AprProtocol$Http11ConnectionHandler.process(Http11AprProtocol.java:617)
           org.apache.tomcat.util.net.AprEndpoint$Worker.run(AprEndpoint.java:1760)
           java.lang.Thread.run(Thread.java:595)
232623407: Iniciando sesión con usuario [admin] y periodo [2012]
232919554: Iniciando sesión con usuario [admin] y periodo [2012]
233355416: Iniciando sesión con usuario [admin] y periodo [2012]
233508758: Iniciando sesión con usuario [admin] y periodo [2012]
233559077: Iniciando sesión con usuario [admin] y periodo [2012]
233750462: com.itc.fc4.tasks.security.usuarios.reports.ReporteGenericoUsuariosController.handleRequest(ReporteGenericoUsuariosController.java:112)
           org.springframework.web.servlet.mvc.SimpleControllerHandlerAdapter.handle(SimpleControllerHandlerAdapter.java:48)
           org.springframework.web.servlet.DispatcherServlet.doDispatch(DispatcherServlet.java:874)
           org.springframework.web.servlet.DispatcherServlet.doService(DispatcherServlet.java:808)
           org.springframework.web.servlet.FrameworkServlet.processRequest(FrameworkServlet.java:476)
           org.springframework.web.servlet.FrameworkServlet.doGet(FrameworkServlet.java:431)
           javax.servlet.http.HttpServlet.service(HttpServlet.java:617)
           javax.servlet.http.HttpServlet.service(HttpServlet.java:723)
           org.apache.catalina.core.ApplicationFilterChain.internalDoFilter(ApplicationFilterChain.java:290)
           org.apache.catalina.core.ApplicationFilterChain.doFilter(ApplicationFilterChain.java:206)
           com.itc.fc4.control.UrlFilter.doFilter(UrlFilter.java:37)
           org.apache.catalina.core.ApplicationFilterChain.internalDoFilter(ApplicationFilterChain.java:235)
           org.apache.catalina.core.ApplicationFilterChain.doFilter(ApplicationFilterChain.java:206)
           com.itc.fc4.control.EncodingFilter.doFilter(EncodingFilter.java:60)
           org.apache.catalina.core.ApplicationFilterChain.internalDoFilter(ApplicationFilterChain.java:235)
           org.apache.catalina.core.ApplicationFilterChain.doFilter(ApplicationFilterChain.java:206)
           org.apache.catalina.core.StandardWrapperValve.invoke(StandardWrapperValve.java:233)
           org.apache.catalina.core.StandardContextValve.invoke(StandardContextValve.java:191)
           org.apache.catalina.core.StandardHostValve.invoke(StandardHostValve.java:127)
           org.apache.catalina.valves.ErrorReportValve.invoke(ErrorReportValve.java:103)
           org.apache.catalina.core.StandardEngineValve.invoke(StandardEngineValve.java:109)
           org.apache.catalina.connector.CoyoteAdapter.service(CoyoteAdapter.java:293)
           org.apache.coyote.http11.Http11AprProcessor.process(Http11AprProcessor.java:879)
           org.apache.coyote.http11.Http11AprProtocol$Http11ConnectionHandler.process(Http11AprProtocol.java:617)
           org.apache.tomcat.util.net.AprEndpoint$Worker.run(AprEndpoint.java:1760)
           java.lang.Thread.run(Thread.java:595)
233932287: Iniciando sesión con usuario [admin] y periodo [2012]
233954860: Iniciando sesión con usuario [admin] y periodo [2012]
234232321: Iniciando sesión con usuario [admin] y periodo [2012]
234325511: org.apache.commons.io.FileUtils.openInputStream(FileUtils.java:254)
           org.apache.commons.io.FileUtils.readFileToString(FileUtils.java:1641)
           org.apache.commons.io.FileUtils.readFileToString(FileUtils.java:1659)
           com.itc.fc4.notification.mail.SimpleMail.loadTemplate(SimpleMail.java:180)
           com.itc.fc4.control.security.AuthController.handleRequest(AuthController.java:187)
           org.springframework.web.servlet.mvc.SimpleControllerHandlerAdapter.handle(SimpleControllerHandlerAdapter.java:48)
           org.springframework.web.servlet.DispatcherServlet.doDispatch(DispatcherServlet.java:874)
           org.springframework.web.servlet.DispatcherServlet.doService(DispatcherServlet.java:808)
           org.springframework.web.servlet.FrameworkServlet.processRequest(FrameworkServlet.java:476)
           org.springframework.web.servlet.FrameworkServlet.doPost(FrameworkServlet.java:441)
           javax.servlet.http.HttpServlet.service(HttpServlet.java:643)
           javax.servlet.http.HttpServlet.service(HttpServlet.java:723)
           org.apache.catalina.core.ApplicationFilterChain.internalDoFilter(ApplicationFilterChain.java:290)
           org.apache.catalina.core.ApplicationFilterChain.doFilter(ApplicationFilterChain.java:206)
           com.itc.fc4.control.EncodingFilter.doFilter(EncodingFilter.java:60)
           org.apache.catalina.core.ApplicationFilterChain.internalDoFilter(ApplicationFilterChain.java:235)
           org.apache.catalina.core.ApplicationFilterChain.doFilter(ApplicationFilterChain.java:206)
           org.apache.catalina.core.StandardWrapperValve.invoke(StandardWrapperValve.java:233)
           org.apache.catalina.core.StandardContextValve.invoke(StandardContextValve.java:191)
           org.apache.catalina.core.StandardHostValve.invoke(StandardHostValve.java:127)
           org.apache.catalina.valves.ErrorReportValve.invoke(ErrorReportValve.java:103)
           org.apache.catalina.core.StandardEngineValve.invoke(StandardEngineValve.java:109)
           org.apache.catalina.connector.CoyoteAdapter.service(CoyoteAdapter.java:293)
           org.apache.coyote.http11.Http11AprProcessor.process(Http11AprProcessor.java:879)
           org.apache.coyote.http11.Http11AprProtocol$Http11ConnectionHandler.process(Http11AprProtocol.java:617)
           org.apache.tomcat.util.net.AprEndpoint$Worker.run(AprEndpoint.java:1760)
           java.lang.Thread.run(Thread.java:595)
234347900: Intento de inicio de sesión usuario INACTIVO [admin]
234403529: Intento de inicio de sesión usuario INACTIVO [admin]
234408155: org.apache.commons.io.FileUtils.openInputStream(FileUtils.java:254)
           org.apache.commons.io.FileUtils.readFileToString(FileUtils.java:1641)
           org.apache.commons.io.FileUtils.readFileToString(FileUtils.java:1659)
           com.itc.fc4.notification.mail.SimpleMail.loadTemplate(SimpleMail.java:180)
           com.itc.fc4.control.security.AuthController.handleRequest(AuthController.java:187)
           org.springframework.web.servlet.mvc.SimpleControllerHandlerAdapter.handle(SimpleControllerHandlerAdapter.java:48)
           org.springframework.web.servlet.DispatcherServlet.doDispatch(DispatcherServlet.java:874)
           org.springframework.web.servlet.DispatcherServlet.doService(DispatcherServlet.java:808)
           org.springframework.web.servlet.FrameworkServlet.processRequest(FrameworkServlet.java:476)
           org.springframework.web.servlet.FrameworkServlet.doPost(FrameworkServlet.java:441)
           javax.servlet.http.HttpServlet.service(HttpServlet.java:643)
           javax.servlet.http.HttpServlet.service(HttpServlet.java:723)
           org.apache.catalina.core.ApplicationFilterChain.internalDoFilter(ApplicationFilterChain.java:290)
           org.apache.catalina.core.ApplicationFilterChain.doFilter(ApplicationFilterChain.java:206)
           com.itc.fc4.control.EncodingFilter.doFilter(EncodingFilter.java:60)
           org.apache.catalina.core.ApplicationFilterChain.internalDoFilter(ApplicationFilterChain.java:235)
           org.apache.catalina.core.ApplicationFilterChain.doFilter(ApplicationFilterChain.java:206)
           org.apache.catalina.core.StandardWrapperValve.invoke(StandardWrapperValve.java:233)
           org.apache.catalina.core.StandardContextValve.invoke(StandardContextValve.java:191)
           org.apache.catalina.core.StandardHostValve.invoke(StandardHostValve.java:127)
           org.apache.catalina.valves.ErrorReportValve.invoke(ErrorReportValve.java:103)
           org.apache.catalina.core.StandardEngineValve.invoke(StandardEngineValve.java:109)
           org.apache.catalina.connector.CoyoteAdapter.service(CoyoteAdapter.java:293)
           org.apache.coyote.http11.Http11AprProcessor.process(Http11AprProcessor.java:879)
           org.apache.coyote.http11.Http11AprProtocol$Http11ConnectionHandler.process(Http11AprProtocol.java:617)
           org.apache.tomcat.util.net.AprEndpoint$Worker.run(AprEndpoint.java:1760)
           java.lang.Thread.run(Thread.java:595)
234432113: Iniciando sesión con usuario [admin] y periodo [2012]
234532278: Iniciando sesión con usuario [admin] y periodo [2012]
235048912: Iniciando sesión con usuario [admin] y periodo [2012]
235133852: Iniciando sesión con usuario [admin] y periodo [2012]
235245301: org.apache.commons.io.FileUtils.openInputStream(FileUtils.java:254)
           org.apache.commons.io.FileUtils.readFileToString(FileUtils.java:1641)
           org.apache.commons.io.FileUtils.readFileToString(FileUtils.java:1659)
           com.itc.fc4.notification.mail.SimpleMail.loadTemplate(SimpleMail.java:180)
           com.itc.fc4.control.security.AuthController.handleRequest(AuthController.java:187)
           org.springframework.web.servlet.mvc.SimpleControllerHandlerAdapter.handle(SimpleControllerHandlerAdapter.java:48)
           org.springframework.web.servlet.DispatcherServlet.doDispatch(DispatcherServlet.java:874)
           org.springframework.web.servlet.DispatcherServlet.doService(DispatcherServlet.java:808)
           org.springframework.web.servlet.FrameworkServlet.processRequest(FrameworkServlet.java:476)
           org.springframework.web.servlet.FrameworkServlet.doPost(FrameworkServlet.java:441)
           javax.servlet.http.HttpServlet.service(HttpServlet.java:643)
           javax.servlet.http.HttpServlet.service(HttpServlet.java:723)
           org.apache.catalina.core.ApplicationFilterChain.internalDoFilter(ApplicationFilterChain.java:290)
           org.apache.catalina.core.ApplicationFilterChain.doFilter(ApplicationFilterChain.java:206)
           com.itc.fc4.control.EncodingFilter.doFilter(EncodingFilter.java:60)
           org.apache.catalina.core.ApplicationFilterChain.internalDoFilter(ApplicationFilterChain.java:235)
           org.apache.catalina.core.ApplicationFilterChain.doFilter(ApplicationFilterChain.java:206)
           org.apache.catalina.core.StandardWrapperValve.invoke(StandardWrapperValve.java:233)
           org.apache.catalina.core.StandardContextValve.invoke(StandardContextValve.java:191)
           org.apache.catalina.core.StandardHostValve.invoke(StandardHostValve.java:127)
           org.apache.catalina.valves.ErrorReportValve.invoke(ErrorReportValve.java:103)
           org.apache.catalina.core.StandardEngineValve.invoke(StandardEngineValve.java:109)
           org.apache.catalina.connector.CoyoteAdapter.service(CoyoteAdapter.java:293)
           org.apache.coyote.http11.Http11AprProcessor.process(Http11AprProcessor.java:879)
           org.apache.coyote.http11.Http11AprProtocol$Http11ConnectionHandler.process(Http11AprProtocol.java:617)
           org.apache.tomcat.util.net.AprEndpoint$Worker.run(AprEndpoint.java:1760)
           java.lang.Thread.run(Thread.java:595)
235301918: Iniciando sesión con usuario [admin] y periodo [2012]
235349192: Iniciando sesión con usuario [admin] y periodo [2012]
235428027: Iniciando sesión con usuario [admin] y periodo [2012]
235451387: Iniciando sesión con usuario [admin] y periodo [2012]
235550200: Iniciando sesión con usuario [admin] y periodo [2012]
235611559: Iniciando sesión con usuario [admin] y periodo [2012]
235701399: Iniciando sesión con usuario [admin] y periodo [2012]
235815654: Iniciando sesión con usuario [admin] y periodo [2012]
235856250: Iniciando sesión con usuario [admin] y periodo [2012]
