000008206: Inicializando el pool de conexiones de Equilátero con 10 a un maximo de 100
000011683: Iniciando sesión con usuario [admin] y periodo [2013]
000057369: Finalizando sesión con usuario [admin]
000125435: Iniciando sesión con usuario [admin] y periodo [2013]
000247136: Inicializando envio de correos.
000300908: Inicializando envio de correos.
000445899: Inicializando envio de correos.
000513345: Inicializando envio de correos.
000543885: Inicializando envio de correos.
000658700: Inicializando envio de correos.
000718151: Inicializando envio de correos.
000730328: Inicializando envio de correos.
000743146: Inicializando envio de correos.
000759951: Inicializando el pool de conexiones de Equilátero con 10 a un maximo de 100
000801326: Iniciando sesión con usuario [admin] y periodo [2013]
085004226: Inicializando envio de correos.
085038402: Inicializando el pool de conexiones de Equilátero con 10 a un maximo de 100
085039461: Iniciando sesión con usuario [admin] y periodo [2013]
085125483: Inicializando envio de correos.
085240920: Inicializando envio de correos.
085333921: Inicializando envio de correos.
085402440: Inicializando envio de correos.
085416339: Inicializando envio de correos.
085456115: Inicializando envio de correos.
085512645: Inicializando envio de correos.
085537004: Inicializando envio de correos.
085602848: Inicializando envio de correos.
085633014: Inicializando envio de correos.
085759523: Inicializando envio de correos.
085810340: Inicializando envio de correos.
085823751: Inicializando envio de correos.
085833971: Inicializando envio de correos.
085843933: Inicializando envio de correos.
085904901: Inicializando envio de correos.
085918316: Inicializando envio de correos.
085935830: Inicializando envio de correos.
085946556: Inicializando envio de correos.
085956785: Inicializando envio de correos.
090007982: Inicializando envio de correos.
090029181: Inicializando envio de correos.
090113328: Inicializando envio de correos.
090124269: Inicializando envio de correos.
090134857: Inicializando envio de correos.
090145810: Inicializando envio de correos.
090156934: Inicializando envio de correos.
090251359: Inicializando envio de correos.
090303952: Inicializando envio de correos.
090337712: Inicializando envio de correos.
090411501: Inicializando envio de correos.
090431123: Inicializando envio de correos.
090441909: Inicializando envio de correos.
090608397: Inicializando envio de correos.
090626821: Inicializando envio de correos.
090637806: Inicializando envio de correos.
090648946: Inicializando envio de correos.
090659227: Inicializando envio de correos.
090819853: Inicializando envio de correos.
090829603: Inicializando envio de correos.
091409257: Inicializando envio de correos.
091420177: Inicializando envio de correos.
091507695: Inicializando envio de correos.
091555400: Inicializando envio de correos.
091605903: Inicializando envio de correos.
091655715: Inicializando envio de correos.
091706541: Inicializando envio de correos.
091749270: Inicializando envio de correos.
091857293: Inicializando envio de correos.
091932728: Inicializando envio de correos.
091949889: Inicializando envio de correos.
092013117: Inicializando envio de correos.
092047202: Inicializando el pool de conexiones de Equilátero con 10 a un maximo de 100
092048388: Iniciando sesión con usuario [admin] y periodo [2013]
092715130: Inicializando envio de correos.
092912994: Inicializando envio de correos.
092931090: Inicializando envio de correos.
093013612: Inicializando envio de correos.
093113050: Inicializando envio de correos.
093241939: Inicializando envio de correos.
093301533: Inicializando envio de correos.
093340321: Inicializando envio de correos.
093401304: Inicializando envio de correos.
093420477: Inicializando envio de correos.
093440539: Inicializando envio de correos.
093500711: Inicializando envio de correos.
093521397: Inicializando envio de correos.
093541899: Inicializando envio de correos.
093602179: Inicializando envio de correos.
093657936: Inicializando envio de correos.
093718108: Inicializando envio de correos.
093738076: Inicializando envio de correos.
093801561: Inicializando envio de correos.
093823105: Inicializando envio de correos.
093859052: Inicializando envio de correos.
093920097: Inicializando envio de correos.
094000940: Inicializando envio de correos.
101733056: Inicializando envio de correos.
101754930: Inicializando envio de correos.
101815930: Inicializando envio de correos.
101839906: Inicializando envio de correos.
101908614: Inicializando el pool de conexiones de Equilátero con 10 a un maximo de 100
101909606: Iniciando sesión con usuario [admin] y periodo [2013]
152413427: Inicializando envio de correos.
152435515: Inicializando envio de correos.
152456876: Inicializando el pool de conexiones de Equilátero con 10 a un maximo de 100
152500691: Iniciando sesión con usuario [admin] y periodo [2013]
152606603: Inicializando envio de correos.
152621842: Inicializando envio de correos.
152635005: Inicializando el pool de conexiones de Equilátero con 10 a un maximo de 100
152636287: Iniciando sesión con usuario [admin] y periodo [2013]
152802197: Inicializando envio de correos.
152815733: Inicializando envio de correos.
152839192: Inicializando el pool de conexiones de Equilátero con 10 a un maximo de 100
152844359: Iniciando sesión con usuario [admin] y periodo [2013]
155551108: Inicializando envio de correos.
155645639: Inicializando el pool de conexiones de Equilátero con 10 a un maximo de 100
155647531: org.apache.commons.io.FileUtils.openInputStream(FileUtils.java:254)
           org.apache.commons.io.FileUtils.readFileToString(FileUtils.java:1641)
           org.apache.commons.io.FileUtils.readFileToString(FileUtils.java:1659)
           com.itc.fc4.notification.mail.SimpleMail.loadTemplate(SimpleMail.java:185)
           com.itc.fc4.control.security.AuthController.handleRequest(AuthController.java:196)
           org.springframework.web.servlet.mvc.SimpleControllerHandlerAdapter.handle(SimpleControllerHandlerAdapter.java:48)
           org.springframework.web.servlet.DispatcherServlet.doDispatch(DispatcherServlet.java:874)
           org.springframework.web.servlet.DispatcherServlet.doService(DispatcherServlet.java:808)
           org.springframework.web.servlet.FrameworkServlet.processRequest(FrameworkServlet.java:476)
           org.springframework.web.servlet.FrameworkServlet.doPost(FrameworkServlet.java:441)
           javax.servlet.http.HttpServlet.service(HttpServlet.java:643)
           javax.servlet.http.HttpServlet.service(HttpServlet.java:723)
           org.apache.catalina.core.ApplicationFilterChain.internalDoFilter(ApplicationFilterChain.java:290)
           org.apache.catalina.core.ApplicationFilterChain.doFilter(ApplicationFilterChain.java:206)
           com.itc.fc4.control.EncodingFilter.doFilter(EncodingFilter.java:52)
           org.apache.catalina.core.ApplicationFilterChain.internalDoFilter(ApplicationFilterChain.java:235)
           org.apache.catalina.core.ApplicationFilterChain.doFilter(ApplicationFilterChain.java:206)
           org.apache.catalina.core.StandardWrapperValve.invoke(StandardWrapperValve.java:233)
           org.apache.catalina.core.StandardContextValve.invoke(StandardContextValve.java:191)
           org.apache.catalina.core.StandardHostValve.invoke(StandardHostValve.java:127)
           org.apache.catalina.valves.ErrorReportValve.invoke(ErrorReportValve.java:103)
           org.apache.catalina.core.StandardEngineValve.invoke(StandardEngineValve.java:109)
           org.apache.catalina.connector.CoyoteAdapter.service(CoyoteAdapter.java:293)
           org.apache.coyote.http11.Http11AprProcessor.process(Http11AprProcessor.java:879)
           org.apache.coyote.http11.Http11AprProtocol$Http11ConnectionHandler.process(Http11AprProtocol.java:617)
           org.apache.tomcat.util.net.AprEndpoint$Worker.run(AprEndpoint.java:1760)
           java.lang.Thread.run(Thread.java:595)
155815846: Finalizando sesión con usuario [admin]
155821717: Iniciando sesión con usuario [admin] y periodo [2013]
155914552: Inicializando envio de correos.
160004151: Inicializando envio de correos.
160015117: Inicializando envio de correos.
160026006: Inicializando envio de correos.
160039689: Inicializando envio de correos.
160123986: Inicializando envio de correos.
160135627: Inicializando envio de correos.
160146103: Inicializando envio de correos.
160201425: Inicializando envio de correos.
160250048: Inicializando envio de correos.
160301386: Inicializando envio de correos.
160312107: Inicializando envio de correos.
160323881: Inicializando envio de correos.
160335916: Inicializando envio de correos.
160347644: Inicializando envio de correos.
160358095: Inicializando envio de correos.
160412306: Inicializando el pool de conexiones de Equilátero con 10 a un maximo de 100
160413135: Iniciando sesión con usuario [admin] y periodo [2013]
160438699: Inicializando envio de correos.
160527988: Inicializando envio de correos.
160538310: Inicializando envio de correos.
160555936: Inicializando el pool de conexiones de Equilátero con 10 a un maximo de 100
160558935: Iniciando sesión con usuario [admin] y periodo [2013]
160716890: Inicializando envio de correos.
160748769: Inicializando envio de correos.
160820574: Inicializando el pool de conexiones de Equilátero con 10 a un maximo de 100
160829290: org.apache.commons.io.FileUtils.openInputStream(FileUtils.java:254)
           org.apache.commons.io.FileUtils.readFileToString(FileUtils.java:1641)
           org.apache.commons.io.FileUtils.readFileToString(FileUtils.java:1659)
           com.itc.fc4.notification.mail.SimpleMail.loadTemplate(SimpleMail.java:185)
           com.itc.fc4.control.security.AuthController.handleRequest(AuthController.java:196)
           org.springframework.web.servlet.mvc.SimpleControllerHandlerAdapter.handle(SimpleControllerHandlerAdapter.java:48)
           org.springframework.web.servlet.DispatcherServlet.doDispatch(DispatcherServlet.java:874)
           org.springframework.web.servlet.DispatcherServlet.doService(DispatcherServlet.java:808)
           org.springframework.web.servlet.FrameworkServlet.processRequest(FrameworkServlet.java:476)
           org.springframework.web.servlet.FrameworkServlet.doPost(FrameworkServlet.java:441)
           javax.servlet.http.HttpServlet.service(HttpServlet.java:643)
           javax.servlet.http.HttpServlet.service(HttpServlet.java:723)
           org.apache.catalina.core.ApplicationFilterChain.internalDoFilter(ApplicationFilterChain.java:290)
           org.apache.catalina.core.ApplicationFilterChain.doFilter(ApplicationFilterChain.java:206)
           com.itc.fc4.control.EncodingFilter.doFilter(EncodingFilter.java:52)
           org.apache.catalina.core.ApplicationFilterChain.internalDoFilter(ApplicationFilterChain.java:235)
           org.apache.catalina.core.ApplicationFilterChain.doFilter(ApplicationFilterChain.java:206)
           org.apache.catalina.core.StandardWrapperValve.invoke(StandardWrapperValve.java:233)
           org.apache.catalina.core.StandardContextValve.invoke(StandardContextValve.java:191)
           org.apache.catalina.core.StandardHostValve.invoke(StandardHostValve.java:127)
           org.apache.catalina.valves.ErrorReportValve.invoke(ErrorReportValve.java:103)
           org.apache.catalina.core.StandardEngineValve.invoke(StandardEngineValve.java:109)
           org.apache.catalina.connector.CoyoteAdapter.service(CoyoteAdapter.java:293)
           org.apache.coyote.http11.Http11AprProcessor.process(Http11AprProcessor.java:879)
           org.apache.coyote.http11.Http11AprProtocol$Http11ConnectionHandler.process(Http11AprProtocol.java:617)
           org.apache.tomcat.util.net.AprEndpoint$Worker.run(AprEndpoint.java:1760)
           java.lang.Thread.run(Thread.java:595)
160848186: Finalizando sesión con usuario [admin]
160855803: Iniciando sesión con usuario [admin] y periodo [2013]
161030751: Iniciando sesión con usuario [admin] y periodo [2013]
161238664: Inicializando envio de correos.
161658256: Inicializando envio de correos.
161713432: Inicializando envio de correos.
161730105: Inicializando el pool de conexiones de Equilátero con 10 a un maximo de 100
161731740: Iniciando sesión con usuario [admin] y periodo [2013]
161804385: Inicializando envio de correos.
162032842: Inicializando envio de correos.
162043894: Inicializando envio de correos.
162124389: Inicializando el pool de conexiones de Equilátero con 10 a un maximo de 100
162222743: Inicializando envio de correos.
162250672: Inicializando envio de correos.
162544118: Inicializando envio de correos.
162601362: Inicializando el pool de conexiones de Equilátero con 10 a un maximo de 100
162602552: org.apache.commons.io.FileUtils.openInputStream(FileUtils.java:254)
           org.apache.commons.io.FileUtils.readFileToString(FileUtils.java:1641)
           org.apache.commons.io.FileUtils.readFileToString(FileUtils.java:1659)
           com.itc.fc4.notification.mail.SimpleMail.loadTemplate(SimpleMail.java:185)
           com.itc.fc4.control.security.AuthController.handleRequest(AuthController.java:196)
           org.springframework.web.servlet.mvc.SimpleControllerHandlerAdapter.handle(SimpleControllerHandlerAdapter.java:48)
           org.springframework.web.servlet.DispatcherServlet.doDispatch(DispatcherServlet.java:874)
           org.springframework.web.servlet.DispatcherServlet.doService(DispatcherServlet.java:808)
           org.springframework.web.servlet.FrameworkServlet.processRequest(FrameworkServlet.java:476)
           org.springframework.web.servlet.FrameworkServlet.doPost(FrameworkServlet.java:441)
           javax.servlet.http.HttpServlet.service(HttpServlet.java:643)
           javax.servlet.http.HttpServlet.service(HttpServlet.java:723)
           org.apache.catalina.core.ApplicationFilterChain.internalDoFilter(ApplicationFilterChain.java:290)
           org.apache.catalina.core.ApplicationFilterChain.doFilter(ApplicationFilterChain.java:206)
           com.itc.fc4.control.EncodingFilter.doFilter(EncodingFilter.java:52)
           org.apache.catalina.core.ApplicationFilterChain.internalDoFilter(ApplicationFilterChain.java:235)
           org.apache.catalina.core.ApplicationFilterChain.doFilter(ApplicationFilterChain.java:206)
           org.apache.catalina.core.StandardWrapperValve.invoke(StandardWrapperValve.java:233)
           org.apache.catalina.core.StandardContextValve.invoke(StandardContextValve.java:191)
           org.apache.catalina.core.StandardHostValve.invoke(StandardHostValve.java:127)
           org.apache.catalina.valves.ErrorReportValve.invoke(ErrorReportValve.java:103)
           org.apache.catalina.core.StandardEngineValve.invoke(StandardEngineValve.java:109)
           org.apache.catalina.connector.CoyoteAdapter.service(CoyoteAdapter.java:293)
           org.apache.coyote.http11.Http11AprProcessor.process(Http11AprProcessor.java:879)
           org.apache.coyote.http11.Http11AprProtocol$Http11ConnectionHandler.process(Http11AprProtocol.java:617)
           org.apache.tomcat.util.net.AprEndpoint$Worker.run(AprEndpoint.java:1760)
           java.lang.Thread.run(Thread.java:595)
162617641: Finalizando sesión con usuario [admin]
162623443: Iniciando sesión con usuario [admin] y periodo [2013]
162735469: Inicializando envio de correos.
162918608: Inicializando envio de correos.
163008253: Inicializando el pool de conexiones de Equilátero con 10 a un maximo de 100
163010759: Iniciando sesión con usuario [admin] y periodo [2013]
163054784: Inicializando envio de correos.
163334936: Inicializando envio de correos.
163544238: Inicializando envio de correos.
163610673: Inicializando envio de correos.
163644437: Inicializando el pool de conexiones de Equilátero con 10 a un maximo de 100
163646226: Iniciando sesión con usuario [admin] y periodo [2013]
163906904: Inicializando envio de correos.
163952795: Inicializando envio de correos.
164015163: Inicializando envio de correos.
164034097: Inicializando envio de correos.
164143596: Inicializando el pool de conexiones de Equilátero con 10 a un maximo de 100
164144614: Iniciando sesión con usuario [admin] y periodo [2013]
164212099: Finalizando sesión con usuario [admin]
164218767: Iniciando sesión con usuario [admin] y periodo [2013]
164607942: Inicializando envio de correos.
164715408: Inicializando el pool de conexiones de Equilátero con 10 a un maximo de 100
164717221: Iniciando sesión con usuario [admin] y periodo [2013]
165045323: Inicializando envio de correos.
165123213: Inicializando envio de correos.
165155643: Inicializando envio de correos.
165228694: Inicializando envio de correos.
165322086: Inicializando envio de correos.
165359509: Inicializando envio de correos.
165437347: Inicializando envio de correos.
165515183: Inicializando envio de correos.
165608120: Inicializando el pool de conexiones de Equilátero con 10 a un maximo de 100
165609934: Iniciando sesión con usuario [admin] y periodo [2013]
165821266: Inicializando envio de correos.
170220366: Inicializando envio de correos.
170244055: Inicializando el pool de conexiones de Equilátero con 10 a un maximo de 100
170245107: Iniciando sesión con usuario [admin] y periodo [2013]
171048760: Iniciando sesión con usuario [admin] y periodo [2013]
171139430: Iniciando sesión con usuario [admin] y periodo [2013]
171221005: org.apache.commons.io.FileUtils.openInputStream(FileUtils.java:254)
           org.apache.commons.io.FileUtils.readFileToString(FileUtils.java:1641)
           org.apache.commons.io.FileUtils.readFileToString(FileUtils.java:1659)
           com.itc.fc4.notification.mail.SimpleMail.loadTemplate(SimpleMail.java:185)
           com.itc.fc4.control.security.AuthController.handleRequest(AuthController.java:196)
           org.springframework.web.servlet.mvc.SimpleControllerHandlerAdapter.handle(SimpleControllerHandlerAdapter.java:48)
           org.springframework.web.servlet.DispatcherServlet.doDispatch(DispatcherServlet.java:874)
           org.springframework.web.servlet.DispatcherServlet.doService(DispatcherServlet.java:808)
           org.springframework.web.servlet.FrameworkServlet.processRequest(FrameworkServlet.java:476)
           org.springframework.web.servlet.FrameworkServlet.doPost(FrameworkServlet.java:441)
           javax.servlet.http.HttpServlet.service(HttpServlet.java:643)
           javax.servlet.http.HttpServlet.service(HttpServlet.java:723)
           org.apache.catalina.core.ApplicationFilterChain.internalDoFilter(ApplicationFilterChain.java:290)
           org.apache.catalina.core.ApplicationFilterChain.doFilter(ApplicationFilterChain.java:206)
           com.itc.fc4.control.EncodingFilter.doFilter(EncodingFilter.java:52)
           org.apache.catalina.core.ApplicationFilterChain.internalDoFilter(ApplicationFilterChain.java:235)
           org.apache.catalina.core.ApplicationFilterChain.doFilter(ApplicationFilterChain.java:206)
           org.apache.catalina.core.StandardWrapperValve.invoke(StandardWrapperValve.java:233)
           org.apache.catalina.core.StandardContextValve.invoke(StandardContextValve.java:191)
           org.apache.catalina.core.StandardHostValve.invoke(StandardHostValve.java:127)
           org.apache.catalina.valves.ErrorReportValve.invoke(ErrorReportValve.java:103)
           org.apache.catalina.core.StandardEngineValve.invoke(StandardEngineValve.java:109)
           org.apache.catalina.connector.CoyoteAdapter.service(CoyoteAdapter.java:293)
           org.apache.coyote.http11.Http11AprProcessor.process(Http11AprProcessor.java:879)
           org.apache.coyote.http11.Http11AprProtocol$Http11ConnectionHandler.process(Http11AprProtocol.java:617)
           org.apache.tomcat.util.net.AprEndpoint$Worker.run(AprEndpoint.java:1760)
           java.lang.Thread.run(Thread.java:595)
171240853: Finalizando sesión con usuario [admin]
171248326: Iniciando sesión con usuario [admin] y periodo [2013]
171322240: Iniciando sesión con usuario [admin] y periodo [2013]
171344767: Iniciando sesión con usuario [admin] y periodo [2013]
171448357: org.apache.commons.io.FileUtils.openInputStream(FileUtils.java:254)
           org.apache.commons.io.FileUtils.readFileToString(FileUtils.java:1641)
           org.apache.commons.io.FileUtils.readFileToString(FileUtils.java:1659)
           com.itc.fc4.notification.mail.SimpleMail.loadTemplate(SimpleMail.java:185)
           com.itc.fc4.control.security.AuthController.handleRequest(AuthController.java:196)
           org.springframework.web.servlet.mvc.SimpleControllerHandlerAdapter.handle(SimpleControllerHandlerAdapter.java:48)
           org.springframework.web.servlet.DispatcherServlet.doDispatch(DispatcherServlet.java:874)
           org.springframework.web.servlet.DispatcherServlet.doService(DispatcherServlet.java:808)
           org.springframework.web.servlet.FrameworkServlet.processRequest(FrameworkServlet.java:476)
           org.springframework.web.servlet.FrameworkServlet.doPost(FrameworkServlet.java:441)
           javax.servlet.http.HttpServlet.service(HttpServlet.java:643)
           javax.servlet.http.HttpServlet.service(HttpServlet.java:723)
           org.apache.catalina.core.ApplicationFilterChain.internalDoFilter(ApplicationFilterChain.java:290)
           org.apache.catalina.core.ApplicationFilterChain.doFilter(ApplicationFilterChain.java:206)
           com.itc.fc4.control.EncodingFilter.doFilter(EncodingFilter.java:52)
           org.apache.catalina.core.ApplicationFilterChain.internalDoFilter(ApplicationFilterChain.java:235)
           org.apache.catalina.core.ApplicationFilterChain.doFilter(ApplicationFilterChain.java:206)
           org.apache.catalina.core.StandardWrapperValve.invoke(StandardWrapperValve.java:233)
           org.apache.catalina.core.StandardContextValve.invoke(StandardContextValve.java:191)
           org.apache.catalina.core.StandardHostValve.invoke(StandardHostValve.java:127)
           org.apache.catalina.valves.ErrorReportValve.invoke(ErrorReportValve.java:103)
           org.apache.catalina.core.StandardEngineValve.invoke(StandardEngineValve.java:109)
           org.apache.catalina.connector.CoyoteAdapter.service(CoyoteAdapter.java:293)
           org.apache.coyote.http11.Http11AprProcessor.process(Http11AprProcessor.java:879)
           org.apache.coyote.http11.Http11AprProtocol$Http11ConnectionHandler.process(Http11AprProtocol.java:617)
           org.apache.tomcat.util.net.AprEndpoint$Worker.run(AprEndpoint.java:1760)
           java.lang.Thread.run(Thread.java:595)
171506152: Finalizando sesión con usuario [admin]
171513106: Iniciando sesión con usuario [admin] y periodo [2013]
171556271: Iniciando sesión con usuario [admin] y periodo [2013]
171649128: Iniciando sesión con usuario [admin] y periodo [2013]
