104548507: Inicializando envio de correos.
104615172: Inicializando envio de correos.
104630118: Inicializando envio de correos.
104715617: Inicializando envio de correos.
104728772: Inicializando el pool de conexiones de Equilátero con 10 a un maximo de 100
104730434: Iniciando sesión con usuario [Admin]
104744575: Inicializando envio de correos.
104757827: Inicializando el pool de conexiones de Equilátero con 10 a un maximo de 100
105058455: Finalizando sesión con usuario [Admin]
105115931: Iniciando sesión con usuario [Ángel García Alcántara]
105246752: Inicializando envio de correos.
105354637: Inicializando envio de correos.
105457137: Inicializando envio de correos.
105518065: Inicializando envio de correos.
105620974: Inicializando envio de correos.
105634872: Inicializando envio de correos.
105648764: Inicializando envio de correos.
105703082: Inicializando envio de correos.
105725641: Inicializando envio de correos.
105738572: Inicializando envio de correos.
105800105: Inicializando envio de correos.
105825993: Inicializando envio de correos.
105838620: Inicializando envio de correos.
105853107: Inicializando envio de correos.
105905538: Inicializando envio de correos.
105918408: Inicializando envio de correos.
105939934: Inicializando envio de correos.
105952298: Inicializando envio de correos.
110218668: Inicializando envio de correos.
110249886: Inicializando el pool de conexiones de Equilátero con 10 a un maximo de 100
110251282: Iniciando sesión con usuario [Admin]
110353867: Inicializando envio de correos.
110431308: Inicializando envio de correos.
110508770: Inicializando envio de correos.
110545120: Inicializando envio de correos.
110623053: Inicializando envio de correos.
110659566: Inicializando envio de correos.
110757432: Inicializando envio de correos.
110836284: Inicializando envio de correos.
110921380: Inicializando envio de correos.
111002457: Inicializando envio de correos.
111044636: Inicializando envio de correos.
111125066: Inicializando envio de correos.
111232776: Inicializando envio de correos.
111311214: Inicializando envio de correos.
111350618: Inicializando envio de correos.
111430477: Inicializando envio de correos.
111513358: Inicializando envio de correos.
111642694: Inicializando envio de correos.
111721615: Inicializando envio de correos.
111800614: Inicializando envio de correos.
111843462: Inicializando envio de correos.
111924870: Inicializando envio de correos.
112006050: Inicializando envio de correos.
112047195: Inicializando envio de correos.
112128609: Inicializando envio de correos.
112208944: Inicializando envio de correos.
112249208: Inicializando envio de correos.
112330522: Inicializando envio de correos.
112412678: Inicializando envio de correos.
112453287: Inicializando envio de correos.
112534244: Inicializando envio de correos.
112613781: Inicializando envio de correos.
112652777: Inicializando envio de correos.
112733692: Inicializando envio de correos.
112814080: Inicializando envio de correos.
112856352: Inicializando envio de correos.
112919341: Inicializando envio de correos.
112957292: Inicializando envio de correos.
113010744: Inicializando envio de correos.
113109841: Inicializando envio de correos.
113118222: Inicializando envio de correos.
113138484: Inicializando envio de correos.
113214279: Inicializando envio de correos.
113221149: Inicializando envio de correos.
113241363: Inicializando envio de correos.
113248221: Inicializando envio de correos.
113348142: Inicializando envio de correos.
113359454: Inicializando envio de correos.
113413679: Inicializando envio de correos.
113432124: Inicializando envio de correos.
113439967: Inicializando envio de correos.
113514049: Inicializando envio de correos.
113639770: Inicializando envio de correos.
113713613: Inicializando envio de correos.
113720738: Inicializando envio de correos.
113726436: Inicializando envio de correos.
113732049: Inicializando envio de correos.
113738798: Inicializando envio de correos.
113744525: Inicializando envio de correos.
113810648: Inicializando envio de correos.
113830641: Inicializando envio de correos.
113835986: Inicializando envio de correos.
113924892: Inicializando envio de correos.
113930962: Inicializando envio de correos.
113936680: Inicializando envio de correos.
113942396: Inicializando envio de correos.
114004195: Inicializando envio de correos.
114023198: Inicializando envio de correos.
114033025: Inicializando envio de correos.
114041056: Inicializando envio de correos.
114059380: Inicializando envio de correos.
114140117: Inicializando envio de correos.
114146369: Inicializando envio de correos.
114200151: Inicializando envio de correos.
114205208: Inicializando envio de correos.
114302239: Inicializando envio de correos.
114308937: Inicializando envio de correos.
114347527: Inicializando envio de correos.
114352187: Inicializando envio de correos.
114358871: Inicializando envio de correos.
114408500: Inicializando envio de correos.
114437902: Inicializando envio de correos.
114443262: Inicializando envio de correos.
114504978: Inicializando envio de correos.
114511558: Inicializando envio de correos.
114527957: Inicializando envio de correos.
114532596: Inicializando envio de correos.
114600169: Inicializando envio de correos.
114606189: Inicializando envio de correos.
114621443: Inicializando envio de correos.
114628217: Inicializando envio de correos.
114657356: Inicializando envio de correos.
114708445: Inicializando envio de correos.
114740087: Inicializando envio de correos.
114757257: Inicializando envio de correos.
114802670: Inicializando envio de correos.
114814061: Inicializando envio de correos.
114838439: Inicializando envio de correos.
114851507: Inicializando envio de correos.
114856573: Inicializando envio de correos.
114902077: Inicializando envio de correos.
114935393: Inicializando envio de correos.
114944600: Inicializando envio de correos.
114959892: Inicializando envio de correos.
115058196: Inicializando envio de correos.
115105097: Inicializando envio de correos.
115125199: Inicializando envio de correos.
115138745: Inicializando envio de correos.
115200920: Inicializando envio de correos.
115222219: Inicializando envio de correos.
115227285: Inicializando envio de correos.
115236602: Inicializando envio de correos.
115243481: Inicializando envio de correos.
115250201: Inicializando envio de correos.
115256482: Inicializando envio de correos.
115304878: Inicializando envio de correos.
115310126: Inicializando envio de correos.
115318447: Inicializando envio de correos.
115328407: Inicializando envio de correos.
115333895: Inicializando envio de correos.
115341449: Inicializando envio de correos.
115346897: Inicializando envio de correos.
115400952: Inicializando envio de correos.
115407476: Inicializando envio de correos.
115414452: Inicializando envio de correos.
115421115: Inicializando envio de correos.
115427518: Inicializando envio de correos.
115434077: Inicializando envio de correos.
115441524: Inicializando envio de correos.
115448480: Inicializando envio de correos.
115454768: Inicializando envio de correos.
115502851: Inicializando envio de correos.
115509026: Inicializando envio de correos.
115516848: Inicializando envio de correos.
115626109: Inicializando envio de correos.
115720411: Inicializando envio de correos.
115727290: Inicializando envio de correos.
115840426: Inicializando envio de correos.
115902041: Inicializando envio de correos.
120003689: Inicializando envio de correos.
120020776: Inicializando envio de correos.
120038583: Inicializando envio de correos.
120046507: Inicializando envio de correos.
120125931: Inicializando envio de correos.
120134726: Inicializando envio de correos.
120140272: Inicializando envio de correos.
120151742: Inicializando envio de correos.
120157990: Inicializando envio de correos.
120208305: Inicializando envio de correos.
120213712: Inicializando envio de correos.
120219876: Inicializando envio de correos.
120234472: Inicializando envio de correos.
120240484: Inicializando envio de correos.
120333852: Inicializando envio de correos.
120340858: Inicializando envio de correos.
120415196: Inicializando envio de correos.
120420929: Inicializando envio de correos.
120639995: Inicializando envio de correos.
120813351: Inicializando envio de correos.
