194439431: org.postgresql.core.v3.ConnectionFactoryImpl.openConnectionImpl(ConnectionFactoryImpl.java:138)
           org.postgresql.core.ConnectionFactory.openConnection(ConnectionFactory.java:66)
           org.postgresql.jdbc2.AbstractJdbc2Connection.<init>(AbstractJdbc2Connection.java:125)
           org.postgresql.jdbc3.AbstractJdbc3Connection.<init>(AbstractJdbc3Connection.java:30)
           org.postgresql.jdbc3.Jdbc3Connection.<init>(Jdbc3Connection.java:24)
           org.postgresql.Driver.makeConnection(Driver.java:393)
           org.postgresql.Driver.connect(Driver.java:267)
           org.apache.tomcat.jdbc.pool.PooledConnection.connectUsingDriver(PooledConnection.java:267)
           org.apache.tomcat.jdbc.pool.PooledConnection.connect(PooledConnection.java:176)
           org.apache.tomcat.jdbc.pool.ConnectionPool.createConnection(ConnectionPool.java:653)
           org.apache.tomcat.jdbc.pool.ConnectionPool.borrowConnection(ConnectionPool.java:595)
           org.apache.tomcat.jdbc.pool.ConnectionPool.init(ConnectionPool.java:458)
           org.apache.tomcat.jdbc.pool.ConnectionPool.<init>(ConnectionPool.java:130)
           org.apache.tomcat.jdbc.pool.DataSourceProxy.createPool(DataSourceProxy.java:99)
           org.apache.tomcat.jdbc.pool.DataSourceProxy.getConnection(DataSourceProxy.java:110)
           com.itc.fc4.model.PoolConnection.getPoolConnection(PoolConnection.java:108)
           com.itc.fc4.model.admin.PeriodDAO.getCurrentPeriod(PeriodDAO.java:69)
           com.itc.fc4.control.security.AuthController.handleRequest(AuthController.java:154)
           org.springframework.web.servlet.mvc.SimpleControllerHandlerAdapter.handle(SimpleControllerHandlerAdapter.java:48)
           org.springframework.web.servlet.DispatcherServlet.doDispatch(DispatcherServlet.java:874)
           org.springframework.web.servlet.DispatcherServlet.doService(DispatcherServlet.java:808)
           org.springframework.web.servlet.FrameworkServlet.processRequest(FrameworkServlet.java:476)
           org.springframework.web.servlet.FrameworkServlet.doPost(FrameworkServlet.java:441)
           javax.servlet.http.HttpServlet.service(HttpServlet.java:643)
           javax.servlet.http.HttpServlet.service(HttpServlet.java:723)
           org.apache.catalina.core.ApplicationFilterChain.internalDoFilter(ApplicationFilterChain.java:290)
           org.apache.catalina.core.ApplicationFilterChain.doFilter(ApplicationFilterChain.java:206)
           com.itc.fc4.control.EncodingFilter.doFilter(EncodingFilter.java:60)
           org.apache.catalina.core.ApplicationFilterChain.internalDoFilter(ApplicationFilterChain.java:235)
           org.apache.catalina.core.ApplicationFilterChain.doFilter(ApplicationFilterChain.java:206)
           org.apache.catalina.core.StandardWrapperValve.invoke(StandardWrapperValve.java:233)
           org.apache.catalina.core.StandardContextValve.invoke(StandardContextValve.java:191)
           org.apache.catalina.core.StandardHostValve.invoke(StandardHostValve.java:127)
           org.apache.catalina.valves.ErrorReportValve.invoke(ErrorReportValve.java:103)
           org.apache.catalina.core.StandardEngineValve.invoke(StandardEngineValve.java:109)
           org.apache.catalina.connector.CoyoteAdapter.service(CoyoteAdapter.java:293)
           org.apache.coyote.http11.Http11AprProcessor.process(Http11AprProcessor.java:879)
           org.apache.coyote.http11.Http11AprProtocol$Http11ConnectionHandler.process(Http11AprProtocol.java:617)
           org.apache.tomcat.util.net.AprEndpoint$Worker.run(AprEndpoint.java:1760)
           java.lang.Thread.run(Thread.java:595)
194552842: org.postgresql.core.v3.ConnectionFactoryImpl.openConnectionImpl(ConnectionFactoryImpl.java:138)
           org.postgresql.core.ConnectionFactory.openConnection(ConnectionFactory.java:66)
           org.postgresql.jdbc2.AbstractJdbc2Connection.<init>(AbstractJdbc2Connection.java:125)
           org.postgresql.jdbc3.AbstractJdbc3Connection.<init>(AbstractJdbc3Connection.java:30)
           org.postgresql.jdbc3.Jdbc3Connection.<init>(Jdbc3Connection.java:24)
           org.postgresql.Driver.makeConnection(Driver.java:393)
           org.postgresql.Driver.connect(Driver.java:267)
           org.apache.tomcat.jdbc.pool.PooledConnection.connectUsingDriver(PooledConnection.java:267)
           org.apache.tomcat.jdbc.pool.PooledConnection.connect(PooledConnection.java:176)
           org.apache.tomcat.jdbc.pool.ConnectionPool.createConnection(ConnectionPool.java:653)
           org.apache.tomcat.jdbc.pool.ConnectionPool.borrowConnection(ConnectionPool.java:595)
           org.apache.tomcat.jdbc.pool.ConnectionPool.init(ConnectionPool.java:458)
           org.apache.tomcat.jdbc.pool.ConnectionPool.<init>(ConnectionPool.java:130)
           org.apache.tomcat.jdbc.pool.DataSourceProxy.createPool(DataSourceProxy.java:99)
           org.apache.tomcat.jdbc.pool.DataSourceProxy.getConnection(DataSourceProxy.java:110)
           com.itc.fc4.model.PoolConnection.getPoolConnection(PoolConnection.java:108)
           com.itc.fc4.model.admin.PeriodDAO.getCurrentPeriod(PeriodDAO.java:69)
           com.itc.fc4.control.security.AuthController.handleRequest(AuthController.java:154)
           org.springframework.web.servlet.mvc.SimpleControllerHandlerAdapter.handle(SimpleControllerHandlerAdapter.java:48)
           org.springframework.web.servlet.DispatcherServlet.doDispatch(DispatcherServlet.java:874)
           org.springframework.web.servlet.DispatcherServlet.doService(DispatcherServlet.java:808)
           org.springframework.web.servlet.FrameworkServlet.processRequest(FrameworkServlet.java:476)
           org.springframework.web.servlet.FrameworkServlet.doPost(FrameworkServlet.java:441)
           javax.servlet.http.HttpServlet.service(HttpServlet.java:643)
           javax.servlet.http.HttpServlet.service(HttpServlet.java:723)
           org.apache.catalina.core.ApplicationFilterChain.internalDoFilter(ApplicationFilterChain.java:290)
           org.apache.catalina.core.ApplicationFilterChain.doFilter(ApplicationFilterChain.java:206)
           com.itc.fc4.control.EncodingFilter.doFilter(EncodingFilter.java:60)
           org.apache.catalina.core.ApplicationFilterChain.internalDoFilter(ApplicationFilterChain.java:235)
           org.apache.catalina.core.ApplicationFilterChain.doFilter(ApplicationFilterChain.java:206)
           org.apache.catalina.core.StandardWrapperValve.invoke(StandardWrapperValve.java:233)
           org.apache.catalina.core.StandardContextValve.invoke(StandardContextValve.java:191)
           org.apache.catalina.core.StandardHostValve.invoke(StandardHostValve.java:127)
           org.apache.catalina.valves.ErrorReportValve.invoke(ErrorReportValve.java:103)
           org.apache.catalina.core.StandardEngineValve.invoke(StandardEngineValve.java:109)
           org.apache.catalina.connector.CoyoteAdapter.service(CoyoteAdapter.java:293)
           org.apache.coyote.http11.Http11AprProcessor.process(Http11AprProcessor.java:879)
           org.apache.coyote.http11.Http11AprProtocol$Http11ConnectionHandler.process(Http11AprProtocol.java:617)
           org.apache.tomcat.util.net.AprEndpoint$Worker.run(AprEndpoint.java:1760)
           java.lang.Thread.run(Thread.java:595)
