000223991: Iniciando sesión con usuario [admin] y periodo [2012]
000652098: Iniciando sesión con usuario [admin] y periodo [2012]
000658525: org.postgresql.core.v3.QueryExecutorImpl.receiveErrorResponse(QueryExecutorImpl.java:2103)
           org.postgresql.core.v3.QueryExecutorImpl.processResults(QueryExecutorImpl.java:1836)
           org.postgresql.core.v3.QueryExecutorImpl.execute(QueryExecutorImpl.java:257)
           org.postgresql.jdbc2.AbstractJdbc2Statement.execute(AbstractJdbc2Statement.java:512)
           org.postgresql.jdbc2.AbstractJdbc2Statement.executeWithFlags(AbstractJdbc2Statement.java:388)
           org.postgresql.jdbc2.AbstractJdbc2Statement.executeQuery(AbstractJdbc2Statement.java:273)
           sun.reflect.NativeMethodAccessorImpl.invoke0(Native Method)
           sun.reflect.NativeMethodAccessorImpl.invoke(NativeMethodAccessorImpl.java:39)
           sun.reflect.DelegatingMethodAccessorImpl.invoke(DelegatingMethodAccessorImpl.java:25)
           java.lang.reflect.Method.invoke(Method.java:592)
           org.apache.tomcat.jdbc.pool.interceptor.AbstractQueryReport$StatementProxy.invoke(AbstractQueryReport.java:234)
           $Proxy7.executeQuery(Unknown Source)
           com.itc.fc4.control.Report.ExecuteQueryForTotals(Report.java:240)
           com.itc.fc4.control.Report.ExecuteQuery(Report.java:90)
           com.itc.fc4.tasks.document.reports.folio.ReporteFolioController.handleRequest(ReporteFolioController.java:84)
           org.springframework.web.servlet.mvc.SimpleControllerHandlerAdapter.handle(SimpleControllerHandlerAdapter.java:48)
           org.springframework.web.servlet.DispatcherServlet.doDispatch(DispatcherServlet.java:874)
           org.springframework.web.servlet.DispatcherServlet.doService(DispatcherServlet.java:808)
           org.springframework.web.servlet.FrameworkServlet.processRequest(FrameworkServlet.java:476)
           org.springframework.web.servlet.FrameworkServlet.doPost(FrameworkServlet.java:441)
           javax.servlet.http.HttpServlet.service(HttpServlet.java:643)
           javax.servlet.http.HttpServlet.service(HttpServlet.java:723)
           org.apache.catalina.core.ApplicationFilterChain.internalDoFilter(ApplicationFilterChain.java:290)
           org.apache.catalina.core.ApplicationFilterChain.doFilter(ApplicationFilterChain.java:206)
           com.itc.fc4.control.UrlFilter.doFilter(UrlFilter.java:37)
           org.apache.catalina.core.ApplicationFilterChain.internalDoFilter(ApplicationFilterChain.java:235)
           org.apache.catalina.core.ApplicationFilterChain.doFilter(ApplicationFilterChain.java:206)
           com.itc.fc4.control.EncodingFilter.doFilter(EncodingFilter.java:60)
           org.apache.catalina.core.ApplicationFilterChain.internalDoFilter(ApplicationFilterChain.java:235)
           org.apache.catalina.core.ApplicationFilterChain.doFilter(ApplicationFilterChain.java:206)
           org.apache.catalina.core.StandardWrapperValve.invoke(StandardWrapperValve.java:233)
           org.apache.catalina.core.StandardContextValve.invoke(StandardContextValve.java:191)
           org.apache.catalina.core.StandardHostValve.invoke(StandardHostValve.java:127)
           org.apache.catalina.valves.ErrorReportValve.invoke(ErrorReportValve.java:103)
           org.apache.catalina.core.StandardEngineValve.invoke(StandardEngineValve.java:109)
           org.apache.catalina.connector.CoyoteAdapter.service(CoyoteAdapter.java:293)
           org.apache.coyote.http11.Http11AprProcessor.process(Http11AprProcessor.java:879)
           org.apache.coyote.http11.Http11AprProtocol$Http11ConnectionHandler.process(Http11AprProtocol.java:617)
           org.apache.tomcat.util.net.AprEndpoint$Worker.run(AprEndpoint.java:1760)
           java.lang.Thread.run(Thread.java:595)
000902102: Iniciando sesión con usuario [admin] y periodo [2012]
000915351: org.postgresql.jdbc2.AbstractJdbc2ResultSet.findColumn(AbstractJdbc2ResultSet.java:2542)
           org.postgresql.jdbc2.AbstractJdbc2ResultSet.isUpdateable(AbstractJdbc2ResultSet.java:1531)
           org.postgresql.jdbc2.AbstractJdbc2ResultSet.checkUpdateable(AbstractJdbc2ResultSet.java:2641)
           org.postgresql.jdbc2.AbstractJdbc2ResultSet.moveToInsertRow(AbstractJdbc2ResultSet.java:884)
           com.itc.fc4.control.Report.ExecuteQueryForTotals(Report.java:297)
           com.itc.fc4.control.Report.ExecuteQuery(Report.java:90)
           com.itc.fc4.tasks.document.reports.folio.ReporteFolioController.handleRequest(ReporteFolioController.java:84)
           org.springframework.web.servlet.mvc.SimpleControllerHandlerAdapter.handle(SimpleControllerHandlerAdapter.java:48)
           org.springframework.web.servlet.DispatcherServlet.doDispatch(DispatcherServlet.java:874)
           org.springframework.web.servlet.DispatcherServlet.doService(DispatcherServlet.java:808)
           org.springframework.web.servlet.FrameworkServlet.processRequest(FrameworkServlet.java:476)
           org.springframework.web.servlet.FrameworkServlet.doPost(FrameworkServlet.java:441)
           javax.servlet.http.HttpServlet.service(HttpServlet.java:643)
           javax.servlet.http.HttpServlet.service(HttpServlet.java:723)
           org.apache.catalina.core.ApplicationFilterChain.internalDoFilter(ApplicationFilterChain.java:290)
           org.apache.catalina.core.ApplicationFilterChain.doFilter(ApplicationFilterChain.java:206)
           com.itc.fc4.control.UrlFilter.doFilter(UrlFilter.java:37)
           org.apache.catalina.core.ApplicationFilterChain.internalDoFilter(ApplicationFilterChain.java:235)
           org.apache.catalina.core.ApplicationFilterChain.doFilter(ApplicationFilterChain.java:206)
           com.itc.fc4.control.EncodingFilter.doFilter(EncodingFilter.java:60)
           org.apache.catalina.core.ApplicationFilterChain.internalDoFilter(ApplicationFilterChain.java:235)
           org.apache.catalina.core.ApplicationFilterChain.doFilter(ApplicationFilterChain.java:206)
           org.apache.catalina.core.StandardWrapperValve.invoke(StandardWrapperValve.java:233)
           org.apache.catalina.core.StandardContextValve.invoke(StandardContextValve.java:191)
           org.apache.catalina.core.StandardHostValve.invoke(StandardHostValve.java:127)
           org.apache.catalina.valves.ErrorReportValve.invoke(ErrorReportValve.java:103)
           org.apache.catalina.core.StandardEngineValve.invoke(StandardEngineValve.java:109)
           org.apache.catalina.connector.CoyoteAdapter.service(CoyoteAdapter.java:293)
           org.apache.coyote.http11.Http11AprProcessor.process(Http11AprProcessor.java:879)
           org.apache.coyote.http11.Http11AprProtocol$Http11ConnectionHandler.process(Http11AprProtocol.java:617)
           org.apache.tomcat.util.net.AprEndpoint$Worker.run(AprEndpoint.java:1760)
           java.lang.Thread.run(Thread.java:595)
001115635: Iniciando sesión con usuario [admin] y periodo [2012]
001137821: org.postgresql.jdbc2.AbstractJdbc2ResultSet.findColumn(AbstractJdbc2ResultSet.java:2542)
           org.postgresql.jdbc2.AbstractJdbc2ResultSet.isUpdateable(AbstractJdbc2ResultSet.java:1531)
           org.postgresql.jdbc2.AbstractJdbc2ResultSet.checkUpdateable(AbstractJdbc2ResultSet.java:2641)
           org.postgresql.jdbc2.AbstractJdbc2ResultSet.moveToInsertRow(AbstractJdbc2ResultSet.java:884)
           com.itc.fc4.control.Report.ExecuteQueryForTotals(Report.java:297)
           com.itc.fc4.control.Report.ExecuteQuery(Report.java:90)
           com.itc.fc4.tasks.document.reports.folio.ReporteFolioController.handleRequest(ReporteFolioController.java:84)
           org.springframework.web.servlet.mvc.SimpleControllerHandlerAdapter.handle(SimpleControllerHandlerAdapter.java:48)
           org.springframework.web.servlet.DispatcherServlet.doDispatch(DispatcherServlet.java:874)
           org.springframework.web.servlet.DispatcherServlet.doService(DispatcherServlet.java:808)
           org.springframework.web.servlet.FrameworkServlet.processRequest(FrameworkServlet.java:476)
           org.springframework.web.servlet.FrameworkServlet.doPost(FrameworkServlet.java:441)
           javax.servlet.http.HttpServlet.service(HttpServlet.java:643)
           javax.servlet.http.HttpServlet.service(HttpServlet.java:723)
           org.apache.catalina.core.ApplicationFilterChain.internalDoFilter(ApplicationFilterChain.java:290)
           org.apache.catalina.core.ApplicationFilterChain.doFilter(ApplicationFilterChain.java:206)
           com.itc.fc4.control.UrlFilter.doFilter(UrlFilter.java:37)
           org.apache.catalina.core.ApplicationFilterChain.internalDoFilter(ApplicationFilterChain.java:235)
           org.apache.catalina.core.ApplicationFilterChain.doFilter(ApplicationFilterChain.java:206)
           com.itc.fc4.control.EncodingFilter.doFilter(EncodingFilter.java:60)
           org.apache.catalina.core.ApplicationFilterChain.internalDoFilter(ApplicationFilterChain.java:235)
           org.apache.catalina.core.ApplicationFilterChain.doFilter(ApplicationFilterChain.java:206)
           org.apache.catalina.core.StandardWrapperValve.invoke(StandardWrapperValve.java:233)
           org.apache.catalina.core.StandardContextValve.invoke(StandardContextValve.java:191)
           org.apache.catalina.core.StandardHostValve.invoke(StandardHostValve.java:127)
           org.apache.catalina.valves.ErrorReportValve.invoke(ErrorReportValve.java:103)
           org.apache.catalina.core.StandardEngineValve.invoke(StandardEngineValve.java:109)
           org.apache.catalina.connector.CoyoteAdapter.service(CoyoteAdapter.java:293)
           org.apache.coyote.http11.Http11AprProcessor.process(Http11AprProcessor.java:879)
           org.apache.coyote.http11.Http11AprProtocol$Http11ConnectionHandler.process(Http11AprProtocol.java:617)
           org.apache.tomcat.util.net.AprEndpoint$Worker.run(AprEndpoint.java:1760)
           java.lang.Thread.run(Thread.java:595)
001305769: Iniciando sesión con usuario [admin] y periodo [2012]
001310191: org.postgresql.jdbc2.AbstractJdbc2ResultSet.findColumn(AbstractJdbc2ResultSet.java:2542)
           org.postgresql.jdbc2.AbstractJdbc2ResultSet.isUpdateable(AbstractJdbc2ResultSet.java:1531)
           org.postgresql.jdbc2.AbstractJdbc2ResultSet.checkUpdateable(AbstractJdbc2ResultSet.java:2641)
           org.postgresql.jdbc2.AbstractJdbc2ResultSet.moveToInsertRow(AbstractJdbc2ResultSet.java:884)
           com.itc.fc4.control.Report.ExecuteQueryForTotals(Report.java:297)
           com.itc.fc4.control.Report.ExecuteQuery(Report.java:90)
           com.itc.fc4.tasks.document.reports.folio.ReporteFolioController.handleRequest(ReporteFolioController.java:84)
           org.springframework.web.servlet.mvc.SimpleControllerHandlerAdapter.handle(SimpleControllerHandlerAdapter.java:48)
           org.springframework.web.servlet.DispatcherServlet.doDispatch(DispatcherServlet.java:874)
           org.springframework.web.servlet.DispatcherServlet.doService(DispatcherServlet.java:808)
           org.springframework.web.servlet.FrameworkServlet.processRequest(FrameworkServlet.java:476)
           org.springframework.web.servlet.FrameworkServlet.doPost(FrameworkServlet.java:441)
           javax.servlet.http.HttpServlet.service(HttpServlet.java:643)
           javax.servlet.http.HttpServlet.service(HttpServlet.java:723)
           org.apache.catalina.core.ApplicationFilterChain.internalDoFilter(ApplicationFilterChain.java:290)
           org.apache.catalina.core.ApplicationFilterChain.doFilter(ApplicationFilterChain.java:206)
           com.itc.fc4.control.UrlFilter.doFilter(UrlFilter.java:37)
           org.apache.catalina.core.ApplicationFilterChain.internalDoFilter(ApplicationFilterChain.java:235)
           org.apache.catalina.core.ApplicationFilterChain.doFilter(ApplicationFilterChain.java:206)
           com.itc.fc4.control.EncodingFilter.doFilter(EncodingFilter.java:60)
           org.apache.catalina.core.ApplicationFilterChain.internalDoFilter(ApplicationFilterChain.java:235)
           org.apache.catalina.core.ApplicationFilterChain.doFilter(ApplicationFilterChain.java:206)
           org.apache.catalina.core.StandardWrapperValve.invoke(StandardWrapperValve.java:233)
           org.apache.catalina.core.StandardContextValve.invoke(StandardContextValve.java:191)
           org.apache.catalina.core.StandardHostValve.invoke(StandardHostValve.java:127)
           org.apache.catalina.valves.ErrorReportValve.invoke(ErrorReportValve.java:103)
           org.apache.catalina.core.StandardEngineValve.invoke(StandardEngineValve.java:109)
           org.apache.catalina.connector.CoyoteAdapter.service(CoyoteAdapter.java:293)
           org.apache.coyote.http11.Http11AprProcessor.process(Http11AprProcessor.java:879)
           org.apache.coyote.http11.Http11AprProtocol$Http11ConnectionHandler.process(Http11AprProtocol.java:617)
           org.apache.tomcat.util.net.AprEndpoint$Worker.run(AprEndpoint.java:1760)
           java.lang.Thread.run(Thread.java:595)
001414800: Iniciando sesión con usuario [admin] y periodo [2012]
001420364: org.postgresql.jdbc2.AbstractJdbc2ResultSet.findColumn(AbstractJdbc2ResultSet.java:2542)
           org.postgresql.jdbc2.AbstractJdbc2ResultSet.isUpdateable(AbstractJdbc2ResultSet.java:1531)
           org.postgresql.jdbc2.AbstractJdbc2ResultSet.checkUpdateable(AbstractJdbc2ResultSet.java:2641)
           org.postgresql.jdbc2.AbstractJdbc2ResultSet.moveToInsertRow(AbstractJdbc2ResultSet.java:884)
           com.itc.fc4.control.Report.ExecuteQueryForTotals(Report.java:297)
           com.itc.fc4.control.Report.ExecuteQuery(Report.java:90)
           com.itc.fc4.tasks.document.reports.folio.ReporteFolioController.handleRequest(ReporteFolioController.java:84)
           org.springframework.web.servlet.mvc.SimpleControllerHandlerAdapter.handle(SimpleControllerHandlerAdapter.java:48)
           org.springframework.web.servlet.DispatcherServlet.doDispatch(DispatcherServlet.java:874)
           org.springframework.web.servlet.DispatcherServlet.doService(DispatcherServlet.java:808)
           org.springframework.web.servlet.FrameworkServlet.processRequest(FrameworkServlet.java:476)
           org.springframework.web.servlet.FrameworkServlet.doPost(FrameworkServlet.java:441)
           javax.servlet.http.HttpServlet.service(HttpServlet.java:643)
           javax.servlet.http.HttpServlet.service(HttpServlet.java:723)
           org.apache.catalina.core.ApplicationFilterChain.internalDoFilter(ApplicationFilterChain.java:290)
           org.apache.catalina.core.ApplicationFilterChain.doFilter(ApplicationFilterChain.java:206)
           com.itc.fc4.control.UrlFilter.doFilter(UrlFilter.java:37)
           org.apache.catalina.core.ApplicationFilterChain.internalDoFilter(ApplicationFilterChain.java:235)
           org.apache.catalina.core.ApplicationFilterChain.doFilter(ApplicationFilterChain.java:206)
           com.itc.fc4.control.EncodingFilter.doFilter(EncodingFilter.java:60)
           org.apache.catalina.core.ApplicationFilterChain.internalDoFilter(ApplicationFilterChain.java:235)
           org.apache.catalina.core.ApplicationFilterChain.doFilter(ApplicationFilterChain.java:206)
           org.apache.catalina.core.StandardWrapperValve.invoke(StandardWrapperValve.java:233)
           org.apache.catalina.core.StandardContextValve.invoke(StandardContextValve.java:191)
           org.apache.catalina.core.StandardHostValve.invoke(StandardHostValve.java:127)
           org.apache.catalina.valves.ErrorReportValve.invoke(ErrorReportValve.java:103)
           org.apache.catalina.core.StandardEngineValve.invoke(StandardEngineValve.java:109)
           org.apache.catalina.connector.CoyoteAdapter.service(CoyoteAdapter.java:293)
           org.apache.coyote.http11.Http11AprProcessor.process(Http11AprProcessor.java:879)
           org.apache.coyote.http11.Http11AprProtocol$Http11ConnectionHandler.process(Http11AprProtocol.java:617)
           org.apache.tomcat.util.net.AprEndpoint$Worker.run(AprEndpoint.java:1760)
           java.lang.Thread.run(Thread.java:595)
001651883: Iniciando sesión con usuario [admin] y periodo [2012]
001655461: org.postgresql.core.v3.QueryExecutorImpl.receiveErrorResponse(QueryExecutorImpl.java:2103)
           org.postgresql.core.v3.QueryExecutorImpl.processResults(QueryExecutorImpl.java:1836)
           org.postgresql.core.v3.QueryExecutorImpl.execute(QueryExecutorImpl.java:257)
           org.postgresql.jdbc2.AbstractJdbc2Statement.execute(AbstractJdbc2Statement.java:512)
           org.postgresql.jdbc2.AbstractJdbc2Statement.executeWithFlags(AbstractJdbc2Statement.java:388)
           org.postgresql.jdbc2.AbstractJdbc2Statement.executeUpdate(AbstractJdbc2Statement.java:334)
           org.postgresql.jdbc2.AbstractJdbc2ResultSet.insertRow(AbstractJdbc2ResultSet.java:832)
           com.itc.fc4.control.Report.ExecuteQueryForTotals(Report.java:300)
           com.itc.fc4.control.Report.ExecuteQuery(Report.java:90)
           com.itc.fc4.tasks.document.reports.folio.ReporteFolioController.handleRequest(ReporteFolioController.java:84)
           org.springframework.web.servlet.mvc.SimpleControllerHandlerAdapter.handle(SimpleControllerHandlerAdapter.java:48)
           org.springframework.web.servlet.DispatcherServlet.doDispatch(DispatcherServlet.java:874)
           org.springframework.web.servlet.DispatcherServlet.doService(DispatcherServlet.java:808)
           org.springframework.web.servlet.FrameworkServlet.processRequest(FrameworkServlet.java:476)
           org.springframework.web.servlet.FrameworkServlet.doPost(FrameworkServlet.java:441)
           javax.servlet.http.HttpServlet.service(HttpServlet.java:643)
           javax.servlet.http.HttpServlet.service(HttpServlet.java:723)
           org.apache.catalina.core.ApplicationFilterChain.internalDoFilter(ApplicationFilterChain.java:290)
           org.apache.catalina.core.ApplicationFilterChain.doFilter(ApplicationFilterChain.java:206)
           com.itc.fc4.control.UrlFilter.doFilter(UrlFilter.java:37)
           org.apache.catalina.core.ApplicationFilterChain.internalDoFilter(ApplicationFilterChain.java:235)
           org.apache.catalina.core.ApplicationFilterChain.doFilter(ApplicationFilterChain.java:206)
           com.itc.fc4.control.EncodingFilter.doFilter(EncodingFilter.java:60)
           org.apache.catalina.core.ApplicationFilterChain.internalDoFilter(ApplicationFilterChain.java:235)
           org.apache.catalina.core.ApplicationFilterChain.doFilter(ApplicationFilterChain.java:206)
           org.apache.catalina.core.StandardWrapperValve.invoke(StandardWrapperValve.java:233)
           org.apache.catalina.core.StandardContextValve.invoke(StandardContextValve.java:191)
           org.apache.catalina.core.StandardHostValve.invoke(StandardHostValve.java:127)
           org.apache.catalina.valves.ErrorReportValve.invoke(ErrorReportValve.java:103)
           org.apache.catalina.core.StandardEngineValve.invoke(StandardEngineValve.java:109)
           org.apache.catalina.connector.CoyoteAdapter.service(CoyoteAdapter.java:293)
           org.apache.coyote.http11.Http11AprProcessor.process(Http11AprProcessor.java:879)
           org.apache.coyote.http11.Http11AprProtocol$Http11ConnectionHandler.process(Http11AprProtocol.java:617)
           org.apache.tomcat.util.net.AprEndpoint$Worker.run(AprEndpoint.java:1760)
           java.lang.Thread.run(Thread.java:595)
002051754: Iniciando sesión con usuario [admin] y periodo [2012]
002128566: org.postgresql.jdbc2.AbstractJdbc2ResultSet.findColumn(AbstractJdbc2ResultSet.java:2542)
           org.postgresql.jdbc2.AbstractJdbc2ResultSet.updateInt(AbstractJdbc2ResultSet.java:1359)
           com.itc.fc4.control.Report.ExecuteQueryForTotals(Report.java:302)
           com.itc.fc4.control.Report.ExecuteQuery(Report.java:90)
           com.itc.fc4.tasks.document.reports.folio.ReporteFolioController.handleRequest(ReporteFolioController.java:84)
           org.springframework.web.servlet.mvc.SimpleControllerHandlerAdapter.handle(SimpleControllerHandlerAdapter.java:48)
           org.springframework.web.servlet.DispatcherServlet.doDispatch(DispatcherServlet.java:874)
           org.springframework.web.servlet.DispatcherServlet.doService(DispatcherServlet.java:808)
           org.springframework.web.servlet.FrameworkServlet.processRequest(FrameworkServlet.java:476)
           org.springframework.web.servlet.FrameworkServlet.doPost(FrameworkServlet.java:441)
           javax.servlet.http.HttpServlet.service(HttpServlet.java:643)
           javax.servlet.http.HttpServlet.service(HttpServlet.java:723)
           org.apache.catalina.core.ApplicationFilterChain.internalDoFilter(ApplicationFilterChain.java:290)
           org.apache.catalina.core.ApplicationFilterChain.doFilter(ApplicationFilterChain.java:206)
           com.itc.fc4.control.UrlFilter.doFilter(UrlFilter.java:37)
           org.apache.catalina.core.ApplicationFilterChain.internalDoFilter(ApplicationFilterChain.java:235)
           org.apache.catalina.core.ApplicationFilterChain.doFilter(ApplicationFilterChain.java:206)
           com.itc.fc4.control.EncodingFilter.doFilter(EncodingFilter.java:60)
           org.apache.catalina.core.ApplicationFilterChain.internalDoFilter(ApplicationFilterChain.java:235)
           org.apache.catalina.core.ApplicationFilterChain.doFilter(ApplicationFilterChain.java:206)
           org.apache.catalina.core.StandardWrapperValve.invoke(StandardWrapperValve.java:233)
           org.apache.catalina.core.StandardContextValve.invoke(StandardContextValve.java:191)
           org.apache.catalina.core.StandardHostValve.invoke(StandardHostValve.java:127)
           org.apache.catalina.valves.ErrorReportValve.invoke(ErrorReportValve.java:103)
           org.apache.catalina.core.StandardEngineValve.invoke(StandardEngineValve.java:109)
           org.apache.catalina.connector.CoyoteAdapter.service(CoyoteAdapter.java:293)
           org.apache.coyote.http11.Http11AprProcessor.process(Http11AprProcessor.java:879)
           org.apache.coyote.http11.Http11AprProtocol$Http11ConnectionHandler.process(Http11AprProtocol.java:617)
           org.apache.tomcat.util.net.AprEndpoint$Worker.run(AprEndpoint.java:1760)
           java.lang.Thread.run(Thread.java:595)
002208886: Iniciando sesión con usuario [admin] y periodo [2012]
002214482: org.postgresql.core.v3.QueryExecutorImpl.receiveErrorResponse(QueryExecutorImpl.java:2103)
           org.postgresql.core.v3.QueryExecutorImpl.processResults(QueryExecutorImpl.java:1836)
           org.postgresql.core.v3.QueryExecutorImpl.execute(QueryExecutorImpl.java:257)
           org.postgresql.jdbc2.AbstractJdbc2Statement.execute(AbstractJdbc2Statement.java:512)
           org.postgresql.jdbc2.AbstractJdbc2Statement.executeWithFlags(AbstractJdbc2Statement.java:388)
           org.postgresql.jdbc2.AbstractJdbc2Statement.executeUpdate(AbstractJdbc2Statement.java:334)
           org.postgresql.jdbc2.AbstractJdbc2ResultSet.insertRow(AbstractJdbc2ResultSet.java:832)
           com.itc.fc4.control.Report.ExecuteQueryForTotals(Report.java:305)
           com.itc.fc4.control.Report.ExecuteQuery(Report.java:90)
           com.itc.fc4.tasks.document.reports.folio.ReporteFolioController.handleRequest(ReporteFolioController.java:84)
           org.springframework.web.servlet.mvc.SimpleControllerHandlerAdapter.handle(SimpleControllerHandlerAdapter.java:48)
           org.springframework.web.servlet.DispatcherServlet.doDispatch(DispatcherServlet.java:874)
           org.springframework.web.servlet.DispatcherServlet.doService(DispatcherServlet.java:808)
           org.springframework.web.servlet.FrameworkServlet.processRequest(FrameworkServlet.java:476)
           org.springframework.web.servlet.FrameworkServlet.doPost(FrameworkServlet.java:441)
           javax.servlet.http.HttpServlet.service(HttpServlet.java:643)
           javax.servlet.http.HttpServlet.service(HttpServlet.java:723)
           org.apache.catalina.core.ApplicationFilterChain.internalDoFilter(ApplicationFilterChain.java:290)
           org.apache.catalina.core.ApplicationFilterChain.doFilter(ApplicationFilterChain.java:206)
           com.itc.fc4.control.UrlFilter.doFilter(UrlFilter.java:37)
           org.apache.catalina.core.ApplicationFilterChain.internalDoFilter(ApplicationFilterChain.java:235)
           org.apache.catalina.core.ApplicationFilterChain.doFilter(ApplicationFilterChain.java:206)
           com.itc.fc4.control.EncodingFilter.doFilter(EncodingFilter.java:60)
           org.apache.catalina.core.ApplicationFilterChain.internalDoFilter(ApplicationFilterChain.java:235)
           org.apache.catalina.core.ApplicationFilterChain.doFilter(ApplicationFilterChain.java:206)
           org.apache.catalina.core.StandardWrapperValve.invoke(StandardWrapperValve.java:233)
           org.apache.catalina.core.StandardContextValve.invoke(StandardContextValve.java:191)
           org.apache.catalina.core.StandardHostValve.invoke(StandardHostValve.java:127)
           org.apache.catalina.valves.ErrorReportValve.invoke(ErrorReportValve.java:103)
           org.apache.catalina.core.StandardEngineValve.invoke(StandardEngineValve.java:109)
           org.apache.catalina.connector.CoyoteAdapter.service(CoyoteAdapter.java:293)
           org.apache.coyote.http11.Http11AprProcessor.process(Http11AprProcessor.java:879)
           org.apache.coyote.http11.Http11AprProtocol$Http11ConnectionHandler.process(Http11AprProtocol.java:617)
           org.apache.tomcat.util.net.AprEndpoint$Worker.run(AprEndpoint.java:1760)
           java.lang.Thread.run(Thread.java:595)
003214613: Iniciando sesión con usuario [admin] y periodo [2012]
003218414: org.postgresql.core.v3.QueryExecutorImpl.receiveErrorResponse(QueryExecutorImpl.java:2103)
           org.postgresql.core.v3.QueryExecutorImpl.processResults(QueryExecutorImpl.java:1836)
           org.postgresql.core.v3.QueryExecutorImpl.execute(QueryExecutorImpl.java:257)
           org.postgresql.jdbc2.AbstractJdbc2Statement.execute(AbstractJdbc2Statement.java:512)
           org.postgresql.jdbc2.AbstractJdbc2Statement.executeWithFlags(AbstractJdbc2Statement.java:388)
           org.postgresql.jdbc2.AbstractJdbc2Statement.executeUpdate(AbstractJdbc2Statement.java:334)
           org.postgresql.jdbc2.AbstractJdbc2ResultSet.insertRow(AbstractJdbc2ResultSet.java:832)
           com.itc.fc4.control.Report.ExecuteQueryForTotals(Report.java:306)
           com.itc.fc4.control.Report.ExecuteQuery(Report.java:90)
           com.itc.fc4.tasks.document.reports.folio.ReporteFolioController.handleRequest(ReporteFolioController.java:84)
           org.springframework.web.servlet.mvc.SimpleControllerHandlerAdapter.handle(SimpleControllerHandlerAdapter.java:48)
           org.springframework.web.servlet.DispatcherServlet.doDispatch(DispatcherServlet.java:874)
           org.springframework.web.servlet.DispatcherServlet.doService(DispatcherServlet.java:808)
           org.springframework.web.servlet.FrameworkServlet.processRequest(FrameworkServlet.java:476)
           org.springframework.web.servlet.FrameworkServlet.doPost(FrameworkServlet.java:441)
           javax.servlet.http.HttpServlet.service(HttpServlet.java:643)
           javax.servlet.http.HttpServlet.service(HttpServlet.java:723)
           org.apache.catalina.core.ApplicationFilterChain.internalDoFilter(ApplicationFilterChain.java:290)
           org.apache.catalina.core.ApplicationFilterChain.doFilter(ApplicationFilterChain.java:206)
           com.itc.fc4.control.UrlFilter.doFilter(UrlFilter.java:37)
           org.apache.catalina.core.ApplicationFilterChain.internalDoFilter(ApplicationFilterChain.java:235)
           org.apache.catalina.core.ApplicationFilterChain.doFilter(ApplicationFilterChain.java:206)
           com.itc.fc4.control.EncodingFilter.doFilter(EncodingFilter.java:60)
           org.apache.catalina.core.ApplicationFilterChain.internalDoFilter(ApplicationFilterChain.java:235)
           org.apache.catalina.core.ApplicationFilterChain.doFilter(ApplicationFilterChain.java:206)
           org.apache.catalina.core.StandardWrapperValve.invoke(StandardWrapperValve.java:233)
           org.apache.catalina.core.StandardContextValve.invoke(StandardContextValve.java:191)
           org.apache.catalina.core.StandardHostValve.invoke(StandardHostValve.java:127)
           org.apache.catalina.valves.ErrorReportValve.invoke(ErrorReportValve.java:103)
           org.apache.catalina.core.StandardEngineValve.invoke(StandardEngineValve.java:109)
           org.apache.catalina.connector.CoyoteAdapter.service(CoyoteAdapter.java:293)
           org.apache.coyote.http11.Http11AprProcessor.process(Http11AprProcessor.java:879)
           org.apache.coyote.http11.Http11AprProtocol$Http11ConnectionHandler.process(Http11AprProtocol.java:617)
           org.apache.tomcat.util.net.AprEndpoint$Worker.run(AprEndpoint.java:1760)
           java.lang.Thread.run(Thread.java:595)
003716376: Iniciando sesión con usuario [admin] y periodo [2012]
003738451: org.postgresql.core.v3.QueryExecutorImpl.receiveErrorResponse(QueryExecutorImpl.java:2103)
           org.postgresql.core.v3.QueryExecutorImpl.processResults(QueryExecutorImpl.java:1836)
           org.postgresql.core.v3.QueryExecutorImpl.execute(QueryExecutorImpl.java:257)
           org.postgresql.jdbc2.AbstractJdbc2Statement.execute(AbstractJdbc2Statement.java:512)
           org.postgresql.jdbc2.AbstractJdbc2Statement.executeWithFlags(AbstractJdbc2Statement.java:388)
           org.postgresql.jdbc2.AbstractJdbc2Statement.executeUpdate(AbstractJdbc2Statement.java:334)
           org.postgresql.jdbc2.AbstractJdbc2ResultSet.insertRow(AbstractJdbc2ResultSet.java:832)
           com.itc.fc4.control.Report.ExecuteQueryForTotals(Report.java:309)
           com.itc.fc4.control.Report.ExecuteQuery(Report.java:90)
           com.itc.fc4.tasks.document.reports.folio.ReporteFolioController.handleRequest(ReporteFolioController.java:84)
           org.springframework.web.servlet.mvc.SimpleControllerHandlerAdapter.handle(SimpleControllerHandlerAdapter.java:48)
           org.springframework.web.servlet.DispatcherServlet.doDispatch(DispatcherServlet.java:874)
           org.springframework.web.servlet.DispatcherServlet.doService(DispatcherServlet.java:808)
           org.springframework.web.servlet.FrameworkServlet.processRequest(FrameworkServlet.java:476)
           org.springframework.web.servlet.FrameworkServlet.doPost(FrameworkServlet.java:441)
           javax.servlet.http.HttpServlet.service(HttpServlet.java:643)
           javax.servlet.http.HttpServlet.service(HttpServlet.java:723)
           org.apache.catalina.core.ApplicationFilterChain.internalDoFilter(ApplicationFilterChain.java:290)
           org.apache.catalina.core.ApplicationFilterChain.doFilter(ApplicationFilterChain.java:206)
           com.itc.fc4.control.UrlFilter.doFilter(UrlFilter.java:37)
           org.apache.catalina.core.ApplicationFilterChain.internalDoFilter(ApplicationFilterChain.java:235)
           org.apache.catalina.core.ApplicationFilterChain.doFilter(ApplicationFilterChain.java:206)
           com.itc.fc4.control.EncodingFilter.doFilter(EncodingFilter.java:60)
           org.apache.catalina.core.ApplicationFilterChain.internalDoFilter(ApplicationFilterChain.java:235)
           org.apache.catalina.core.ApplicationFilterChain.doFilter(ApplicationFilterChain.java:206)
           org.apache.catalina.core.StandardWrapperValve.invoke(StandardWrapperValve.java:233)
           org.apache.catalina.core.StandardContextValve.invoke(StandardContextValve.java:191)
           org.apache.catalina.core.StandardHostValve.invoke(StandardHostValve.java:127)
           org.apache.catalina.valves.ErrorReportValve.invoke(ErrorReportValve.java:103)
           org.apache.catalina.core.StandardEngineValve.invoke(StandardEngineValve.java:109)
           org.apache.catalina.connector.CoyoteAdapter.service(CoyoteAdapter.java:293)
           org.apache.coyote.http11.Http11AprProcessor.process(Http11AprProcessor.java:879)
           org.apache.coyote.http11.Http11AprProtocol$Http11ConnectionHandler.process(Http11AprProtocol.java:617)
           org.apache.tomcat.util.net.AprEndpoint$Worker.run(AprEndpoint.java:1760)
           java.lang.Thread.run(Thread.java:595)
003935656: org.apache.commons.io.FileUtils.openInputStream(FileUtils.java:254)
           org.apache.commons.io.FileUtils.readFileToString(FileUtils.java:1641)
           org.apache.commons.io.FileUtils.readFileToString(FileUtils.java:1659)
           com.itc.fc4.notification.mail.SimpleMail.loadTemplate(SimpleMail.java:180)
           com.itc.fc4.control.security.AuthController.handleRequest(AuthController.java:187)
           org.springframework.web.servlet.mvc.SimpleControllerHandlerAdapter.handle(SimpleControllerHandlerAdapter.java:48)
           org.springframework.web.servlet.DispatcherServlet.doDispatch(DispatcherServlet.java:874)
           org.springframework.web.servlet.DispatcherServlet.doService(DispatcherServlet.java:808)
           org.springframework.web.servlet.FrameworkServlet.processRequest(FrameworkServlet.java:476)
           org.springframework.web.servlet.FrameworkServlet.doPost(FrameworkServlet.java:441)
           javax.servlet.http.HttpServlet.service(HttpServlet.java:643)
           javax.servlet.http.HttpServlet.service(HttpServlet.java:723)
           org.apache.catalina.core.ApplicationFilterChain.internalDoFilter(ApplicationFilterChain.java:290)
           org.apache.catalina.core.ApplicationFilterChain.doFilter(ApplicationFilterChain.java:206)
           com.itc.fc4.control.EncodingFilter.doFilter(EncodingFilter.java:60)
           org.apache.catalina.core.ApplicationFilterChain.internalDoFilter(ApplicationFilterChain.java:235)
           org.apache.catalina.core.ApplicationFilterChain.doFilter(ApplicationFilterChain.java:206)
           org.apache.catalina.core.StandardWrapperValve.invoke(StandardWrapperValve.java:233)
           org.apache.catalina.core.StandardContextValve.invoke(StandardContextValve.java:191)
           org.apache.catalina.core.StandardHostValve.invoke(StandardHostValve.java:127)
           org.apache.catalina.valves.ErrorReportValve.invoke(ErrorReportValve.java:103)
           org.apache.catalina.core.StandardEngineValve.invoke(StandardEngineValve.java:109)
           org.apache.catalina.connector.CoyoteAdapter.service(CoyoteAdapter.java:293)
           org.apache.coyote.http11.Http11AprProcessor.process(Http11AprProcessor.java:879)
           org.apache.coyote.http11.Http11AprProtocol$Http11ConnectionHandler.process(Http11AprProtocol.java:617)
           org.apache.tomcat.util.net.AprEndpoint$Worker.run(AprEndpoint.java:1760)
           java.lang.Thread.run(Thread.java:595)
004020988: Intento de inicio de sesión usuario INACTIVO [admin]
004044773: Iniciando sesión con usuario [admin] y periodo [2012]
004052778: org.postgresql.jdbc2.AbstractJdbc2ResultSet.next(AbstractJdbc2ResultSet.java:1789)
           com.itc.fc4.control.Report.ExecuteQueryForTotals(Report.java:311)
           com.itc.fc4.control.Report.ExecuteQuery(Report.java:90)
           com.itc.fc4.tasks.document.reports.folio.ReporteFolioController.handleRequest(ReporteFolioController.java:84)
           org.springframework.web.servlet.mvc.SimpleControllerHandlerAdapter.handle(SimpleControllerHandlerAdapter.java:48)
           org.springframework.web.servlet.DispatcherServlet.doDispatch(DispatcherServlet.java:874)
           org.springframework.web.servlet.DispatcherServlet.doService(DispatcherServlet.java:808)
           org.springframework.web.servlet.FrameworkServlet.processRequest(FrameworkServlet.java:476)
           org.springframework.web.servlet.FrameworkServlet.doPost(FrameworkServlet.java:441)
           javax.servlet.http.HttpServlet.service(HttpServlet.java:643)
           javax.servlet.http.HttpServlet.service(HttpServlet.java:723)
           org.apache.catalina.core.ApplicationFilterChain.internalDoFilter(ApplicationFilterChain.java:290)
           org.apache.catalina.core.ApplicationFilterChain.doFilter(ApplicationFilterChain.java:206)
           com.itc.fc4.control.UrlFilter.doFilter(UrlFilter.java:37)
           org.apache.catalina.core.ApplicationFilterChain.internalDoFilter(ApplicationFilterChain.java:235)
           org.apache.catalina.core.ApplicationFilterChain.doFilter(ApplicationFilterChain.java:206)
           com.itc.fc4.control.EncodingFilter.doFilter(EncodingFilter.java:60)
           org.apache.catalina.core.ApplicationFilterChain.internalDoFilter(ApplicationFilterChain.java:235)
           org.apache.catalina.core.ApplicationFilterChain.doFilter(ApplicationFilterChain.java:206)
           org.apache.catalina.core.StandardWrapperValve.invoke(StandardWrapperValve.java:233)
           org.apache.catalina.core.StandardContextValve.invoke(StandardContextValve.java:191)
           org.apache.catalina.core.StandardHostValve.invoke(StandardHostValve.java:127)
           org.apache.catalina.valves.ErrorReportValve.invoke(ErrorReportValve.java:103)
           org.apache.catalina.core.StandardEngineValve.invoke(StandardEngineValve.java:109)
           org.apache.catalina.connector.CoyoteAdapter.service(CoyoteAdapter.java:293)
           org.apache.coyote.http11.Http11AprProcessor.process(Http11AprProcessor.java:879)
           org.apache.coyote.http11.Http11AprProtocol$Http11ConnectionHandler.process(Http11AprProtocol.java:617)
           org.apache.tomcat.util.net.AprEndpoint$Worker.run(AprEndpoint.java:1760)
           java.lang.Thread.run(Thread.java:595)
004205689: org.apache.commons.io.FileUtils.openInputStream(FileUtils.java:254)
           org.apache.commons.io.FileUtils.readFileToString(FileUtils.java:1641)
           org.apache.commons.io.FileUtils.readFileToString(FileUtils.java:1659)
           com.itc.fc4.notification.mail.SimpleMail.loadTemplate(SimpleMail.java:180)
           com.itc.fc4.control.security.AuthController.handleRequest(AuthController.java:187)
           org.springframework.web.servlet.mvc.SimpleControllerHandlerAdapter.handle(SimpleControllerHandlerAdapter.java:48)
           org.springframework.web.servlet.DispatcherServlet.doDispatch(DispatcherServlet.java:874)
           org.springframework.web.servlet.DispatcherServlet.doService(DispatcherServlet.java:808)
           org.springframework.web.servlet.FrameworkServlet.processRequest(FrameworkServlet.java:476)
           org.springframework.web.servlet.FrameworkServlet.doPost(FrameworkServlet.java:441)
           javax.servlet.http.HttpServlet.service(HttpServlet.java:643)
           javax.servlet.http.HttpServlet.service(HttpServlet.java:723)
           org.apache.catalina.core.ApplicationFilterChain.internalDoFilter(ApplicationFilterChain.java:290)
           org.apache.catalina.core.ApplicationFilterChain.doFilter(ApplicationFilterChain.java:206)
           com.itc.fc4.control.EncodingFilter.doFilter(EncodingFilter.java:60)
           org.apache.catalina.core.ApplicationFilterChain.internalDoFilter(ApplicationFilterChain.java:235)
           org.apache.catalina.core.ApplicationFilterChain.doFilter(ApplicationFilterChain.java:206)
           org.apache.catalina.core.StandardWrapperValve.invoke(StandardWrapperValve.java:233)
           org.apache.catalina.core.StandardContextValve.invoke(StandardContextValve.java:191)
           org.apache.catalina.core.StandardHostValve.invoke(StandardHostValve.java:127)
           org.apache.catalina.valves.ErrorReportValve.invoke(ErrorReportValve.java:103)
           org.apache.catalina.core.StandardEngineValve.invoke(StandardEngineValve.java:109)
           org.apache.catalina.connector.CoyoteAdapter.service(CoyoteAdapter.java:293)
           org.apache.coyote.http11.Http11AprProcessor.process(Http11AprProcessor.java:879)
           org.apache.coyote.http11.Http11AprProtocol$Http11ConnectionHandler.process(Http11AprProtocol.java:617)
           org.apache.tomcat.util.net.AprEndpoint$Worker.run(AprEndpoint.java:1760)
           java.lang.Thread.run(Thread.java:595)
