172334904: com.itc.repository.fc4Repository.Init(fc4Repository.java:148)
           com.itc.fc4.control.security.AuthController.handleRequest(AuthController.java:140)
           org.springframework.web.servlet.mvc.SimpleControllerHandlerAdapter.handle(SimpleControllerHandlerAdapter.java:48)
           org.springframework.web.servlet.DispatcherServlet.doDispatch(DispatcherServlet.java:874)
           org.springframework.web.servlet.DispatcherServlet.doService(DispatcherServlet.java:808)
           org.springframework.web.servlet.FrameworkServlet.processRequest(FrameworkServlet.java:476)
           org.springframework.web.servlet.FrameworkServlet.doPost(FrameworkServlet.java:441)
           javax.servlet.http.HttpServlet.service(HttpServlet.java:643)
           javax.servlet.http.HttpServlet.service(HttpServlet.java:723)
           org.apache.catalina.core.ApplicationFilterChain.internalDoFilter(ApplicationFilterChain.java:290)
           org.apache.catalina.core.ApplicationFilterChain.doFilter(ApplicationFilterChain.java:206)
           com.itc.fc4.control.EncodingFilter.doFilter(EncodingFilter.java:58)
           org.apache.catalina.core.ApplicationFilterChain.internalDoFilter(ApplicationFilterChain.java:235)
           org.apache.catalina.core.ApplicationFilterChain.doFilter(ApplicationFilterChain.java:206)
           org.apache.catalina.core.StandardWrapperValve.invoke(StandardWrapperValve.java:233)
           org.apache.catalina.core.StandardContextValve.invoke(StandardContextValve.java:191)
           org.apache.catalina.core.StandardHostValve.invoke(StandardHostValve.java:127)
           org.apache.catalina.valves.ErrorReportValve.invoke(ErrorReportValve.java:103)
           org.apache.catalina.core.StandardEngineValve.invoke(StandardEngineValve.java:109)
           org.apache.catalina.connector.CoyoteAdapter.service(CoyoteAdapter.java:293)
           org.apache.coyote.http11.Http11AprProcessor.process(Http11AprProcessor.java:879)
           org.apache.coyote.http11.Http11AprProtocol$Http11ConnectionHandler.process(Http11AprProtocol.java:617)
           org.apache.tomcat.util.net.AprEndpoint$Worker.run(AprEndpoint.java:1760)
           java.lang.Thread.run(Thread.java:595)
172455887: com.itc.repository.fc4Repository.Init(fc4Repository.java:148)
           com.itc.fc4.control.security.AuthController.handleRequest(AuthController.java:140)
           org.springframework.web.servlet.mvc.SimpleControllerHandlerAdapter.handle(SimpleControllerHandlerAdapter.java:48)
           org.springframework.web.servlet.DispatcherServlet.doDispatch(DispatcherServlet.java:874)
           org.springframework.web.servlet.DispatcherServlet.doService(DispatcherServlet.java:808)
           org.springframework.web.servlet.FrameworkServlet.processRequest(FrameworkServlet.java:476)
           org.springframework.web.servlet.FrameworkServlet.doPost(FrameworkServlet.java:441)
           javax.servlet.http.HttpServlet.service(HttpServlet.java:643)
           javax.servlet.http.HttpServlet.service(HttpServlet.java:723)
           org.apache.catalina.core.ApplicationFilterChain.internalDoFilter(ApplicationFilterChain.java:290)
           org.apache.catalina.core.ApplicationFilterChain.doFilter(ApplicationFilterChain.java:206)
           com.itc.fc4.control.EncodingFilter.doFilter(EncodingFilter.java:58)
           org.apache.catalina.core.ApplicationFilterChain.internalDoFilter(ApplicationFilterChain.java:235)
           org.apache.catalina.core.ApplicationFilterChain.doFilter(ApplicationFilterChain.java:206)
           org.apache.catalina.core.StandardWrapperValve.invoke(StandardWrapperValve.java:233)
           org.apache.catalina.core.StandardContextValve.invoke(StandardContextValve.java:191)
           org.apache.catalina.core.StandardHostValve.invoke(StandardHostValve.java:127)
           org.apache.catalina.valves.ErrorReportValve.invoke(ErrorReportValve.java:103)
           org.apache.catalina.core.StandardEngineValve.invoke(StandardEngineValve.java:109)
           org.apache.catalina.connector.CoyoteAdapter.service(CoyoteAdapter.java:293)
           org.apache.coyote.http11.Http11AprProcessor.process(Http11AprProcessor.java:879)
           org.apache.coyote.http11.Http11AprProtocol$Http11ConnectionHandler.process(Http11AprProtocol.java:617)
           org.apache.tomcat.util.net.AprEndpoint$Worker.run(AprEndpoint.java:1760)
           java.lang.Thread.run(Thread.java:595)
173222246: com.itc.repository.fc4Repository.Init(fc4Repository.java:148)
           com.itc.fc4.control.security.AuthController.handleRequest(AuthController.java:140)
           org.springframework.web.servlet.mvc.SimpleControllerHandlerAdapter.handle(SimpleControllerHandlerAdapter.java:48)
           org.springframework.web.servlet.DispatcherServlet.doDispatch(DispatcherServlet.java:874)
           org.springframework.web.servlet.DispatcherServlet.doService(DispatcherServlet.java:808)
           org.springframework.web.servlet.FrameworkServlet.processRequest(FrameworkServlet.java:476)
           org.springframework.web.servlet.FrameworkServlet.doPost(FrameworkServlet.java:441)
           javax.servlet.http.HttpServlet.service(HttpServlet.java:643)
           javax.servlet.http.HttpServlet.service(HttpServlet.java:723)
           org.apache.catalina.core.ApplicationFilterChain.internalDoFilter(ApplicationFilterChain.java:290)
           org.apache.catalina.core.ApplicationFilterChain.doFilter(ApplicationFilterChain.java:206)
           com.itc.fc4.control.EncodingFilter.doFilter(EncodingFilter.java:58)
           org.apache.catalina.core.ApplicationFilterChain.internalDoFilter(ApplicationFilterChain.java:235)
           org.apache.catalina.core.ApplicationFilterChain.doFilter(ApplicationFilterChain.java:206)
           org.apache.catalina.core.StandardWrapperValve.invoke(StandardWrapperValve.java:233)
           org.apache.catalina.core.StandardContextValve.invoke(StandardContextValve.java:191)
           org.apache.catalina.core.StandardHostValve.invoke(StandardHostValve.java:127)
           org.apache.catalina.valves.ErrorReportValve.invoke(ErrorReportValve.java:103)
           org.apache.catalina.core.StandardEngineValve.invoke(StandardEngineValve.java:109)
           org.apache.catalina.connector.CoyoteAdapter.service(CoyoteAdapter.java:293)
           org.apache.coyote.http11.Http11AprProcessor.process(Http11AprProcessor.java:879)
           org.apache.coyote.http11.Http11AprProtocol$Http11ConnectionHandler.process(Http11AprProtocol.java:617)
           org.apache.tomcat.util.net.AprEndpoint$Worker.run(AprEndpoint.java:1760)
           java.lang.Thread.run(Thread.java:595)
173657822: Iniciando sesión con usuario [admin] y periodo [2012]
202811002: Iniciando sesión con usuario [admin] y periodo [2012]
202811170: org.postgresql.core.v3.SimpleParameterList.bind(SimpleParameterList.java:53)
           org.postgresql.core.v3.SimpleParameterList.setStringParameter(SimpleParameterList.java:118)
           org.postgresql.jdbc2.AbstractJdbc2Statement.bindString(AbstractJdbc2Statement.java:2188)
           org.postgresql.jdbc2.AbstractJdbc2Statement.setString(AbstractJdbc2Statement.java:1304)
           org.postgresql.jdbc2.AbstractJdbc2Statement.setString(AbstractJdbc2Statement.java:1290)
           sun.reflect.NativeMethodAccessorImpl.invoke0(Native Method)
           sun.reflect.NativeMethodAccessorImpl.invoke(NativeMethodAccessorImpl.java:39)
           sun.reflect.DelegatingMethodAccessorImpl.invoke(DelegatingMethodAccessorImpl.java:25)
           java.lang.reflect.Method.invoke(Method.java:592)
           org.apache.tomcat.jdbc.pool.interceptor.AbstractQueryReport$StatementProxy.invoke(AbstractQueryReport.java:234)
           $Proxy3.setString(Unknown Source)
           com.itc.fc4.model.admin.ActivityDAO.insert(ActivityDAO.java:88)
           com.itc.fc4.model.admin.ActivityDAO.insert(ActivityDAO.java:103)
           com.itc.fc4.control.security.AuthController.handleRequest(AuthController.java:258)
           org.springframework.web.servlet.mvc.SimpleControllerHandlerAdapter.handle(SimpleControllerHandlerAdapter.java:48)
           org.springframework.web.servlet.DispatcherServlet.doDispatch(DispatcherServlet.java:874)
           org.springframework.web.servlet.DispatcherServlet.doService(DispatcherServlet.java:808)
           org.springframework.web.servlet.FrameworkServlet.processRequest(FrameworkServlet.java:476)
           org.springframework.web.servlet.FrameworkServlet.doPost(FrameworkServlet.java:441)
           javax.servlet.http.HttpServlet.service(HttpServlet.java:643)
           javax.servlet.http.HttpServlet.service(HttpServlet.java:723)
           org.apache.catalina.core.ApplicationFilterChain.internalDoFilter(ApplicationFilterChain.java:290)
           org.apache.catalina.core.ApplicationFilterChain.doFilter(ApplicationFilterChain.java:206)
           com.itc.fc4.control.EncodingFilter.doFilter(EncodingFilter.java:58)
           org.apache.catalina.core.ApplicationFilterChain.internalDoFilter(ApplicationFilterChain.java:235)
           org.apache.catalina.core.ApplicationFilterChain.doFilter(ApplicationFilterChain.java:206)
           org.apache.catalina.core.StandardWrapperValve.invoke(StandardWrapperValve.java:233)
           org.apache.catalina.core.StandardContextValve.invoke(StandardContextValve.java:191)
           org.apache.catalina.core.StandardHostValve.invoke(StandardHostValve.java:127)
           org.apache.catalina.valves.ErrorReportValve.invoke(ErrorReportValve.java:103)
           org.apache.catalina.core.StandardEngineValve.invoke(StandardEngineValve.java:109)
           org.apache.catalina.connector.CoyoteAdapter.service(CoyoteAdapter.java:293)
           org.apache.coyote.http11.Http11AprProcessor.process(Http11AprProcessor.java:879)
           org.apache.coyote.http11.Http11AprProtocol$Http11ConnectionHandler.process(Http11AprProtocol.java:617)
           org.apache.tomcat.util.net.AprEndpoint$Worker.run(AprEndpoint.java:1760)
           java.lang.Thread.run(Thread.java:595)
205149258: Iniciando sesión con usuario [admin] y periodo [2012]
205149294: org.postgresql.core.v3.SimpleParameterList.bind(SimpleParameterList.java:53)
           org.postgresql.core.v3.SimpleParameterList.setStringParameter(SimpleParameterList.java:118)
           org.postgresql.jdbc2.AbstractJdbc2Statement.bindString(AbstractJdbc2Statement.java:2188)
           org.postgresql.jdbc2.AbstractJdbc2Statement.setString(AbstractJdbc2Statement.java:1304)
           org.postgresql.jdbc2.AbstractJdbc2Statement.setString(AbstractJdbc2Statement.java:1290)
           sun.reflect.NativeMethodAccessorImpl.invoke0(Native Method)
           sun.reflect.NativeMethodAccessorImpl.invoke(NativeMethodAccessorImpl.java:39)
           sun.reflect.DelegatingMethodAccessorImpl.invoke(DelegatingMethodAccessorImpl.java:25)
           java.lang.reflect.Method.invoke(Method.java:592)
           org.apache.tomcat.jdbc.pool.interceptor.AbstractQueryReport$StatementProxy.invoke(AbstractQueryReport.java:234)
           $Proxy1.setString(Unknown Source)
           com.itc.fc4.model.admin.ActivityDAO.insert(ActivityDAO.java:88)
           com.itc.fc4.model.admin.ActivityDAO.insert(ActivityDAO.java:103)
           com.itc.fc4.control.security.AuthController.handleRequest(AuthController.java:258)
           org.springframework.web.servlet.mvc.SimpleControllerHandlerAdapter.handle(SimpleControllerHandlerAdapter.java:48)
           org.springframework.web.servlet.DispatcherServlet.doDispatch(DispatcherServlet.java:874)
           org.springframework.web.servlet.DispatcherServlet.doService(DispatcherServlet.java:808)
           org.springframework.web.servlet.FrameworkServlet.processRequest(FrameworkServlet.java:476)
           org.springframework.web.servlet.FrameworkServlet.doPost(FrameworkServlet.java:441)
           javax.servlet.http.HttpServlet.service(HttpServlet.java:643)
           javax.servlet.http.HttpServlet.service(HttpServlet.java:723)
           org.apache.catalina.core.ApplicationFilterChain.internalDoFilter(ApplicationFilterChain.java:290)
           org.apache.catalina.core.ApplicationFilterChain.doFilter(ApplicationFilterChain.java:206)
           com.itc.fc4.control.EncodingFilter.doFilter(EncodingFilter.java:58)
           org.apache.catalina.core.ApplicationFilterChain.internalDoFilter(ApplicationFilterChain.java:235)
           org.apache.catalina.core.ApplicationFilterChain.doFilter(ApplicationFilterChain.java:206)
           org.apache.catalina.core.StandardWrapperValve.invoke(StandardWrapperValve.java:233)
           org.apache.catalina.core.StandardContextValve.invoke(StandardContextValve.java:191)
           org.apache.catalina.core.StandardHostValve.invoke(StandardHostValve.java:127)
           org.apache.catalina.valves.ErrorReportValve.invoke(ErrorReportValve.java:103)
           org.apache.catalina.core.StandardEngineValve.invoke(StandardEngineValve.java:109)
           org.apache.catalina.connector.CoyoteAdapter.service(CoyoteAdapter.java:293)
           org.apache.coyote.http11.Http11AprProcessor.process(Http11AprProcessor.java:879)
           org.apache.coyote.http11.Http11AprProtocol$Http11ConnectionHandler.process(Http11AprProtocol.java:617)
           org.apache.tomcat.util.net.AprEndpoint$Worker.run(AprEndpoint.java:1760)
           java.lang.Thread.run(Thread.java:595)
210328231: Iniciando sesión con usuario [admin] y periodo [2012]
210328335: org.postgresql.core.v3.SimpleParameterList.bind(SimpleParameterList.java:53)
           org.postgresql.core.v3.SimpleParameterList.setStringParameter(SimpleParameterList.java:118)
           org.postgresql.jdbc2.AbstractJdbc2Statement.bindString(AbstractJdbc2Statement.java:2188)
           org.postgresql.jdbc2.AbstractJdbc2Statement.setString(AbstractJdbc2Statement.java:1304)
           org.postgresql.jdbc2.AbstractJdbc2Statement.setString(AbstractJdbc2Statement.java:1290)
           sun.reflect.NativeMethodAccessorImpl.invoke0(Native Method)
           sun.reflect.NativeMethodAccessorImpl.invoke(NativeMethodAccessorImpl.java:39)
           sun.reflect.DelegatingMethodAccessorImpl.invoke(DelegatingMethodAccessorImpl.java:25)
           java.lang.reflect.Method.invoke(Method.java:592)
           org.apache.tomcat.jdbc.pool.interceptor.AbstractQueryReport$StatementProxy.invoke(AbstractQueryReport.java:234)
           $Proxy5.setString(Unknown Source)
           com.itc.fc4.model.admin.ActivityDAO.insert(ActivityDAO.java:88)
           com.itc.fc4.model.admin.ActivityDAO.insert(ActivityDAO.java:103)
           com.itc.fc4.control.security.AuthController.handleRequest(AuthController.java:258)
           org.springframework.web.servlet.mvc.SimpleControllerHandlerAdapter.handle(SimpleControllerHandlerAdapter.java:48)
           org.springframework.web.servlet.DispatcherServlet.doDispatch(DispatcherServlet.java:874)
           org.springframework.web.servlet.DispatcherServlet.doService(DispatcherServlet.java:808)
           org.springframework.web.servlet.FrameworkServlet.processRequest(FrameworkServlet.java:476)
           org.springframework.web.servlet.FrameworkServlet.doPost(FrameworkServlet.java:441)
           javax.servlet.http.HttpServlet.service(HttpServlet.java:643)
           javax.servlet.http.HttpServlet.service(HttpServlet.java:723)
           org.apache.catalina.core.ApplicationFilterChain.internalDoFilter(ApplicationFilterChain.java:290)
           org.apache.catalina.core.ApplicationFilterChain.doFilter(ApplicationFilterChain.java:206)
           com.itc.fc4.control.EncodingFilter.doFilter(EncodingFilter.java:58)
           org.apache.catalina.core.ApplicationFilterChain.internalDoFilter(ApplicationFilterChain.java:235)
           org.apache.catalina.core.ApplicationFilterChain.doFilter(ApplicationFilterChain.java:206)
           org.apache.catalina.core.StandardWrapperValve.invoke(StandardWrapperValve.java:233)
           org.apache.catalina.core.StandardContextValve.invoke(StandardContextValve.java:191)
           org.apache.catalina.core.StandardHostValve.invoke(StandardHostValve.java:127)
           org.apache.catalina.valves.ErrorReportValve.invoke(ErrorReportValve.java:103)
           org.apache.catalina.core.StandardEngineValve.invoke(StandardEngineValve.java:109)
           org.apache.catalina.connector.CoyoteAdapter.service(CoyoteAdapter.java:293)
           org.apache.coyote.http11.Http11AprProcessor.process(Http11AprProcessor.java:879)
           org.apache.coyote.http11.Http11AprProtocol$Http11ConnectionHandler.process(Http11AprProtocol.java:617)
           org.apache.tomcat.util.net.AprEndpoint$Worker.run(AprEndpoint.java:1760)
           java.lang.Thread.run(Thread.java:595)
210708543: Iniciando sesión con usuario [admin] y periodo [2012]
210708615: org.postgresql.core.v3.SimpleParameterList.bind(SimpleParameterList.java:53)
           org.postgresql.core.v3.SimpleParameterList.setStringParameter(SimpleParameterList.java:118)
           org.postgresql.jdbc2.AbstractJdbc2Statement.bindString(AbstractJdbc2Statement.java:2188)
           org.postgresql.jdbc2.AbstractJdbc2Statement.setString(AbstractJdbc2Statement.java:1304)
           org.postgresql.jdbc2.AbstractJdbc2Statement.setString(AbstractJdbc2Statement.java:1290)
           sun.reflect.NativeMethodAccessorImpl.invoke0(Native Method)
           sun.reflect.NativeMethodAccessorImpl.invoke(NativeMethodAccessorImpl.java:39)
           sun.reflect.DelegatingMethodAccessorImpl.invoke(DelegatingMethodAccessorImpl.java:25)
           java.lang.reflect.Method.invoke(Method.java:592)
           org.apache.tomcat.jdbc.pool.interceptor.AbstractQueryReport$StatementProxy.invoke(AbstractQueryReport.java:234)
           $Proxy20.setString(Unknown Source)
           com.itc.fc4.model.admin.ActivityDAO.insert(ActivityDAO.java:88)
           com.itc.fc4.model.admin.ActivityDAO.insert(ActivityDAO.java:103)
           com.itc.fc4.control.security.AuthController.handleRequest(AuthController.java:259)
           org.springframework.web.servlet.mvc.SimpleControllerHandlerAdapter.handle(SimpleControllerHandlerAdapter.java:48)
           org.springframework.web.servlet.DispatcherServlet.doDispatch(DispatcherServlet.java:874)
           org.springframework.web.servlet.DispatcherServlet.doService(DispatcherServlet.java:808)
           org.springframework.web.servlet.FrameworkServlet.processRequest(FrameworkServlet.java:476)
           org.springframework.web.servlet.FrameworkServlet.doPost(FrameworkServlet.java:441)
           javax.servlet.http.HttpServlet.service(HttpServlet.java:643)
           javax.servlet.http.HttpServlet.service(HttpServlet.java:723)
           org.apache.catalina.core.ApplicationFilterChain.internalDoFilter(ApplicationFilterChain.java:290)
           org.apache.catalina.core.ApplicationFilterChain.doFilter(ApplicationFilterChain.java:206)
           com.itc.fc4.control.EncodingFilter.doFilter(EncodingFilter.java:58)
           org.apache.catalina.core.ApplicationFilterChain.internalDoFilter(ApplicationFilterChain.java:235)
           org.apache.catalina.core.ApplicationFilterChain.doFilter(ApplicationFilterChain.java:206)
           org.apache.catalina.core.StandardWrapperValve.invoke(StandardWrapperValve.java:233)
           org.apache.catalina.core.StandardContextValve.invoke(StandardContextValve.java:191)
           org.apache.catalina.core.StandardHostValve.invoke(StandardHostValve.java:127)
           org.apache.catalina.valves.ErrorReportValve.invoke(ErrorReportValve.java:103)
           org.apache.catalina.core.StandardEngineValve.invoke(StandardEngineValve.java:109)
           org.apache.catalina.connector.CoyoteAdapter.service(CoyoteAdapter.java:293)
           org.apache.coyote.http11.Http11AprProcessor.process(Http11AprProcessor.java:879)
           org.apache.coyote.http11.Http11AprProtocol$Http11ConnectionHandler.process(Http11AprProtocol.java:617)
           org.apache.tomcat.util.net.AprEndpoint$Worker.run(AprEndpoint.java:1760)
           java.lang.Thread.run(Thread.java:595)
210913048: Iniciando sesión con usuario [admin] y periodo [2012]
210929521: org.postgresql.core.v3.SimpleParameterList.bind(SimpleParameterList.java:53)
           org.postgresql.core.v3.SimpleParameterList.setStringParameter(SimpleParameterList.java:118)
           org.postgresql.jdbc2.AbstractJdbc2Statement.bindString(AbstractJdbc2Statement.java:2188)
           org.postgresql.jdbc2.AbstractJdbc2Statement.setString(AbstractJdbc2Statement.java:1304)
           org.postgresql.jdbc2.AbstractJdbc2Statement.setString(AbstractJdbc2Statement.java:1290)
           sun.reflect.NativeMethodAccessorImpl.invoke0(Native Method)
           sun.reflect.NativeMethodAccessorImpl.invoke(NativeMethodAccessorImpl.java:39)
           sun.reflect.DelegatingMethodAccessorImpl.invoke(DelegatingMethodAccessorImpl.java:25)
           java.lang.reflect.Method.invoke(Method.java:592)
           org.apache.tomcat.jdbc.pool.interceptor.AbstractQueryReport$StatementProxy.invoke(AbstractQueryReport.java:234)
           $Proxy1.setString(Unknown Source)
           com.itc.fc4.model.admin.ActivityDAO.insert(ActivityDAO.java:88)
           com.itc.fc4.model.admin.ActivityDAO.insert(ActivityDAO.java:103)
           com.itc.fc4.control.security.AuthController.handleRequest(AuthController.java:258)
           org.springframework.web.servlet.mvc.SimpleControllerHandlerAdapter.handle(SimpleControllerHandlerAdapter.java:48)
           org.springframework.web.servlet.DispatcherServlet.doDispatch(DispatcherServlet.java:874)
           org.springframework.web.servlet.DispatcherServlet.doService(DispatcherServlet.java:808)
           org.springframework.web.servlet.FrameworkServlet.processRequest(FrameworkServlet.java:476)
           org.springframework.web.servlet.FrameworkServlet.doPost(FrameworkServlet.java:441)
           javax.servlet.http.HttpServlet.service(HttpServlet.java:643)
           javax.servlet.http.HttpServlet.service(HttpServlet.java:723)
           org.apache.catalina.core.ApplicationFilterChain.internalDoFilter(ApplicationFilterChain.java:290)
           org.apache.catalina.core.ApplicationFilterChain.doFilter(ApplicationFilterChain.java:206)
           com.itc.fc4.control.EncodingFilter.doFilter(EncodingFilter.java:58)
           org.apache.catalina.core.ApplicationFilterChain.internalDoFilter(ApplicationFilterChain.java:235)
           org.apache.catalina.core.ApplicationFilterChain.doFilter(ApplicationFilterChain.java:206)
           org.apache.catalina.core.StandardWrapperValve.invoke(StandardWrapperValve.java:233)
           org.apache.catalina.core.StandardContextValve.invoke(StandardContextValve.java:191)
           org.apache.catalina.core.StandardHostValve.invoke(StandardHostValve.java:127)
           org.apache.catalina.valves.ErrorReportValve.invoke(ErrorReportValve.java:103)
           org.apache.catalina.core.StandardEngineValve.invoke(StandardEngineValve.java:109)
           org.apache.catalina.connector.CoyoteAdapter.service(CoyoteAdapter.java:293)
           org.apache.coyote.http11.Http11AprProcessor.process(Http11AprProcessor.java:879)
           org.apache.coyote.http11.Http11AprProtocol$Http11ConnectionHandler.process(Http11AprProtocol.java:617)
           org.apache.tomcat.util.net.AprEndpoint$Worker.run(AprEndpoint.java:1760)
           java.lang.Thread.run(Thread.java:595)
211128508: org.postgresql.core.v3.ConnectionFactoryImpl.openConnectionImpl(ConnectionFactoryImpl.java:138)
           org.postgresql.core.ConnectionFactory.openConnection(ConnectionFactory.java:66)
           org.postgresql.jdbc2.AbstractJdbc2Connection.<init>(AbstractJdbc2Connection.java:125)
           org.postgresql.jdbc3.AbstractJdbc3Connection.<init>(AbstractJdbc3Connection.java:30)
           org.postgresql.jdbc3.Jdbc3Connection.<init>(Jdbc3Connection.java:24)
           org.postgresql.Driver.makeConnection(Driver.java:393)
           org.postgresql.Driver.connect(Driver.java:267)
           org.apache.tomcat.jdbc.pool.PooledConnection.connectUsingDriver(PooledConnection.java:267)
           org.apache.tomcat.jdbc.pool.PooledConnection.connect(PooledConnection.java:176)
           org.apache.tomcat.jdbc.pool.ConnectionPool.createConnection(ConnectionPool.java:653)
           org.apache.tomcat.jdbc.pool.ConnectionPool.borrowConnection(ConnectionPool.java:595)
           org.apache.tomcat.jdbc.pool.ConnectionPool.init(ConnectionPool.java:458)
           org.apache.tomcat.jdbc.pool.ConnectionPool.<init>(ConnectionPool.java:130)
           org.apache.tomcat.jdbc.pool.DataSourceProxy.createPool(DataSourceProxy.java:99)
           org.apache.tomcat.jdbc.pool.DataSourceProxy.getConnection(DataSourceProxy.java:110)
           com.itc.fc4.model.PoolConnection.getPoolConnection(PoolConnection.java:108)
           com.itc.fc4.model.admin.PeriodDAO.getCurrentPeriod(PeriodDAO.java:69)
           com.itc.fc4.control.security.AuthController.handleRequest(AuthController.java:154)
           org.springframework.web.servlet.mvc.SimpleControllerHandlerAdapter.handle(SimpleControllerHandlerAdapter.java:48)
           org.springframework.web.servlet.DispatcherServlet.doDispatch(DispatcherServlet.java:874)
           org.springframework.web.servlet.DispatcherServlet.doService(DispatcherServlet.java:808)
           org.springframework.web.servlet.FrameworkServlet.processRequest(FrameworkServlet.java:476)
           org.springframework.web.servlet.FrameworkServlet.doPost(FrameworkServlet.java:441)
           javax.servlet.http.HttpServlet.service(HttpServlet.java:643)
           javax.servlet.http.HttpServlet.service(HttpServlet.java:723)
           org.apache.catalina.core.ApplicationFilterChain.internalDoFilter(ApplicationFilterChain.java:290)
           org.apache.catalina.core.ApplicationFilterChain.doFilter(ApplicationFilterChain.java:206)
           com.itc.fc4.control.EncodingFilter.doFilter(EncodingFilter.java:58)
           org.apache.catalina.core.ApplicationFilterChain.internalDoFilter(ApplicationFilterChain.java:235)
           org.apache.catalina.core.ApplicationFilterChain.doFilter(ApplicationFilterChain.java:206)
           org.apache.catalina.core.StandardWrapperValve.invoke(StandardWrapperValve.java:233)
           org.apache.catalina.core.StandardContextValve.invoke(StandardContextValve.java:191)
           org.apache.catalina.core.StandardHostValve.invoke(StandardHostValve.java:127)
           org.apache.catalina.valves.ErrorReportValve.invoke(ErrorReportValve.java:103)
           org.apache.catalina.core.StandardEngineValve.invoke(StandardEngineValve.java:109)
           org.apache.catalina.connector.CoyoteAdapter.service(CoyoteAdapter.java:293)
           org.apache.coyote.http11.Http11AprProcessor.process(Http11AprProcessor.java:879)
           org.apache.coyote.http11.Http11AprProtocol$Http11ConnectionHandler.process(Http11AprProtocol.java:617)
           org.apache.tomcat.util.net.AprEndpoint$Worker.run(AprEndpoint.java:1760)
           java.lang.Thread.run(Thread.java:595)
211247321: Iniciando sesión con usuario [admin] y periodo [2012]
211308451: org.postgresql.core.v3.SimpleParameterList.bind(SimpleParameterList.java:53)
           org.postgresql.core.v3.SimpleParameterList.setStringParameter(SimpleParameterList.java:118)
           org.postgresql.jdbc2.AbstractJdbc2Statement.bindString(AbstractJdbc2Statement.java:2188)
           org.postgresql.jdbc2.AbstractJdbc2Statement.setString(AbstractJdbc2Statement.java:1304)
           org.postgresql.jdbc2.AbstractJdbc2Statement.setString(AbstractJdbc2Statement.java:1290)
           sun.reflect.NativeMethodAccessorImpl.invoke0(Native Method)
           sun.reflect.NativeMethodAccessorImpl.invoke(NativeMethodAccessorImpl.java:39)
           sun.reflect.DelegatingMethodAccessorImpl.invoke(DelegatingMethodAccessorImpl.java:25)
           java.lang.reflect.Method.invoke(Method.java:592)
           org.apache.tomcat.jdbc.pool.interceptor.AbstractQueryReport$StatementProxy.invoke(AbstractQueryReport.java:234)
           $Proxy1.setString(Unknown Source)
           com.itc.fc4.model.admin.ActivityDAO.insert(ActivityDAO.java:88)
           com.itc.fc4.model.admin.ActivityDAO.insert(ActivityDAO.java:103)
           com.itc.fc4.control.security.AuthController.handleRequest(AuthController.java:258)
           org.springframework.web.servlet.mvc.SimpleControllerHandlerAdapter.handle(SimpleControllerHandlerAdapter.java:48)
           org.springframework.web.servlet.DispatcherServlet.doDispatch(DispatcherServlet.java:874)
           org.springframework.web.servlet.DispatcherServlet.doService(DispatcherServlet.java:808)
           org.springframework.web.servlet.FrameworkServlet.processRequest(FrameworkServlet.java:476)
           org.springframework.web.servlet.FrameworkServlet.doPost(FrameworkServlet.java:441)
           javax.servlet.http.HttpServlet.service(HttpServlet.java:643)
           javax.servlet.http.HttpServlet.service(HttpServlet.java:723)
           org.apache.catalina.core.ApplicationFilterChain.internalDoFilter(ApplicationFilterChain.java:290)
           org.apache.catalina.core.ApplicationFilterChain.doFilter(ApplicationFilterChain.java:206)
           com.itc.fc4.control.EncodingFilter.doFilter(EncodingFilter.java:58)
           org.apache.catalina.core.ApplicationFilterChain.internalDoFilter(ApplicationFilterChain.java:235)
           org.apache.catalina.core.ApplicationFilterChain.doFilter(ApplicationFilterChain.java:206)
           org.apache.catalina.core.StandardWrapperValve.invoke(StandardWrapperValve.java:233)
           org.apache.catalina.core.StandardContextValve.invoke(StandardContextValve.java:191)
           org.apache.catalina.core.StandardHostValve.invoke(StandardHostValve.java:127)
           org.apache.catalina.valves.ErrorReportValve.invoke(ErrorReportValve.java:103)
           org.apache.catalina.core.StandardEngineValve.invoke(StandardEngineValve.java:109)
           org.apache.catalina.connector.CoyoteAdapter.service(CoyoteAdapter.java:293)
           org.apache.coyote.http11.Http11AprProcessor.process(Http11AprProcessor.java:879)
           org.apache.coyote.http11.Http11AprProtocol$Http11ConnectionHandler.process(Http11AprProtocol.java:617)
           org.apache.tomcat.util.net.AprEndpoint$Worker.run(AprEndpoint.java:1760)
           java.lang.Thread.run(Thread.java:595)
211653850: Iniciando sesión con usuario [admin] y periodo [2012]
211653869: org.postgresql.core.v3.SimpleParameterList.bind(SimpleParameterList.java:53)
           org.postgresql.core.v3.SimpleParameterList.setStringParameter(SimpleParameterList.java:118)
           org.postgresql.jdbc2.AbstractJdbc2Statement.bindString(AbstractJdbc2Statement.java:2188)
           org.postgresql.jdbc2.AbstractJdbc2Statement.setString(AbstractJdbc2Statement.java:1304)
           org.postgresql.jdbc2.AbstractJdbc2Statement.setString(AbstractJdbc2Statement.java:1290)
           sun.reflect.NativeMethodAccessorImpl.invoke0(Native Method)
           sun.reflect.NativeMethodAccessorImpl.invoke(NativeMethodAccessorImpl.java:39)
           sun.reflect.DelegatingMethodAccessorImpl.invoke(DelegatingMethodAccessorImpl.java:25)
           java.lang.reflect.Method.invoke(Method.java:592)
           org.apache.tomcat.jdbc.pool.interceptor.AbstractQueryReport$StatementProxy.invoke(AbstractQueryReport.java:234)
           $Proxy4.setString(Unknown Source)
           com.itc.fc4.model.admin.ActivityDAO.insert(ActivityDAO.java:88)
           com.itc.fc4.model.admin.ActivityDAO.insert(ActivityDAO.java:103)
           com.itc.fc4.control.security.AuthController.handleRequest(AuthController.java:258)
           org.springframework.web.servlet.mvc.SimpleControllerHandlerAdapter.handle(SimpleControllerHandlerAdapter.java:48)
           org.springframework.web.servlet.DispatcherServlet.doDispatch(DispatcherServlet.java:874)
           org.springframework.web.servlet.DispatcherServlet.doService(DispatcherServlet.java:808)
           org.springframework.web.servlet.FrameworkServlet.processRequest(FrameworkServlet.java:476)
           org.springframework.web.servlet.FrameworkServlet.doPost(FrameworkServlet.java:441)
           javax.servlet.http.HttpServlet.service(HttpServlet.java:643)
           javax.servlet.http.HttpServlet.service(HttpServlet.java:723)
           org.apache.catalina.core.ApplicationFilterChain.internalDoFilter(ApplicationFilterChain.java:290)
           org.apache.catalina.core.ApplicationFilterChain.doFilter(ApplicationFilterChain.java:206)
           com.itc.fc4.control.EncodingFilter.doFilter(EncodingFilter.java:58)
           org.apache.catalina.core.ApplicationFilterChain.internalDoFilter(ApplicationFilterChain.java:235)
           org.apache.catalina.core.ApplicationFilterChain.doFilter(ApplicationFilterChain.java:206)
           org.apache.catalina.core.StandardWrapperValve.invoke(StandardWrapperValve.java:233)
           org.apache.catalina.core.StandardContextValve.invoke(StandardContextValve.java:191)
           org.apache.catalina.core.StandardHostValve.invoke(StandardHostValve.java:127)
           org.apache.catalina.valves.ErrorReportValve.invoke(ErrorReportValve.java:103)
           org.apache.catalina.core.StandardEngineValve.invoke(StandardEngineValve.java:109)
           org.apache.catalina.connector.CoyoteAdapter.service(CoyoteAdapter.java:293)
           org.apache.coyote.http11.Http11AprProcessor.process(Http11AprProcessor.java:879)
           org.apache.coyote.http11.Http11AprProtocol$Http11ConnectionHandler.process(Http11AprProtocol.java:617)
           org.apache.tomcat.util.net.AprEndpoint$Worker.run(AprEndpoint.java:1760)
           java.lang.Thread.run(Thread.java:595)
213202172: Iniciando sesión con usuario [admin] y periodo [2012]
213202242: org.postgresql.core.v3.SimpleParameterList.bind(SimpleParameterList.java:53)
           org.postgresql.core.v3.SimpleParameterList.setStringParameter(SimpleParameterList.java:118)
           org.postgresql.jdbc2.AbstractJdbc2Statement.bindString(AbstractJdbc2Statement.java:2188)
           org.postgresql.jdbc2.AbstractJdbc2Statement.setString(AbstractJdbc2Statement.java:1304)
           org.postgresql.jdbc2.AbstractJdbc2Statement.setString(AbstractJdbc2Statement.java:1290)
           sun.reflect.NativeMethodAccessorImpl.invoke0(Native Method)
           sun.reflect.NativeMethodAccessorImpl.invoke(NativeMethodAccessorImpl.java:39)
           sun.reflect.DelegatingMethodAccessorImpl.invoke(DelegatingMethodAccessorImpl.java:25)
           java.lang.reflect.Method.invoke(Method.java:592)
           org.apache.tomcat.jdbc.pool.interceptor.AbstractQueryReport$StatementProxy.invoke(AbstractQueryReport.java:234)
           $Proxy13.setString(Unknown Source)
           com.itc.fc4.model.admin.ActivityDAO.insert(ActivityDAO.java:88)
           com.itc.fc4.model.admin.ActivityDAO.insert(ActivityDAO.java:103)
           com.itc.fc4.control.security.AuthController.handleRequest(AuthController.java:258)
           org.springframework.web.servlet.mvc.SimpleControllerHandlerAdapter.handle(SimpleControllerHandlerAdapter.java:48)
           org.springframework.web.servlet.DispatcherServlet.doDispatch(DispatcherServlet.java:874)
           org.springframework.web.servlet.DispatcherServlet.doService(DispatcherServlet.java:808)
           org.springframework.web.servlet.FrameworkServlet.processRequest(FrameworkServlet.java:476)
           org.springframework.web.servlet.FrameworkServlet.doPost(FrameworkServlet.java:441)
           javax.servlet.http.HttpServlet.service(HttpServlet.java:643)
           javax.servlet.http.HttpServlet.service(HttpServlet.java:723)
           org.apache.catalina.core.ApplicationFilterChain.internalDoFilter(ApplicationFilterChain.java:290)
           org.apache.catalina.core.ApplicationFilterChain.doFilter(ApplicationFilterChain.java:206)
           com.itc.fc4.control.EncodingFilter.doFilter(EncodingFilter.java:59)
           org.apache.catalina.core.ApplicationFilterChain.internalDoFilter(ApplicationFilterChain.java:235)
           org.apache.catalina.core.ApplicationFilterChain.doFilter(ApplicationFilterChain.java:206)
           org.apache.catalina.core.StandardWrapperValve.invoke(StandardWrapperValve.java:233)
           org.apache.catalina.core.StandardContextValve.invoke(StandardContextValve.java:191)
           org.apache.catalina.core.StandardHostValve.invoke(StandardHostValve.java:127)
           org.apache.catalina.valves.ErrorReportValve.invoke(ErrorReportValve.java:103)
           org.apache.catalina.core.StandardEngineValve.invoke(StandardEngineValve.java:109)
           org.apache.catalina.connector.CoyoteAdapter.service(CoyoteAdapter.java:293)
           org.apache.coyote.http11.Http11AprProcessor.process(Http11AprProcessor.java:879)
           org.apache.coyote.http11.Http11AprProtocol$Http11ConnectionHandler.process(Http11AprProtocol.java:617)
           org.apache.tomcat.util.net.AprEndpoint$Worker.run(AprEndpoint.java:1760)
           java.lang.Thread.run(Thread.java:595)
213801109: Iniciando sesión con usuario [admin] y periodo [2012]
213801243: org.postgresql.core.v3.SimpleParameterList.bind(SimpleParameterList.java:53)
           org.postgresql.core.v3.SimpleParameterList.setStringParameter(SimpleParameterList.java:118)
           org.postgresql.jdbc2.AbstractJdbc2Statement.bindString(AbstractJdbc2Statement.java:2188)
           org.postgresql.jdbc2.AbstractJdbc2Statement.setString(AbstractJdbc2Statement.java:1304)
           org.postgresql.jdbc2.AbstractJdbc2Statement.setString(AbstractJdbc2Statement.java:1290)
           sun.reflect.NativeMethodAccessorImpl.invoke0(Native Method)
           sun.reflect.NativeMethodAccessorImpl.invoke(NativeMethodAccessorImpl.java:39)
           sun.reflect.DelegatingMethodAccessorImpl.invoke(DelegatingMethodAccessorImpl.java:25)
           java.lang.reflect.Method.invoke(Method.java:592)
           org.apache.tomcat.jdbc.pool.interceptor.AbstractQueryReport$StatementProxy.invoke(AbstractQueryReport.java:234)
           $Proxy20.setString(Unknown Source)
           com.itc.fc4.model.admin.ActivityDAO.insert(ActivityDAO.java:88)
           com.itc.fc4.model.admin.ActivityDAO.insert(ActivityDAO.java:103)
           com.itc.fc4.control.security.AuthController.handleRequest(AuthController.java:258)
           org.springframework.web.servlet.mvc.SimpleControllerHandlerAdapter.handle(SimpleControllerHandlerAdapter.java:48)
           org.springframework.web.servlet.DispatcherServlet.doDispatch(DispatcherServlet.java:874)
           org.springframework.web.servlet.DispatcherServlet.doService(DispatcherServlet.java:808)
           org.springframework.web.servlet.FrameworkServlet.processRequest(FrameworkServlet.java:476)
           org.springframework.web.servlet.FrameworkServlet.doPost(FrameworkServlet.java:441)
           javax.servlet.http.HttpServlet.service(HttpServlet.java:643)
           javax.servlet.http.HttpServlet.service(HttpServlet.java:723)
           org.apache.catalina.core.ApplicationFilterChain.internalDoFilter(ApplicationFilterChain.java:290)
           org.apache.catalina.core.ApplicationFilterChain.doFilter(ApplicationFilterChain.java:206)
           com.itc.fc4.control.EncodingFilter.doFilter(EncodingFilter.java:60)
           org.apache.catalina.core.ApplicationFilterChain.internalDoFilter(ApplicationFilterChain.java:235)
           org.apache.catalina.core.ApplicationFilterChain.doFilter(ApplicationFilterChain.java:206)
           org.apache.catalina.core.StandardWrapperValve.invoke(StandardWrapperValve.java:233)
           org.apache.catalina.core.StandardContextValve.invoke(StandardContextValve.java:191)
           org.apache.catalina.core.StandardHostValve.invoke(StandardHostValve.java:127)
           org.apache.catalina.valves.ErrorReportValve.invoke(ErrorReportValve.java:103)
           org.apache.catalina.core.StandardEngineValve.invoke(StandardEngineValve.java:109)
           org.apache.catalina.connector.CoyoteAdapter.service(CoyoteAdapter.java:293)
           org.apache.coyote.http11.Http11AprProcessor.process(Http11AprProcessor.java:879)
           org.apache.coyote.http11.Http11AprProtocol$Http11ConnectionHandler.process(Http11AprProtocol.java:617)
           org.apache.tomcat.util.net.AprEndpoint$Worker.run(AprEndpoint.java:1760)
           java.lang.Thread.run(Thread.java:595)
214035433: Iniciando sesión con usuario [admin] y periodo [2012]
214035457: org.postgresql.core.v3.SimpleParameterList.bind(SimpleParameterList.java:53)
           org.postgresql.core.v3.SimpleParameterList.setStringParameter(SimpleParameterList.java:118)
           org.postgresql.jdbc2.AbstractJdbc2Statement.bindString(AbstractJdbc2Statement.java:2188)
           org.postgresql.jdbc2.AbstractJdbc2Statement.setString(AbstractJdbc2Statement.java:1304)
           org.postgresql.jdbc2.AbstractJdbc2Statement.setString(AbstractJdbc2Statement.java:1290)
           sun.reflect.NativeMethodAccessorImpl.invoke0(Native Method)
           sun.reflect.NativeMethodAccessorImpl.invoke(NativeMethodAccessorImpl.java:39)
           sun.reflect.DelegatingMethodAccessorImpl.invoke(DelegatingMethodAccessorImpl.java:25)
           java.lang.reflect.Method.invoke(Method.java:592)
           org.apache.tomcat.jdbc.pool.interceptor.AbstractQueryReport$StatementProxy.invoke(AbstractQueryReport.java:234)
           $Proxy1.setString(Unknown Source)
           com.itc.fc4.model.admin.ActivityDAO.insert(ActivityDAO.java:88)
           com.itc.fc4.model.admin.ActivityDAO.insert(ActivityDAO.java:103)
           com.itc.fc4.control.security.AuthController.handleRequest(AuthController.java:258)
           org.springframework.web.servlet.mvc.SimpleControllerHandlerAdapter.handle(SimpleControllerHandlerAdapter.java:48)
           org.springframework.web.servlet.DispatcherServlet.doDispatch(DispatcherServlet.java:874)
           org.springframework.web.servlet.DispatcherServlet.doService(DispatcherServlet.java:808)
           org.springframework.web.servlet.FrameworkServlet.processRequest(FrameworkServlet.java:476)
           org.springframework.web.servlet.FrameworkServlet.doPost(FrameworkServlet.java:441)
           javax.servlet.http.HttpServlet.service(HttpServlet.java:643)
           javax.servlet.http.HttpServlet.service(HttpServlet.java:723)
           org.apache.catalina.core.ApplicationFilterChain.internalDoFilter(ApplicationFilterChain.java:290)
           org.apache.catalina.core.ApplicationFilterChain.doFilter(ApplicationFilterChain.java:206)
           com.itc.fc4.control.EncodingFilter.doFilter(EncodingFilter.java:60)
           org.apache.catalina.core.ApplicationFilterChain.internalDoFilter(ApplicationFilterChain.java:235)
           org.apache.catalina.core.ApplicationFilterChain.doFilter(ApplicationFilterChain.java:206)
           org.apache.catalina.core.StandardWrapperValve.invoke(StandardWrapperValve.java:233)
           org.apache.catalina.core.StandardContextValve.invoke(StandardContextValve.java:191)
           org.apache.catalina.core.StandardHostValve.invoke(StandardHostValve.java:127)
           org.apache.catalina.valves.ErrorReportValve.invoke(ErrorReportValve.java:103)
           org.apache.catalina.core.StandardEngineValve.invoke(StandardEngineValve.java:109)
           org.apache.catalina.connector.CoyoteAdapter.service(CoyoteAdapter.java:293)
           org.apache.coyote.http11.Http11AprProcessor.process(Http11AprProcessor.java:879)
           org.apache.coyote.http11.Http11AprProtocol$Http11ConnectionHandler.process(Http11AprProtocol.java:617)
           org.apache.tomcat.util.net.AprEndpoint$Worker.run(AprEndpoint.java:1760)
           java.lang.Thread.run(Thread.java:595)
214331600: Iniciando sesión con usuario [admin] y periodo [2012]
214331688: org.postgresql.core.v3.SimpleParameterList.bind(SimpleParameterList.java:53)
           org.postgresql.core.v3.SimpleParameterList.setStringParameter(SimpleParameterList.java:118)
           org.postgresql.jdbc2.AbstractJdbc2Statement.bindString(AbstractJdbc2Statement.java:2188)
           org.postgresql.jdbc2.AbstractJdbc2Statement.setString(AbstractJdbc2Statement.java:1304)
           org.postgresql.jdbc2.AbstractJdbc2Statement.setString(AbstractJdbc2Statement.java:1290)
           sun.reflect.NativeMethodAccessorImpl.invoke0(Native Method)
           sun.reflect.NativeMethodAccessorImpl.invoke(NativeMethodAccessorImpl.java:39)
           sun.reflect.DelegatingMethodAccessorImpl.invoke(DelegatingMethodAccessorImpl.java:25)
           java.lang.reflect.Method.invoke(Method.java:592)
           org.apache.tomcat.jdbc.pool.interceptor.AbstractQueryReport$StatementProxy.invoke(AbstractQueryReport.java:234)
           $Proxy3.setString(Unknown Source)
           com.itc.fc4.model.admin.ActivityDAO.insert(ActivityDAO.java:88)
           com.itc.fc4.model.admin.ActivityDAO.insert(ActivityDAO.java:103)
           com.itc.fc4.control.security.AuthController.handleRequest(AuthController.java:258)
           org.springframework.web.servlet.mvc.SimpleControllerHandlerAdapter.handle(SimpleControllerHandlerAdapter.java:48)
           org.springframework.web.servlet.DispatcherServlet.doDispatch(DispatcherServlet.java:874)
           org.springframework.web.servlet.DispatcherServlet.doService(DispatcherServlet.java:808)
           org.springframework.web.servlet.FrameworkServlet.processRequest(FrameworkServlet.java:476)
           org.springframework.web.servlet.FrameworkServlet.doPost(FrameworkServlet.java:441)
           javax.servlet.http.HttpServlet.service(HttpServlet.java:643)
           javax.servlet.http.HttpServlet.service(HttpServlet.java:723)
           org.apache.catalina.core.ApplicationFilterChain.internalDoFilter(ApplicationFilterChain.java:290)
           org.apache.catalina.core.ApplicationFilterChain.doFilter(ApplicationFilterChain.java:206)
           com.itc.fc4.control.EncodingFilter.doFilter(EncodingFilter.java:60)
           org.apache.catalina.core.ApplicationFilterChain.internalDoFilter(ApplicationFilterChain.java:235)
           org.apache.catalina.core.ApplicationFilterChain.doFilter(ApplicationFilterChain.java:206)
           org.apache.catalina.core.StandardWrapperValve.invoke(StandardWrapperValve.java:233)
           org.apache.catalina.core.StandardContextValve.invoke(StandardContextValve.java:191)
           org.apache.catalina.core.StandardHostValve.invoke(StandardHostValve.java:127)
           org.apache.catalina.valves.ErrorReportValve.invoke(ErrorReportValve.java:103)
           org.apache.catalina.core.StandardEngineValve.invoke(StandardEngineValve.java:109)
           org.apache.catalina.connector.CoyoteAdapter.service(CoyoteAdapter.java:293)
           org.apache.coyote.http11.Http11AprProcessor.process(Http11AprProcessor.java:879)
           org.apache.coyote.http11.Http11AprProtocol$Http11ConnectionHandler.process(Http11AprProtocol.java:617)
           org.apache.tomcat.util.net.AprEndpoint$Worker.run(AprEndpoint.java:1760)
           java.lang.Thread.run(Thread.java:595)
225158803: Iniciando sesión con usuario [admin] y periodo [2012]
225158982: org.postgresql.core.v3.SimpleParameterList.bind(SimpleParameterList.java:53)
           org.postgresql.core.v3.SimpleParameterList.setStringParameter(SimpleParameterList.java:118)
           org.postgresql.jdbc2.AbstractJdbc2Statement.bindString(AbstractJdbc2Statement.java:2188)
           org.postgresql.jdbc2.AbstractJdbc2Statement.setString(AbstractJdbc2Statement.java:1304)
           org.postgresql.jdbc2.AbstractJdbc2Statement.setString(AbstractJdbc2Statement.java:1290)
           sun.reflect.NativeMethodAccessorImpl.invoke0(Native Method)
           sun.reflect.NativeMethodAccessorImpl.invoke(NativeMethodAccessorImpl.java:39)
           sun.reflect.DelegatingMethodAccessorImpl.invoke(DelegatingMethodAccessorImpl.java:25)
           java.lang.reflect.Method.invoke(Method.java:592)
           org.apache.tomcat.jdbc.pool.interceptor.AbstractQueryReport$StatementProxy.invoke(AbstractQueryReport.java:234)
           $Proxy3.setString(Unknown Source)
           com.itc.fc4.model.admin.ActivityDAO.insert(ActivityDAO.java:88)
           com.itc.fc4.model.admin.ActivityDAO.insert(ActivityDAO.java:103)
           com.itc.fc4.control.security.AuthController.handleRequest(AuthController.java:258)
           org.springframework.web.servlet.mvc.SimpleControllerHandlerAdapter.handle(SimpleControllerHandlerAdapter.java:48)
           org.springframework.web.servlet.DispatcherServlet.doDispatch(DispatcherServlet.java:874)
           org.springframework.web.servlet.DispatcherServlet.doService(DispatcherServlet.java:808)
           org.springframework.web.servlet.FrameworkServlet.processRequest(FrameworkServlet.java:476)
           org.springframework.web.servlet.FrameworkServlet.doPost(FrameworkServlet.java:441)
           javax.servlet.http.HttpServlet.service(HttpServlet.java:643)
           javax.servlet.http.HttpServlet.service(HttpServlet.java:723)
           org.apache.catalina.core.ApplicationFilterChain.internalDoFilter(ApplicationFilterChain.java:290)
           org.apache.catalina.core.ApplicationFilterChain.doFilter(ApplicationFilterChain.java:206)
           com.itc.fc4.control.EncodingFilter.doFilter(EncodingFilter.java:60)
           org.apache.catalina.core.ApplicationFilterChain.internalDoFilter(ApplicationFilterChain.java:235)
           org.apache.catalina.core.ApplicationFilterChain.doFilter(ApplicationFilterChain.java:206)
           org.apache.catalina.core.StandardWrapperValve.invoke(StandardWrapperValve.java:233)
           org.apache.catalina.core.StandardContextValve.invoke(StandardContextValve.java:191)
           org.apache.catalina.core.StandardHostValve.invoke(StandardHostValve.java:127)
           org.apache.catalina.valves.ErrorReportValve.invoke(ErrorReportValve.java:103)
           org.apache.catalina.core.StandardEngineValve.invoke(StandardEngineValve.java:109)
           org.apache.catalina.connector.CoyoteAdapter.service(CoyoteAdapter.java:293)
           org.apache.coyote.http11.Http11AprProcessor.process(Http11AprProcessor.java:879)
           org.apache.coyote.http11.Http11AprProtocol$Http11ConnectionHandler.process(Http11AprProtocol.java:617)
           org.apache.tomcat.util.net.AprEndpoint$Worker.run(AprEndpoint.java:1760)
           java.lang.Thread.run(Thread.java:595)
225247702: org.postgresql.core.v3.SimpleParameterList.bind(SimpleParameterList.java:53)
           org.postgresql.core.v3.SimpleParameterList.setStringParameter(SimpleParameterList.java:118)
           org.postgresql.jdbc2.AbstractJdbc2Statement.bindString(AbstractJdbc2Statement.java:2188)
           org.postgresql.jdbc2.AbstractJdbc2Statement.setString(AbstractJdbc2Statement.java:1304)
           org.postgresql.jdbc2.AbstractJdbc2Statement.setString(AbstractJdbc2Statement.java:1290)
           sun.reflect.NativeMethodAccessorImpl.invoke0(Native Method)
           sun.reflect.NativeMethodAccessorImpl.invoke(NativeMethodAccessorImpl.java:39)
           sun.reflect.DelegatingMethodAccessorImpl.invoke(DelegatingMethodAccessorImpl.java:25)
           java.lang.reflect.Method.invoke(Method.java:592)
           org.apache.tomcat.jdbc.pool.interceptor.AbstractQueryReport$StatementProxy.invoke(AbstractQueryReport.java:234)
           $Proxy3.setString(Unknown Source)
           com.itc.fc4.model.admin.ActivityDAO.insert(ActivityDAO.java:88)
           com.itc.fc4.model.admin.ActivityDAO.insert(ActivityDAO.java:103)
           com.itc.fc4.tasks.admin.log.LogController.handleRequest(LogController.java:54)
           org.springframework.web.servlet.mvc.SimpleControllerHandlerAdapter.handle(SimpleControllerHandlerAdapter.java:48)
           org.springframework.web.servlet.DispatcherServlet.doDispatch(DispatcherServlet.java:874)
           org.springframework.web.servlet.DispatcherServlet.doService(DispatcherServlet.java:808)
           org.springframework.web.servlet.FrameworkServlet.processRequest(FrameworkServlet.java:476)
           org.springframework.web.servlet.FrameworkServlet.doPost(FrameworkServlet.java:441)
           javax.servlet.http.HttpServlet.service(HttpServlet.java:643)
           javax.servlet.http.HttpServlet.service(HttpServlet.java:723)
           org.apache.catalina.core.ApplicationFilterChain.internalDoFilter(ApplicationFilterChain.java:290)
           org.apache.catalina.core.ApplicationFilterChain.doFilter(ApplicationFilterChain.java:206)
           com.itc.fc4.control.EncodingFilter.doFilter(EncodingFilter.java:60)
           org.apache.catalina.core.ApplicationFilterChain.internalDoFilter(ApplicationFilterChain.java:235)
           org.apache.catalina.core.ApplicationFilterChain.doFilter(ApplicationFilterChain.java:206)
           org.apache.catalina.core.StandardWrapperValve.invoke(StandardWrapperValve.java:233)
           org.apache.catalina.core.StandardContextValve.invoke(StandardContextValve.java:191)
           org.apache.catalina.core.StandardHostValve.invoke(StandardHostValve.java:127)
           org.apache.catalina.valves.ErrorReportValve.invoke(ErrorReportValve.java:103)
           org.apache.catalina.core.StandardEngineValve.invoke(StandardEngineValve.java:109)
           org.apache.catalina.connector.CoyoteAdapter.service(CoyoteAdapter.java:293)
           org.apache.coyote.http11.Http11AprProcessor.process(Http11AprProcessor.java:879)
           org.apache.coyote.http11.Http11AprProtocol$Http11ConnectionHandler.process(Http11AprProtocol.java:617)
           org.apache.tomcat.util.net.AprEndpoint$Worker.run(AprEndpoint.java:1760)
           java.lang.Thread.run(Thread.java:595)
225507263: Iniciando sesión con usuario [admin] y periodo [2012]
225507268: org.postgresql.core.v3.SimpleParameterList.bind(SimpleParameterList.java:53)
           org.postgresql.core.v3.SimpleParameterList.setStringParameter(SimpleParameterList.java:118)
           org.postgresql.jdbc2.AbstractJdbc2Statement.bindString(AbstractJdbc2Statement.java:2188)
           org.postgresql.jdbc2.AbstractJdbc2Statement.setString(AbstractJdbc2Statement.java:1304)
           org.postgresql.jdbc2.AbstractJdbc2Statement.setString(AbstractJdbc2Statement.java:1290)
           sun.reflect.NativeMethodAccessorImpl.invoke0(Native Method)
           sun.reflect.NativeMethodAccessorImpl.invoke(NativeMethodAccessorImpl.java:39)
           sun.reflect.DelegatingMethodAccessorImpl.invoke(DelegatingMethodAccessorImpl.java:25)
           java.lang.reflect.Method.invoke(Method.java:592)
           org.apache.tomcat.jdbc.pool.interceptor.AbstractQueryReport$StatementProxy.invoke(AbstractQueryReport.java:234)
           $Proxy3.setString(Unknown Source)
           com.itc.fc4.model.admin.ActivityDAO.insert(ActivityDAO.java:88)
           com.itc.fc4.model.admin.ActivityDAO.insert(ActivityDAO.java:103)
           com.itc.fc4.control.security.AuthController.handleRequest(AuthController.java:258)
           org.springframework.web.servlet.mvc.SimpleControllerHandlerAdapter.handle(SimpleControllerHandlerAdapter.java:48)
           org.springframework.web.servlet.DispatcherServlet.doDispatch(DispatcherServlet.java:874)
           org.springframework.web.servlet.DispatcherServlet.doService(DispatcherServlet.java:808)
           org.springframework.web.servlet.FrameworkServlet.processRequest(FrameworkServlet.java:476)
           org.springframework.web.servlet.FrameworkServlet.doPost(FrameworkServlet.java:441)
           javax.servlet.http.HttpServlet.service(HttpServlet.java:643)
           javax.servlet.http.HttpServlet.service(HttpServlet.java:723)
           org.apache.catalina.core.ApplicationFilterChain.internalDoFilter(ApplicationFilterChain.java:290)
           org.apache.catalina.core.ApplicationFilterChain.doFilter(ApplicationFilterChain.java:206)
           com.itc.fc4.control.EncodingFilter.doFilter(EncodingFilter.java:60)
           org.apache.catalina.core.ApplicationFilterChain.internalDoFilter(ApplicationFilterChain.java:235)
           org.apache.catalina.core.ApplicationFilterChain.doFilter(ApplicationFilterChain.java:206)
           org.apache.catalina.core.StandardWrapperValve.invoke(StandardWrapperValve.java:233)
           org.apache.catalina.core.StandardContextValve.invoke(StandardContextValve.java:191)
           org.apache.catalina.core.StandardHostValve.invoke(StandardHostValve.java:127)
           org.apache.catalina.valves.ErrorReportValve.invoke(ErrorReportValve.java:103)
           org.apache.catalina.core.StandardEngineValve.invoke(StandardEngineValve.java:109)
           org.apache.catalina.connector.CoyoteAdapter.service(CoyoteAdapter.java:293)
           org.apache.coyote.http11.Http11AprProcessor.process(Http11AprProcessor.java:879)
           org.apache.coyote.http11.Http11AprProtocol$Http11ConnectionHandler.process(Http11AprProtocol.java:617)
           org.apache.tomcat.util.net.AprEndpoint$Worker.run(AprEndpoint.java:1760)
           java.lang.Thread.run(Thread.java:595)
225810108: Iniciando sesión con usuario [admin] y periodo [2012]
225810233: org.postgresql.core.v3.QueryExecutorImpl.receiveErrorResponse(QueryExecutorImpl.java:2103)
           org.postgresql.core.v3.QueryExecutorImpl.processResults(QueryExecutorImpl.java:1836)
           org.postgresql.core.v3.QueryExecutorImpl.execute(QueryExecutorImpl.java:257)
           org.postgresql.jdbc2.AbstractJdbc2Statement.execute(AbstractJdbc2Statement.java:512)
           org.postgresql.jdbc2.AbstractJdbc2Statement.executeWithFlags(AbstractJdbc2Statement.java:388)
           org.postgresql.jdbc2.AbstractJdbc2Statement.executeUpdate(AbstractJdbc2Statement.java:334)
           sun.reflect.NativeMethodAccessorImpl.invoke0(Native Method)
           sun.reflect.NativeMethodAccessorImpl.invoke(NativeMethodAccessorImpl.java:39)
           sun.reflect.DelegatingMethodAccessorImpl.invoke(DelegatingMethodAccessorImpl.java:25)
           java.lang.reflect.Method.invoke(Method.java:592)
           org.apache.tomcat.jdbc.pool.interceptor.AbstractQueryReport$StatementProxy.invoke(AbstractQueryReport.java:234)
           $Proxy6.executeUpdate(Unknown Source)
           com.itc.fc4.model.admin.ActivityDAO.insert(ActivityDAO.java:89)
           com.itc.fc4.model.admin.ActivityDAO.insert(ActivityDAO.java:103)
           com.itc.fc4.control.security.AuthController.handleRequest(AuthController.java:258)
           org.springframework.web.servlet.mvc.SimpleControllerHandlerAdapter.handle(SimpleControllerHandlerAdapter.java:48)
           org.springframework.web.servlet.DispatcherServlet.doDispatch(DispatcherServlet.java:874)
           org.springframework.web.servlet.DispatcherServlet.doService(DispatcherServlet.java:808)
           org.springframework.web.servlet.FrameworkServlet.processRequest(FrameworkServlet.java:476)
           org.springframework.web.servlet.FrameworkServlet.doPost(FrameworkServlet.java:441)
           javax.servlet.http.HttpServlet.service(HttpServlet.java:643)
           javax.servlet.http.HttpServlet.service(HttpServlet.java:723)
           org.apache.catalina.core.ApplicationFilterChain.internalDoFilter(ApplicationFilterChain.java:290)
           org.apache.catalina.core.ApplicationFilterChain.doFilter(ApplicationFilterChain.java:206)
           com.itc.fc4.control.EncodingFilter.doFilter(EncodingFilter.java:60)
           org.apache.catalina.core.ApplicationFilterChain.internalDoFilter(ApplicationFilterChain.java:235)
           org.apache.catalina.core.ApplicationFilterChain.doFilter(ApplicationFilterChain.java:206)
           org.apache.catalina.core.StandardWrapperValve.invoke(StandardWrapperValve.java:233)
           org.apache.catalina.core.StandardContextValve.invoke(StandardContextValve.java:191)
           org.apache.catalina.core.StandardHostValve.invoke(StandardHostValve.java:127)
           org.apache.catalina.valves.ErrorReportValve.invoke(ErrorReportValve.java:103)
           org.apache.catalina.core.StandardEngineValve.invoke(StandardEngineValve.java:109)
           org.apache.catalina.connector.CoyoteAdapter.service(CoyoteAdapter.java:293)
           org.apache.coyote.http11.Http11AprProcessor.process(Http11AprProcessor.java:879)
           org.apache.coyote.http11.Http11AprProtocol$Http11ConnectionHandler.process(Http11AprProtocol.java:617)
           org.apache.tomcat.util.net.AprEndpoint$Worker.run(AprEndpoint.java:1760)
           java.lang.Thread.run(Thread.java:595)
230122184: Iniciando sesión con usuario [admin] y periodo [2012]
231012018: org.postgresql.jdbc2.AbstractJdbc2Connection.checkClosed(AbstractJdbc2Connection.java:714)
           org.postgresql.jdbc2.AbstractJdbc2Connection.getAutoCommit(AbstractJdbc2Connection.java:680)
           org.postgresql.jdbc2.AbstractJdbc2Statement.execute(AbstractJdbc2Statement.java:507)
           org.postgresql.jdbc2.AbstractJdbc2Statement.executeWithFlags(AbstractJdbc2Statement.java:388)
           org.postgresql.jdbc2.AbstractJdbc2Statement.executeUpdate(AbstractJdbc2Statement.java:334)
           sun.reflect.NativeMethodAccessorImpl.invoke0(Native Method)
           sun.reflect.NativeMethodAccessorImpl.invoke(NativeMethodAccessorImpl.java:39)
           sun.reflect.DelegatingMethodAccessorImpl.invoke(DelegatingMethodAccessorImpl.java:25)
           java.lang.reflect.Method.invoke(Method.java:592)
           org.apache.tomcat.jdbc.pool.interceptor.AbstractQueryReport$StatementProxy.invoke(AbstractQueryReport.java:234)
           $Proxy9.executeUpdate(Unknown Source)
           com.itc.fc4.model.admin.ActivityDAO.insert(ActivityDAO.java:89)
           com.itc.fc4.model.admin.ActivityDAO.insert(ActivityDAO.java:103)
           com.itc.fc4.control.security.AuthController.handleRequest(AuthController.java:258)
           org.springframework.web.servlet.mvc.SimpleControllerHandlerAdapter.handle(SimpleControllerHandlerAdapter.java:48)
           org.springframework.web.servlet.DispatcherServlet.doDispatch(DispatcherServlet.java:874)
           org.springframework.web.servlet.DispatcherServlet.doService(DispatcherServlet.java:808)
           org.springframework.web.servlet.FrameworkServlet.processRequest(FrameworkServlet.java:476)
           org.springframework.web.servlet.FrameworkServlet.doPost(FrameworkServlet.java:441)
           javax.servlet.http.HttpServlet.service(HttpServlet.java:643)
           javax.servlet.http.HttpServlet.service(HttpServlet.java:723)
           org.apache.catalina.core.ApplicationFilterChain.internalDoFilter(ApplicationFilterChain.java:290)
           org.apache.catalina.core.ApplicationFilterChain.doFilter(ApplicationFilterChain.java:206)
           com.itc.fc4.control.EncodingFilter.doFilter(EncodingFilter.java:60)
           org.apache.catalina.core.ApplicationFilterChain.internalDoFilter(ApplicationFilterChain.java:235)
           org.apache.catalina.core.ApplicationFilterChain.doFilter(ApplicationFilterChain.java:206)
           org.apache.catalina.core.StandardWrapperValve.invoke(StandardWrapperValve.java:233)
           org.apache.catalina.core.StandardContextValve.invoke(StandardContextValve.java:191)
           org.apache.catalina.core.StandardHostValve.invoke(StandardHostValve.java:127)
           org.apache.catalina.valves.ErrorReportValve.invoke(ErrorReportValve.java:103)
           org.apache.catalina.core.StandardEngineValve.invoke(StandardEngineValve.java:109)
           org.apache.catalina.connector.CoyoteAdapter.service(CoyoteAdapter.java:293)
           org.apache.coyote.http11.Http11AprProcessor.process(Http11AprProcessor.java:879)
           org.apache.coyote.http11.Http11AprProtocol$Http11ConnectionHandler.process(Http11AprProtocol.java:617)
           org.apache.tomcat.util.net.AprEndpoint$Worker.run(AprEndpoint.java:1760)
           java.lang.Thread.run(Thread.java:595)
231101853: Iniciando sesión con usuario [admin] y periodo [2012]
232909967: org.postgresql.jdbc2.AbstractJdbc2Connection.checkClosed(AbstractJdbc2Connection.java:714)
           org.postgresql.jdbc2.AbstractJdbc2Connection.getAutoCommit(AbstractJdbc2Connection.java:680)
           org.postgresql.jdbc2.AbstractJdbc2Statement.execute(AbstractJdbc2Statement.java:507)
           org.postgresql.jdbc2.AbstractJdbc2Statement.executeWithFlags(AbstractJdbc2Statement.java:388)
           org.postgresql.jdbc2.AbstractJdbc2Statement.executeUpdate(AbstractJdbc2Statement.java:334)
           sun.reflect.NativeMethodAccessorImpl.invoke0(Native Method)
           sun.reflect.NativeMethodAccessorImpl.invoke(NativeMethodAccessorImpl.java:39)
           sun.reflect.DelegatingMethodAccessorImpl.invoke(DelegatingMethodAccessorImpl.java:25)
           java.lang.reflect.Method.invoke(Method.java:592)
           org.apache.tomcat.jdbc.pool.interceptor.AbstractQueryReport$StatementProxy.invoke(AbstractQueryReport.java:234)
           $Proxy12.executeUpdate(Unknown Source)
           com.itc.fc4.model.admin.ActivityDAO.insert(ActivityDAO.java:89)
           com.itc.fc4.model.admin.ActivityDAO.insert(ActivityDAO.java:103)
           com.itc.fc4.control.security.AuthController.handleRequest(AuthController.java:258)
           org.springframework.web.servlet.mvc.SimpleControllerHandlerAdapter.handle(SimpleControllerHandlerAdapter.java:48)
           org.springframework.web.servlet.DispatcherServlet.doDispatch(DispatcherServlet.java:874)
           org.springframework.web.servlet.DispatcherServlet.doService(DispatcherServlet.java:808)
           org.springframework.web.servlet.FrameworkServlet.processRequest(FrameworkServlet.java:476)
           org.springframework.web.servlet.FrameworkServlet.doPost(FrameworkServlet.java:441)
           javax.servlet.http.HttpServlet.service(HttpServlet.java:643)
           javax.servlet.http.HttpServlet.service(HttpServlet.java:723)
           org.apache.catalina.core.ApplicationFilterChain.internalDoFilter(ApplicationFilterChain.java:290)
           org.apache.catalina.core.ApplicationFilterChain.doFilter(ApplicationFilterChain.java:206)
           com.itc.fc4.control.EncodingFilter.doFilter(EncodingFilter.java:60)
           org.apache.catalina.core.ApplicationFilterChain.internalDoFilter(ApplicationFilterChain.java:235)
           org.apache.catalina.core.ApplicationFilterChain.doFilter(ApplicationFilterChain.java:206)
           org.apache.catalina.core.StandardWrapperValve.invoke(StandardWrapperValve.java:233)
           org.apache.catalina.core.StandardContextValve.invoke(StandardContextValve.java:191)
           org.apache.catalina.core.StandardHostValve.invoke(StandardHostValve.java:127)
           org.apache.catalina.valves.ErrorReportValve.invoke(ErrorReportValve.java:103)
           org.apache.catalina.core.StandardEngineValve.invoke(StandardEngineValve.java:109)
           org.apache.catalina.connector.CoyoteAdapter.service(CoyoteAdapter.java:293)
           org.apache.coyote.http11.Http11AprProcessor.process(Http11AprProcessor.java:879)
           org.apache.coyote.http11.Http11AprProtocol$Http11ConnectionHandler.process(Http11AprProtocol.java:617)
           org.apache.tomcat.util.net.AprEndpoint$Worker.run(AprEndpoint.java:1760)
           java.lang.Thread.run(Thread.java:595)
