161700321: org.postgresql.core.v3.ConnectionFactoryImpl.openConnectionImpl(ConnectionFactoryImpl.java:138)
           org.postgresql.core.ConnectionFactory.openConnection(ConnectionFactory.java:66)
           org.postgresql.jdbc2.AbstractJdbc2Connection.<init>(AbstractJdbc2Connection.java:125)
           org.postgresql.jdbc3.AbstractJdbc3Connection.<init>(AbstractJdbc3Connection.java:30)
           org.postgresql.jdbc3.Jdbc3Connection.<init>(Jdbc3Connection.java:24)
           org.postgresql.Driver.makeConnection(Driver.java:393)
           org.postgresql.Driver.connect(Driver.java:267)
           org.apache.tomcat.jdbc.pool.PooledConnection.connectUsingDriver(PooledConnection.java:267)
           org.apache.tomcat.jdbc.pool.PooledConnection.connect(PooledConnection.java:176)
           org.apache.tomcat.jdbc.pool.ConnectionPool.createConnection(ConnectionPool.java:653)
           org.apache.tomcat.jdbc.pool.ConnectionPool.borrowConnection(ConnectionPool.java:595)
           org.apache.tomcat.jdbc.pool.ConnectionPool.init(ConnectionPool.java:458)
           org.apache.tomcat.jdbc.pool.ConnectionPool.<init>(ConnectionPool.java:130)
           org.apache.tomcat.jdbc.pool.DataSourceProxy.createPool(DataSourceProxy.java:99)
           org.apache.tomcat.jdbc.pool.DataSourceProxy.getConnection(DataSourceProxy.java:110)
           com.itc.fc4.model.PoolConnection.getPoolConnection(PoolConnection.java:108)
           com.itc.fc4.model.admin.PeriodDAO.getCurrentPeriod(PeriodDAO.java:69)
           com.itc.fc4.control.security.AuthController.handleRequest(AuthController.java:154)
           org.springframework.web.servlet.mvc.SimpleControllerHandlerAdapter.handle(SimpleControllerHandlerAdapter.java:48)
           org.springframework.web.servlet.DispatcherServlet.doDispatch(DispatcherServlet.java:874)
           org.springframework.web.servlet.DispatcherServlet.doService(DispatcherServlet.java:808)
           org.springframework.web.servlet.FrameworkServlet.processRequest(FrameworkServlet.java:476)
           org.springframework.web.servlet.FrameworkServlet.doPost(FrameworkServlet.java:441)
           javax.servlet.http.HttpServlet.service(HttpServlet.java:643)
           javax.servlet.http.HttpServlet.service(HttpServlet.java:723)
           org.apache.catalina.core.ApplicationFilterChain.internalDoFilter(ApplicationFilterChain.java:290)
           org.apache.catalina.core.ApplicationFilterChain.doFilter(ApplicationFilterChain.java:206)
           com.itc.fc4.control.EncodingFilter.doFilter(EncodingFilter.java:60)
           org.apache.catalina.core.ApplicationFilterChain.internalDoFilter(ApplicationFilterChain.java:235)
           org.apache.catalina.core.ApplicationFilterChain.doFilter(ApplicationFilterChain.java:206)
           org.apache.catalina.core.StandardWrapperValve.invoke(StandardWrapperValve.java:233)
           org.apache.catalina.core.StandardContextValve.invoke(StandardContextValve.java:191)
           org.apache.catalina.core.StandardHostValve.invoke(StandardHostValve.java:127)
           org.apache.catalina.valves.ErrorReportValve.invoke(ErrorReportValve.java:103)
           org.apache.catalina.core.StandardEngineValve.invoke(StandardEngineValve.java:109)
           org.apache.catalina.connector.CoyoteAdapter.service(CoyoteAdapter.java:293)
           org.apache.coyote.http11.Http11AprProcessor.process(Http11AprProcessor.java:879)
           org.apache.coyote.http11.Http11AprProtocol$Http11ConnectionHandler.process(Http11AprProtocol.java:617)
           org.apache.tomcat.util.net.AprEndpoint$Worker.run(AprEndpoint.java:1760)
           java.lang.Thread.run(Thread.java:595)
161749715: org.postgresql.core.v3.ConnectionFactoryImpl.openConnectionImpl(ConnectionFactoryImpl.java:138)
           org.postgresql.core.ConnectionFactory.openConnection(ConnectionFactory.java:66)
           org.postgresql.jdbc2.AbstractJdbc2Connection.<init>(AbstractJdbc2Connection.java:125)
           org.postgresql.jdbc3.AbstractJdbc3Connection.<init>(AbstractJdbc3Connection.java:30)
           org.postgresql.jdbc3.Jdbc3Connection.<init>(Jdbc3Connection.java:24)
           org.postgresql.Driver.makeConnection(Driver.java:393)
           org.postgresql.Driver.connect(Driver.java:267)
           org.apache.tomcat.jdbc.pool.PooledConnection.connectUsingDriver(PooledConnection.java:267)
           org.apache.tomcat.jdbc.pool.PooledConnection.connect(PooledConnection.java:176)
           org.apache.tomcat.jdbc.pool.ConnectionPool.createConnection(ConnectionPool.java:653)
           org.apache.tomcat.jdbc.pool.ConnectionPool.borrowConnection(ConnectionPool.java:595)
           org.apache.tomcat.jdbc.pool.ConnectionPool.init(ConnectionPool.java:458)
           org.apache.tomcat.jdbc.pool.ConnectionPool.<init>(ConnectionPool.java:130)
           org.apache.tomcat.jdbc.pool.DataSourceProxy.createPool(DataSourceProxy.java:99)
           org.apache.tomcat.jdbc.pool.DataSourceProxy.getConnection(DataSourceProxy.java:110)
           com.itc.fc4.model.PoolConnection.getPoolConnection(PoolConnection.java:108)
           com.itc.fc4.model.admin.PeriodDAO.getCurrentPeriod(PeriodDAO.java:69)
           com.itc.fc4.control.security.AuthController.handleRequest(AuthController.java:154)
           org.springframework.web.servlet.mvc.SimpleControllerHandlerAdapter.handle(SimpleControllerHandlerAdapter.java:48)
           org.springframework.web.servlet.DispatcherServlet.doDispatch(DispatcherServlet.java:874)
           org.springframework.web.servlet.DispatcherServlet.doService(DispatcherServlet.java:808)
           org.springframework.web.servlet.FrameworkServlet.processRequest(FrameworkServlet.java:476)
           org.springframework.web.servlet.FrameworkServlet.doPost(FrameworkServlet.java:441)
           javax.servlet.http.HttpServlet.service(HttpServlet.java:643)
           javax.servlet.http.HttpServlet.service(HttpServlet.java:723)
           org.apache.catalina.core.ApplicationFilterChain.internalDoFilter(ApplicationFilterChain.java:290)
           org.apache.catalina.core.ApplicationFilterChain.doFilter(ApplicationFilterChain.java:206)
           com.itc.fc4.control.EncodingFilter.doFilter(EncodingFilter.java:60)
           org.apache.catalina.core.ApplicationFilterChain.internalDoFilter(ApplicationFilterChain.java:235)
           org.apache.catalina.core.ApplicationFilterChain.doFilter(ApplicationFilterChain.java:206)
           org.apache.catalina.core.StandardWrapperValve.invoke(StandardWrapperValve.java:233)
           org.apache.catalina.core.StandardContextValve.invoke(StandardContextValve.java:191)
           org.apache.catalina.core.StandardHostValve.invoke(StandardHostValve.java:127)
           org.apache.catalina.valves.ErrorReportValve.invoke(ErrorReportValve.java:103)
           org.apache.catalina.core.StandardEngineValve.invoke(StandardEngineValve.java:109)
           org.apache.catalina.connector.CoyoteAdapter.service(CoyoteAdapter.java:293)
           org.apache.coyote.http11.Http11AprProcessor.process(Http11AprProcessor.java:879)
           org.apache.coyote.http11.Http11AprProtocol$Http11ConnectionHandler.process(Http11AprProtocol.java:617)
           org.apache.tomcat.util.net.AprEndpoint$Worker.run(AprEndpoint.java:1760)
           java.lang.Thread.run(Thread.java:595)
161849810: org.postgresql.core.v3.ConnectionFactoryImpl.openConnectionImpl(ConnectionFactoryImpl.java:138)
           org.postgresql.core.ConnectionFactory.openConnection(ConnectionFactory.java:66)
           org.postgresql.jdbc2.AbstractJdbc2Connection.<init>(AbstractJdbc2Connection.java:125)
           org.postgresql.jdbc3.AbstractJdbc3Connection.<init>(AbstractJdbc3Connection.java:30)
           org.postgresql.jdbc3.Jdbc3Connection.<init>(Jdbc3Connection.java:24)
           org.postgresql.Driver.makeConnection(Driver.java:393)
           org.postgresql.Driver.connect(Driver.java:267)
           org.apache.tomcat.jdbc.pool.PooledConnection.connectUsingDriver(PooledConnection.java:267)
           org.apache.tomcat.jdbc.pool.PooledConnection.connect(PooledConnection.java:176)
           org.apache.tomcat.jdbc.pool.ConnectionPool.createConnection(ConnectionPool.java:653)
           org.apache.tomcat.jdbc.pool.ConnectionPool.borrowConnection(ConnectionPool.java:595)
           org.apache.tomcat.jdbc.pool.ConnectionPool.init(ConnectionPool.java:458)
           org.apache.tomcat.jdbc.pool.ConnectionPool.<init>(ConnectionPool.java:130)
           org.apache.tomcat.jdbc.pool.DataSourceProxy.createPool(DataSourceProxy.java:99)
           org.apache.tomcat.jdbc.pool.DataSourceProxy.getConnection(DataSourceProxy.java:110)
           com.itc.fc4.model.PoolConnection.getPoolConnection(PoolConnection.java:108)
           com.itc.fc4.model.admin.PeriodDAO.getCurrentPeriod(PeriodDAO.java:69)
           com.itc.fc4.control.security.AuthController.handleRequest(AuthController.java:154)
           org.springframework.web.servlet.mvc.SimpleControllerHandlerAdapter.handle(SimpleControllerHandlerAdapter.java:48)
           org.springframework.web.servlet.DispatcherServlet.doDispatch(DispatcherServlet.java:874)
           org.springframework.web.servlet.DispatcherServlet.doService(DispatcherServlet.java:808)
           org.springframework.web.servlet.FrameworkServlet.processRequest(FrameworkServlet.java:476)
           org.springframework.web.servlet.FrameworkServlet.doPost(FrameworkServlet.java:441)
           javax.servlet.http.HttpServlet.service(HttpServlet.java:643)
           javax.servlet.http.HttpServlet.service(HttpServlet.java:723)
           org.apache.catalina.core.ApplicationFilterChain.internalDoFilter(ApplicationFilterChain.java:290)
           org.apache.catalina.core.ApplicationFilterChain.doFilter(ApplicationFilterChain.java:206)
           com.itc.fc4.control.EncodingFilter.doFilter(EncodingFilter.java:60)
           org.apache.catalina.core.ApplicationFilterChain.internalDoFilter(ApplicationFilterChain.java:235)
           org.apache.catalina.core.ApplicationFilterChain.doFilter(ApplicationFilterChain.java:206)
           org.apache.catalina.core.StandardWrapperValve.invoke(StandardWrapperValve.java:233)
           org.apache.catalina.core.StandardContextValve.invoke(StandardContextValve.java:191)
           org.apache.catalina.core.StandardHostValve.invoke(StandardHostValve.java:127)
           org.apache.catalina.valves.ErrorReportValve.invoke(ErrorReportValve.java:103)
           org.apache.catalina.core.StandardEngineValve.invoke(StandardEngineValve.java:109)
           org.apache.catalina.connector.CoyoteAdapter.service(CoyoteAdapter.java:293)
           org.apache.coyote.http11.Http11AprProcessor.process(Http11AprProcessor.java:879)
           org.apache.coyote.http11.Http11AprProtocol$Http11ConnectionHandler.process(Http11AprProtocol.java:617)
           org.apache.tomcat.util.net.AprEndpoint$Worker.run(AprEndpoint.java:1760)
           java.lang.Thread.run(Thread.java:595)
162004145: org.postgresql.core.v3.ConnectionFactoryImpl.openConnectionImpl(ConnectionFactoryImpl.java:138)
           org.postgresql.core.ConnectionFactory.openConnection(ConnectionFactory.java:66)
           org.postgresql.jdbc2.AbstractJdbc2Connection.<init>(AbstractJdbc2Connection.java:125)
           org.postgresql.jdbc3.AbstractJdbc3Connection.<init>(AbstractJdbc3Connection.java:30)
           org.postgresql.jdbc3.Jdbc3Connection.<init>(Jdbc3Connection.java:24)
           org.postgresql.Driver.makeConnection(Driver.java:393)
           org.postgresql.Driver.connect(Driver.java:267)
           org.apache.tomcat.jdbc.pool.PooledConnection.connectUsingDriver(PooledConnection.java:267)
           org.apache.tomcat.jdbc.pool.PooledConnection.connect(PooledConnection.java:176)
           org.apache.tomcat.jdbc.pool.ConnectionPool.createConnection(ConnectionPool.java:653)
           org.apache.tomcat.jdbc.pool.ConnectionPool.borrowConnection(ConnectionPool.java:595)
           org.apache.tomcat.jdbc.pool.ConnectionPool.init(ConnectionPool.java:458)
           org.apache.tomcat.jdbc.pool.ConnectionPool.<init>(ConnectionPool.java:130)
           org.apache.tomcat.jdbc.pool.DataSourceProxy.createPool(DataSourceProxy.java:99)
           org.apache.tomcat.jdbc.pool.DataSourceProxy.getConnection(DataSourceProxy.java:110)
           com.itc.fc4.model.PoolConnection.getPoolConnection(PoolConnection.java:108)
           com.itc.fc4.model.admin.PeriodDAO.getCurrentPeriod(PeriodDAO.java:69)
           com.itc.fc4.control.security.AuthController.handleRequest(AuthController.java:154)
           org.springframework.web.servlet.mvc.SimpleControllerHandlerAdapter.handle(SimpleControllerHandlerAdapter.java:48)
           org.springframework.web.servlet.DispatcherServlet.doDispatch(DispatcherServlet.java:874)
           org.springframework.web.servlet.DispatcherServlet.doService(DispatcherServlet.java:808)
           org.springframework.web.servlet.FrameworkServlet.processRequest(FrameworkServlet.java:476)
           org.springframework.web.servlet.FrameworkServlet.doPost(FrameworkServlet.java:441)
           javax.servlet.http.HttpServlet.service(HttpServlet.java:643)
           javax.servlet.http.HttpServlet.service(HttpServlet.java:723)
           org.apache.catalina.core.ApplicationFilterChain.internalDoFilter(ApplicationFilterChain.java:290)
           org.apache.catalina.core.ApplicationFilterChain.doFilter(ApplicationFilterChain.java:206)
           com.itc.fc4.control.EncodingFilter.doFilter(EncodingFilter.java:60)
           org.apache.catalina.core.ApplicationFilterChain.internalDoFilter(ApplicationFilterChain.java:235)
           org.apache.catalina.core.ApplicationFilterChain.doFilter(ApplicationFilterChain.java:206)
           org.apache.catalina.core.StandardWrapperValve.invoke(StandardWrapperValve.java:233)
           org.apache.catalina.core.StandardContextValve.invoke(StandardContextValve.java:191)
           org.apache.catalina.core.StandardHostValve.invoke(StandardHostValve.java:127)
           org.apache.catalina.valves.ErrorReportValve.invoke(ErrorReportValve.java:103)
           org.apache.catalina.core.StandardEngineValve.invoke(StandardEngineValve.java:109)
           org.apache.catalina.connector.CoyoteAdapter.service(CoyoteAdapter.java:293)
           org.apache.coyote.http11.Http11AprProcessor.process(Http11AprProcessor.java:879)
           org.apache.coyote.http11.Http11AprProtocol$Http11ConnectionHandler.process(Http11AprProtocol.java:617)
           org.apache.tomcat.util.net.AprEndpoint$Worker.run(AprEndpoint.java:1760)
           java.lang.Thread.run(Thread.java:595)
163034772: Iniciando sesión con usuario [admin] y periodo [2012]
163402112: Iniciando sesión con usuario [admin] y periodo [2012]
163854437: Iniciando sesión con usuario [admin] y periodo [2012]
164524619: org.postgresql.core.v3.ConnectionFactoryImpl.openConnectionImpl(ConnectionFactoryImpl.java:138)
           org.postgresql.core.ConnectionFactory.openConnection(ConnectionFactory.java:66)
           org.postgresql.jdbc2.AbstractJdbc2Connection.<init>(AbstractJdbc2Connection.java:125)
           org.postgresql.jdbc3.AbstractJdbc3Connection.<init>(AbstractJdbc3Connection.java:30)
           org.postgresql.jdbc3.Jdbc3Connection.<init>(Jdbc3Connection.java:24)
           org.postgresql.Driver.makeConnection(Driver.java:393)
           org.postgresql.Driver.connect(Driver.java:267)
           org.apache.tomcat.jdbc.pool.PooledConnection.connectUsingDriver(PooledConnection.java:267)
           org.apache.tomcat.jdbc.pool.PooledConnection.connect(PooledConnection.java:176)
           org.apache.tomcat.jdbc.pool.ConnectionPool.createConnection(ConnectionPool.java:653)
           org.apache.tomcat.jdbc.pool.ConnectionPool.borrowConnection(ConnectionPool.java:595)
           org.apache.tomcat.jdbc.pool.ConnectionPool.init(ConnectionPool.java:458)
           org.apache.tomcat.jdbc.pool.ConnectionPool.<init>(ConnectionPool.java:130)
           org.apache.tomcat.jdbc.pool.DataSourceProxy.createPool(DataSourceProxy.java:99)
           org.apache.tomcat.jdbc.pool.DataSourceProxy.getConnection(DataSourceProxy.java:110)
           com.itc.fc4.model.PoolConnection.getPoolConnection(PoolConnection.java:108)
           com.itc.fc4.model.admin.PeriodDAO.getCurrentPeriod(PeriodDAO.java:69)
           com.itc.fc4.control.security.AuthController.handleRequest(AuthController.java:154)
           org.springframework.web.servlet.mvc.SimpleControllerHandlerAdapter.handle(SimpleControllerHandlerAdapter.java:48)
           org.springframework.web.servlet.DispatcherServlet.doDispatch(DispatcherServlet.java:874)
           org.springframework.web.servlet.DispatcherServlet.doService(DispatcherServlet.java:808)
           org.springframework.web.servlet.FrameworkServlet.processRequest(FrameworkServlet.java:476)
           org.springframework.web.servlet.FrameworkServlet.doPost(FrameworkServlet.java:441)
           javax.servlet.http.HttpServlet.service(HttpServlet.java:643)
           javax.servlet.http.HttpServlet.service(HttpServlet.java:723)
           org.apache.catalina.core.ApplicationFilterChain.internalDoFilter(ApplicationFilterChain.java:290)
           org.apache.catalina.core.ApplicationFilterChain.doFilter(ApplicationFilterChain.java:206)
           com.itc.fc4.control.EncodingFilter.doFilter(EncodingFilter.java:60)
           org.apache.catalina.core.ApplicationFilterChain.internalDoFilter(ApplicationFilterChain.java:235)
           org.apache.catalina.core.ApplicationFilterChain.doFilter(ApplicationFilterChain.java:206)
           org.apache.catalina.core.StandardWrapperValve.invoke(StandardWrapperValve.java:233)
           org.apache.catalina.core.StandardContextValve.invoke(StandardContextValve.java:191)
           org.apache.catalina.core.StandardHostValve.invoke(StandardHostValve.java:127)
           org.apache.catalina.valves.ErrorReportValve.invoke(ErrorReportValve.java:103)
           org.apache.catalina.core.StandardEngineValve.invoke(StandardEngineValve.java:109)
           org.apache.catalina.connector.CoyoteAdapter.service(CoyoteAdapter.java:293)
           org.apache.coyote.http11.Http11AprProcessor.process(Http11AprProcessor.java:879)
           org.apache.coyote.http11.Http11AprProtocol$Http11ConnectionHandler.process(Http11AprProtocol.java:617)
           org.apache.tomcat.util.net.AprEndpoint$Worker.run(AprEndpoint.java:1760)
           java.lang.Thread.run(Thread.java:595)
164605678: Iniciando sesión con usuario [admin] y periodo [2012]
170039950: org.postgresql.core.v3.QueryExecutorImpl.receiveErrorResponse(QueryExecutorImpl.java:2103)
           org.postgresql.core.v3.QueryExecutorImpl.processResults(QueryExecutorImpl.java:1836)
           org.postgresql.core.v3.QueryExecutorImpl.execute(QueryExecutorImpl.java:257)
           org.postgresql.jdbc2.AbstractJdbc2Statement.execute(AbstractJdbc2Statement.java:512)
           org.postgresql.jdbc2.AbstractJdbc2Statement.executeWithFlags(AbstractJdbc2Statement.java:388)
           org.postgresql.jdbc2.AbstractJdbc2Statement.executeQuery(AbstractJdbc2Statement.java:273)
           sun.reflect.GeneratedMethodAccessor46.invoke(Unknown Source)
           sun.reflect.DelegatingMethodAccessorImpl.invoke(DelegatingMethodAccessorImpl.java:25)
           java.lang.reflect.Method.invoke(Method.java:592)
           org.apache.tomcat.jdbc.pool.interceptor.AbstractQueryReport$StatementProxy.invoke(AbstractQueryReport.java:234)
           $Proxy4.executeQuery(Unknown Source)
           com.itc.fc4.control.Report.ExecuteQueryForTotals(Report.java:179)
           com.itc.fc4.control.Report.ExecuteQuery(Report.java:78)
           com.itc.fc4.tasks.document.reports.generic.ReporteGenericoDocumentosController.handleRequest(ReporteGenericoDocumentosController.java:109)
           org.springframework.web.servlet.mvc.SimpleControllerHandlerAdapter.handle(SimpleControllerHandlerAdapter.java:48)
           org.springframework.web.servlet.DispatcherServlet.doDispatch(DispatcherServlet.java:874)
           org.springframework.web.servlet.DispatcherServlet.doService(DispatcherServlet.java:808)
           org.springframework.web.servlet.FrameworkServlet.processRequest(FrameworkServlet.java:476)
           org.springframework.web.servlet.FrameworkServlet.doPost(FrameworkServlet.java:441)
           javax.servlet.http.HttpServlet.service(HttpServlet.java:643)
           javax.servlet.http.HttpServlet.service(HttpServlet.java:723)
           org.apache.catalina.core.ApplicationFilterChain.internalDoFilter(ApplicationFilterChain.java:290)
           org.apache.catalina.core.ApplicationFilterChain.doFilter(ApplicationFilterChain.java:206)
           com.itc.fc4.control.EncodingFilter.doFilter(EncodingFilter.java:60)
           org.apache.catalina.core.ApplicationFilterChain.internalDoFilter(ApplicationFilterChain.java:235)
           org.apache.catalina.core.ApplicationFilterChain.doFilter(ApplicationFilterChain.java:206)
           org.apache.catalina.core.StandardWrapperValve.invoke(StandardWrapperValve.java:233)
           org.apache.catalina.core.StandardContextValve.invoke(StandardContextValve.java:191)
           org.apache.catalina.core.StandardHostValve.invoke(StandardHostValve.java:127)
           org.apache.catalina.valves.ErrorReportValve.invoke(ErrorReportValve.java:103)
           org.apache.catalina.core.StandardEngineValve.invoke(StandardEngineValve.java:109)
           org.apache.catalina.connector.CoyoteAdapter.service(CoyoteAdapter.java:293)
           org.apache.coyote.http11.Http11AprProcessor.process(Http11AprProcessor.java:879)
           org.apache.coyote.http11.Http11AprProtocol$Http11ConnectionHandler.process(Http11AprProtocol.java:617)
           org.apache.tomcat.util.net.AprEndpoint$Worker.run(AprEndpoint.java:1760)
           java.lang.Thread.run(Thread.java:595)
170244019: Iniciando sesión con usuario [admin] y periodo [2012]
171552675: Iniciando sesión con usuario [admin] y periodo [2012]
171707458: Iniciando sesión con usuario [admin] y periodo [2012]
172716139: Iniciando sesión con usuario [admin] y periodo [2012]
173030102: Iniciando sesión con usuario [admin] y periodo [2012]
173144151: org.postgresql.core.v3.ConnectionFactoryImpl.doAuthentication(ConnectionFactoryImpl.java:293)
           org.postgresql.core.v3.ConnectionFactoryImpl.openConnectionImpl(ConnectionFactoryImpl.java:108)
           org.postgresql.core.ConnectionFactory.openConnection(ConnectionFactory.java:66)
           org.postgresql.jdbc2.AbstractJdbc2Connection.<init>(AbstractJdbc2Connection.java:125)
           org.postgresql.jdbc3.AbstractJdbc3Connection.<init>(AbstractJdbc3Connection.java:30)
           org.postgresql.jdbc3.Jdbc3Connection.<init>(Jdbc3Connection.java:24)
           org.postgresql.Driver.makeConnection(Driver.java:393)
           org.postgresql.Driver.connect(Driver.java:267)
           org.apache.tomcat.jdbc.pool.PooledConnection.connectUsingDriver(PooledConnection.java:267)
           org.apache.tomcat.jdbc.pool.PooledConnection.connect(PooledConnection.java:176)
           org.apache.tomcat.jdbc.pool.ConnectionPool.createConnection(ConnectionPool.java:653)
           org.apache.tomcat.jdbc.pool.ConnectionPool.borrowConnection(ConnectionPool.java:595)
           org.apache.tomcat.jdbc.pool.ConnectionPool.init(ConnectionPool.java:458)
           org.apache.tomcat.jdbc.pool.ConnectionPool.<init>(ConnectionPool.java:130)
           org.apache.tomcat.jdbc.pool.DataSourceProxy.createPool(DataSourceProxy.java:99)
           org.apache.tomcat.jdbc.pool.DataSourceProxy.getConnection(DataSourceProxy.java:110)
           com.itc.fc4.model.PoolConnection.getPoolConnection(PoolConnection.java:108)
           com.itc.fc4.model.admin.PeriodDAO.getCurrentPeriod(PeriodDAO.java:69)
           com.itc.fc4.control.security.AuthController.handleRequest(AuthController.java:154)
           org.springframework.web.servlet.mvc.SimpleControllerHandlerAdapter.handle(SimpleControllerHandlerAdapter.java:48)
           org.springframework.web.servlet.DispatcherServlet.doDispatch(DispatcherServlet.java:874)
           org.springframework.web.servlet.DispatcherServlet.doService(DispatcherServlet.java:808)
           org.springframework.web.servlet.FrameworkServlet.processRequest(FrameworkServlet.java:476)
           org.springframework.web.servlet.FrameworkServlet.doPost(FrameworkServlet.java:441)
           javax.servlet.http.HttpServlet.service(HttpServlet.java:643)
           javax.servlet.http.HttpServlet.service(HttpServlet.java:723)
           org.apache.catalina.core.ApplicationFilterChain.internalDoFilter(ApplicationFilterChain.java:290)
           org.apache.catalina.core.ApplicationFilterChain.doFilter(ApplicationFilterChain.java:206)
           com.itc.fc4.control.EncodingFilter.doFilter(EncodingFilter.java:60)
           org.apache.catalina.core.ApplicationFilterChain.internalDoFilter(ApplicationFilterChain.java:235)
           org.apache.catalina.core.ApplicationFilterChain.doFilter(ApplicationFilterChain.java:206)
           org.apache.catalina.core.StandardWrapperValve.invoke(StandardWrapperValve.java:233)
           org.apache.catalina.core.StandardContextValve.invoke(StandardContextValve.java:191)
           org.apache.catalina.core.StandardHostValve.invoke(StandardHostValve.java:127)
           org.apache.catalina.valves.ErrorReportValve.invoke(ErrorReportValve.java:103)
           org.apache.catalina.core.StandardEngineValve.invoke(StandardEngineValve.java:109)
           org.apache.catalina.connector.CoyoteAdapter.service(CoyoteAdapter.java:293)
           org.apache.coyote.http11.Http11AprProcessor.process(Http11AprProcessor.java:879)
           org.apache.coyote.http11.Http11AprProtocol$Http11ConnectionHandler.process(Http11AprProtocol.java:617)
           org.apache.tomcat.util.net.AprEndpoint$Worker.run(AprEndpoint.java:1760)
           java.lang.Thread.run(Thread.java:595)
173215969: org.postgresql.core.v3.ConnectionFactoryImpl.doAuthentication(ConnectionFactoryImpl.java:293)
           org.postgresql.core.v3.ConnectionFactoryImpl.openConnectionImpl(ConnectionFactoryImpl.java:108)
           org.postgresql.core.ConnectionFactory.openConnection(ConnectionFactory.java:66)
           org.postgresql.jdbc2.AbstractJdbc2Connection.<init>(AbstractJdbc2Connection.java:125)
           org.postgresql.jdbc3.AbstractJdbc3Connection.<init>(AbstractJdbc3Connection.java:30)
           org.postgresql.jdbc3.Jdbc3Connection.<init>(Jdbc3Connection.java:24)
           org.postgresql.Driver.makeConnection(Driver.java:393)
           org.postgresql.Driver.connect(Driver.java:267)
           org.apache.tomcat.jdbc.pool.PooledConnection.connectUsingDriver(PooledConnection.java:267)
           org.apache.tomcat.jdbc.pool.PooledConnection.connect(PooledConnection.java:176)
           org.apache.tomcat.jdbc.pool.ConnectionPool.createConnection(ConnectionPool.java:653)
           org.apache.tomcat.jdbc.pool.ConnectionPool.borrowConnection(ConnectionPool.java:595)
           org.apache.tomcat.jdbc.pool.ConnectionPool.init(ConnectionPool.java:458)
           org.apache.tomcat.jdbc.pool.ConnectionPool.<init>(ConnectionPool.java:130)
           org.apache.tomcat.jdbc.pool.DataSourceProxy.createPool(DataSourceProxy.java:99)
           org.apache.tomcat.jdbc.pool.DataSourceProxy.getConnection(DataSourceProxy.java:110)
           com.itc.fc4.model.PoolConnection.getPoolConnection(PoolConnection.java:108)
           com.itc.fc4.model.admin.PeriodDAO.getCurrentPeriod(PeriodDAO.java:69)
           com.itc.fc4.control.security.AuthController.handleRequest(AuthController.java:154)
           org.springframework.web.servlet.mvc.SimpleControllerHandlerAdapter.handle(SimpleControllerHandlerAdapter.java:48)
           org.springframework.web.servlet.DispatcherServlet.doDispatch(DispatcherServlet.java:874)
           org.springframework.web.servlet.DispatcherServlet.doService(DispatcherServlet.java:808)
           org.springframework.web.servlet.FrameworkServlet.processRequest(FrameworkServlet.java:476)
           org.springframework.web.servlet.FrameworkServlet.doPost(FrameworkServlet.java:441)
           javax.servlet.http.HttpServlet.service(HttpServlet.java:643)
           javax.servlet.http.HttpServlet.service(HttpServlet.java:723)
           org.apache.catalina.core.ApplicationFilterChain.internalDoFilter(ApplicationFilterChain.java:290)
           org.apache.catalina.core.ApplicationFilterChain.doFilter(ApplicationFilterChain.java:206)
           com.itc.fc4.control.EncodingFilter.doFilter(EncodingFilter.java:60)
           org.apache.catalina.core.ApplicationFilterChain.internalDoFilter(ApplicationFilterChain.java:235)
           org.apache.catalina.core.ApplicationFilterChain.doFilter(ApplicationFilterChain.java:206)
           org.apache.catalina.core.StandardWrapperValve.invoke(StandardWrapperValve.java:233)
           org.apache.catalina.core.StandardContextValve.invoke(StandardContextValve.java:191)
           org.apache.catalina.core.StandardHostValve.invoke(StandardHostValve.java:127)
           org.apache.catalina.valves.ErrorReportValve.invoke(ErrorReportValve.java:103)
           org.apache.catalina.core.StandardEngineValve.invoke(StandardEngineValve.java:109)
           org.apache.catalina.connector.CoyoteAdapter.service(CoyoteAdapter.java:293)
           org.apache.coyote.http11.Http11AprProcessor.process(Http11AprProcessor.java:879)
           org.apache.coyote.http11.Http11AprProtocol$Http11ConnectionHandler.process(Http11AprProtocol.java:617)
           org.apache.tomcat.util.net.AprEndpoint$Worker.run(AprEndpoint.java:1760)
           java.lang.Thread.run(Thread.java:595)
173310277: org.postgresql.core.v3.ConnectionFactoryImpl.doAuthentication(ConnectionFactoryImpl.java:293)
           org.postgresql.core.v3.ConnectionFactoryImpl.openConnectionImpl(ConnectionFactoryImpl.java:108)
           org.postgresql.core.ConnectionFactory.openConnection(ConnectionFactory.java:66)
           org.postgresql.jdbc2.AbstractJdbc2Connection.<init>(AbstractJdbc2Connection.java:125)
           org.postgresql.jdbc3.AbstractJdbc3Connection.<init>(AbstractJdbc3Connection.java:30)
           org.postgresql.jdbc3.Jdbc3Connection.<init>(Jdbc3Connection.java:24)
           org.postgresql.Driver.makeConnection(Driver.java:393)
           org.postgresql.Driver.connect(Driver.java:267)
           org.apache.tomcat.jdbc.pool.PooledConnection.connectUsingDriver(PooledConnection.java:267)
           org.apache.tomcat.jdbc.pool.PooledConnection.connect(PooledConnection.java:176)
           org.apache.tomcat.jdbc.pool.ConnectionPool.createConnection(ConnectionPool.java:653)
           org.apache.tomcat.jdbc.pool.ConnectionPool.borrowConnection(ConnectionPool.java:595)
           org.apache.tomcat.jdbc.pool.ConnectionPool.init(ConnectionPool.java:458)
           org.apache.tomcat.jdbc.pool.ConnectionPool.<init>(ConnectionPool.java:130)
           org.apache.tomcat.jdbc.pool.DataSourceProxy.createPool(DataSourceProxy.java:99)
           org.apache.tomcat.jdbc.pool.DataSourceProxy.getConnection(DataSourceProxy.java:110)
           com.itc.fc4.model.PoolConnection.getPoolConnection(PoolConnection.java:108)
           com.itc.fc4.model.admin.PeriodDAO.getCurrentPeriod(PeriodDAO.java:69)
           com.itc.fc4.control.security.AuthController.handleRequest(AuthController.java:154)
           org.springframework.web.servlet.mvc.SimpleControllerHandlerAdapter.handle(SimpleControllerHandlerAdapter.java:48)
           org.springframework.web.servlet.DispatcherServlet.doDispatch(DispatcherServlet.java:874)
           org.springframework.web.servlet.DispatcherServlet.doService(DispatcherServlet.java:808)
           org.springframework.web.servlet.FrameworkServlet.processRequest(FrameworkServlet.java:476)
           org.springframework.web.servlet.FrameworkServlet.doPost(FrameworkServlet.java:441)
           javax.servlet.http.HttpServlet.service(HttpServlet.java:643)
           javax.servlet.http.HttpServlet.service(HttpServlet.java:723)
           org.apache.catalina.core.ApplicationFilterChain.internalDoFilter(ApplicationFilterChain.java:290)
           org.apache.catalina.core.ApplicationFilterChain.doFilter(ApplicationFilterChain.java:206)
           com.itc.fc4.control.EncodingFilter.doFilter(EncodingFilter.java:60)
           org.apache.catalina.core.ApplicationFilterChain.internalDoFilter(ApplicationFilterChain.java:235)
           org.apache.catalina.core.ApplicationFilterChain.doFilter(ApplicationFilterChain.java:206)
           org.apache.catalina.core.StandardWrapperValve.invoke(StandardWrapperValve.java:233)
           org.apache.catalina.core.StandardContextValve.invoke(StandardContextValve.java:191)
           org.apache.catalina.core.StandardHostValve.invoke(StandardHostValve.java:127)
           org.apache.catalina.valves.ErrorReportValve.invoke(ErrorReportValve.java:103)
           org.apache.catalina.core.StandardEngineValve.invoke(StandardEngineValve.java:109)
           org.apache.catalina.connector.CoyoteAdapter.service(CoyoteAdapter.java:293)
           org.apache.coyote.http11.Http11AprProcessor.process(Http11AprProcessor.java:879)
           org.apache.coyote.http11.Http11AprProtocol$Http11ConnectionHandler.process(Http11AprProtocol.java:617)
           org.apache.tomcat.util.net.AprEndpoint$Worker.run(AprEndpoint.java:1760)
           java.lang.Thread.run(Thread.java:595)
173441913: Iniciando sesión con usuario [admin] y periodo [2012]
174055078: Iniciando sesión con usuario [admin] y periodo [2012]
180139020: Iniciando sesión con usuario [admin] y periodo [2012]
180345438: Iniciando sesión con usuario [admin] y periodo [2012]
180458222: Iniciando sesión con usuario [admin] y periodo [2012]
180958765: Iniciando sesión con usuario [admin] y periodo [2012]
181042852: Iniciando sesión con usuario [admin] y periodo [2012]
181706725: Iniciando sesión con usuario [admin] y periodo [2012]
182224795: org.postgresql.core.v3.ConnectionFactoryImpl.openConnectionImpl(ConnectionFactoryImpl.java:138)
           org.postgresql.core.ConnectionFactory.openConnection(ConnectionFactory.java:66)
           org.postgresql.jdbc2.AbstractJdbc2Connection.<init>(AbstractJdbc2Connection.java:125)
           org.postgresql.jdbc3.AbstractJdbc3Connection.<init>(AbstractJdbc3Connection.java:30)
           org.postgresql.jdbc3.Jdbc3Connection.<init>(Jdbc3Connection.java:24)
           org.postgresql.Driver.makeConnection(Driver.java:393)
           org.postgresql.Driver.connect(Driver.java:267)
           org.apache.tomcat.jdbc.pool.PooledConnection.connectUsingDriver(PooledConnection.java:267)
           org.apache.tomcat.jdbc.pool.PooledConnection.connect(PooledConnection.java:176)
           org.apache.tomcat.jdbc.pool.ConnectionPool.createConnection(ConnectionPool.java:653)
           org.apache.tomcat.jdbc.pool.ConnectionPool.borrowConnection(ConnectionPool.java:595)
           org.apache.tomcat.jdbc.pool.ConnectionPool.init(ConnectionPool.java:458)
           org.apache.tomcat.jdbc.pool.ConnectionPool.<init>(ConnectionPool.java:130)
           org.apache.tomcat.jdbc.pool.DataSourceProxy.createPool(DataSourceProxy.java:99)
           org.apache.tomcat.jdbc.pool.DataSourceProxy.getConnection(DataSourceProxy.java:110)
           com.itc.fc4.model.PoolConnection.getPoolConnection(PoolConnection.java:108)
           com.itc.fc4.model.admin.PeriodDAO.getCurrentPeriod(PeriodDAO.java:69)
           com.itc.fc4.control.security.AuthController.handleRequest(AuthController.java:154)
           org.springframework.web.servlet.mvc.SimpleControllerHandlerAdapter.handle(SimpleControllerHandlerAdapter.java:48)
           org.springframework.web.servlet.DispatcherServlet.doDispatch(DispatcherServlet.java:874)
           org.springframework.web.servlet.DispatcherServlet.doService(DispatcherServlet.java:808)
           org.springframework.web.servlet.FrameworkServlet.processRequest(FrameworkServlet.java:476)
           org.springframework.web.servlet.FrameworkServlet.doPost(FrameworkServlet.java:441)
           javax.servlet.http.HttpServlet.service(HttpServlet.java:643)
           javax.servlet.http.HttpServlet.service(HttpServlet.java:723)
           org.apache.catalina.core.ApplicationFilterChain.internalDoFilter(ApplicationFilterChain.java:290)
           org.apache.catalina.core.ApplicationFilterChain.doFilter(ApplicationFilterChain.java:206)
           com.itc.fc4.control.EncodingFilter.doFilter(EncodingFilter.java:60)
           org.apache.catalina.core.ApplicationFilterChain.internalDoFilter(ApplicationFilterChain.java:235)
           org.apache.catalina.core.ApplicationFilterChain.doFilter(ApplicationFilterChain.java:206)
           org.apache.catalina.core.StandardWrapperValve.invoke(StandardWrapperValve.java:233)
           org.apache.catalina.core.StandardContextValve.invoke(StandardContextValve.java:191)
           org.apache.catalina.core.StandardHostValve.invoke(StandardHostValve.java:127)
           org.apache.catalina.valves.ErrorReportValve.invoke(ErrorReportValve.java:103)
           org.apache.catalina.core.StandardEngineValve.invoke(StandardEngineValve.java:109)
           org.apache.catalina.connector.CoyoteAdapter.service(CoyoteAdapter.java:293)
           org.apache.coyote.http11.Http11AprProcessor.process(Http11AprProcessor.java:879)
           org.apache.coyote.http11.Http11AprProtocol$Http11ConnectionHandler.process(Http11AprProtocol.java:617)
           org.apache.tomcat.util.net.AprEndpoint$Worker.run(AprEndpoint.java:1760)
           java.lang.Thread.run(Thread.java:595)
182304624: Iniciando sesión con usuario [admin] y periodo [2012]
182855926: Intento de inicio de sesión usuario INACTIVO [admin]
182903877: Intento de inicio de sesión usuario INACTIVO [admin]
182923623: Intento de inicio de sesión usuario INACTIVO [admin]
183131477: org.postgresql.core.v3.ConnectionFactoryImpl.openConnectionImpl(ConnectionFactoryImpl.java:138)
           org.postgresql.core.ConnectionFactory.openConnection(ConnectionFactory.java:66)
           org.postgresql.jdbc2.AbstractJdbc2Connection.<init>(AbstractJdbc2Connection.java:125)
           org.postgresql.jdbc3.AbstractJdbc3Connection.<init>(AbstractJdbc3Connection.java:30)
           org.postgresql.jdbc3.Jdbc3Connection.<init>(Jdbc3Connection.java:24)
           org.postgresql.Driver.makeConnection(Driver.java:393)
           org.postgresql.Driver.connect(Driver.java:267)
           org.apache.tomcat.jdbc.pool.PooledConnection.connectUsingDriver(PooledConnection.java:267)
           org.apache.tomcat.jdbc.pool.PooledConnection.connect(PooledConnection.java:176)
           org.apache.tomcat.jdbc.pool.ConnectionPool.createConnection(ConnectionPool.java:653)
           org.apache.tomcat.jdbc.pool.ConnectionPool.borrowConnection(ConnectionPool.java:595)
           org.apache.tomcat.jdbc.pool.ConnectionPool.init(ConnectionPool.java:458)
           org.apache.tomcat.jdbc.pool.ConnectionPool.<init>(ConnectionPool.java:130)
           org.apache.tomcat.jdbc.pool.DataSourceProxy.createPool(DataSourceProxy.java:99)
           org.apache.tomcat.jdbc.pool.DataSourceProxy.getConnection(DataSourceProxy.java:110)
           com.itc.fc4.model.PoolConnection.getPoolConnection(PoolConnection.java:108)
           com.itc.fc4.model.admin.PeriodDAO.getCurrentPeriod(PeriodDAO.java:69)
           com.itc.fc4.control.security.AuthController.handleRequest(AuthController.java:154)
           org.springframework.web.servlet.mvc.SimpleControllerHandlerAdapter.handle(SimpleControllerHandlerAdapter.java:48)
           org.springframework.web.servlet.DispatcherServlet.doDispatch(DispatcherServlet.java:874)
           org.springframework.web.servlet.DispatcherServlet.doService(DispatcherServlet.java:808)
           org.springframework.web.servlet.FrameworkServlet.processRequest(FrameworkServlet.java:476)
           org.springframework.web.servlet.FrameworkServlet.doPost(FrameworkServlet.java:441)
           javax.servlet.http.HttpServlet.service(HttpServlet.java:643)
           javax.servlet.http.HttpServlet.service(HttpServlet.java:723)
           org.apache.catalina.core.ApplicationFilterChain.internalDoFilter(ApplicationFilterChain.java:290)
           org.apache.catalina.core.ApplicationFilterChain.doFilter(ApplicationFilterChain.java:206)
           com.itc.fc4.control.EncodingFilter.doFilter(EncodingFilter.java:60)
           org.apache.catalina.core.ApplicationFilterChain.internalDoFilter(ApplicationFilterChain.java:235)
           org.apache.catalina.core.ApplicationFilterChain.doFilter(ApplicationFilterChain.java:206)
           org.apache.catalina.core.StandardWrapperValve.invoke(StandardWrapperValve.java:233)
           org.apache.catalina.core.StandardContextValve.invoke(StandardContextValve.java:191)
           org.apache.catalina.core.StandardHostValve.invoke(StandardHostValve.java:127)
           org.apache.catalina.valves.ErrorReportValve.invoke(ErrorReportValve.java:103)
           org.apache.catalina.core.StandardEngineValve.invoke(StandardEngineValve.java:109)
           org.apache.catalina.connector.CoyoteAdapter.service(CoyoteAdapter.java:293)
           org.apache.coyote.http11.Http11AprProcessor.process(Http11AprProcessor.java:879)
           org.apache.coyote.http11.Http11AprProtocol$Http11ConnectionHandler.process(Http11AprProtocol.java:617)
           org.apache.tomcat.util.net.AprEndpoint$Worker.run(AprEndpoint.java:1760)
           java.lang.Thread.run(Thread.java:595)
183159160: Intento de inicio de sesión usuario INACTIVO [admin]
183241081: Intento de inicio de sesión usuario INACTIVO [admin]
183250109: Intento de inicio de sesión usuario INACTIVO [admin]
183430017: Intento de inicio de sesión usuario INACTIVO [admin]
183443634: Autentificación incorrecta para usuario [sgarcia]
183447842: Intento de inicio de sesión usuario INACTIVO [admin]
183559979: Intento de inicio de sesión usuario INACTIVO [admin]
183658743: Intento de inicio de sesión usuario INACTIVO [admin]
183711142: org.apache.commons.io.FileUtils.openInputStream(FileUtils.java:254)
           org.apache.commons.io.FileUtils.readFileToString(FileUtils.java:1641)
           org.apache.commons.io.FileUtils.readFileToString(FileUtils.java:1659)
           com.itc.fc4.notification.mail.SimpleMail.loadTemplate(SimpleMail.java:180)
           com.itc.fc4.control.security.AuthController.handleRequest(AuthController.java:187)
           org.springframework.web.servlet.mvc.SimpleControllerHandlerAdapter.handle(SimpleControllerHandlerAdapter.java:48)
           org.springframework.web.servlet.DispatcherServlet.doDispatch(DispatcherServlet.java:874)
           org.springframework.web.servlet.DispatcherServlet.doService(DispatcherServlet.java:808)
           org.springframework.web.servlet.FrameworkServlet.processRequest(FrameworkServlet.java:476)
           org.springframework.web.servlet.FrameworkServlet.doPost(FrameworkServlet.java:441)
           javax.servlet.http.HttpServlet.service(HttpServlet.java:643)
           javax.servlet.http.HttpServlet.service(HttpServlet.java:723)
           org.apache.catalina.core.ApplicationFilterChain.internalDoFilter(ApplicationFilterChain.java:290)
           org.apache.catalina.core.ApplicationFilterChain.doFilter(ApplicationFilterChain.java:206)
           com.itc.fc4.control.EncodingFilter.doFilter(EncodingFilter.java:60)
           org.apache.catalina.core.ApplicationFilterChain.internalDoFilter(ApplicationFilterChain.java:235)
           org.apache.catalina.core.ApplicationFilterChain.doFilter(ApplicationFilterChain.java:206)
           org.apache.catalina.core.StandardWrapperValve.invoke(StandardWrapperValve.java:233)
           org.apache.catalina.core.StandardContextValve.invoke(StandardContextValve.java:191)
           org.apache.catalina.core.StandardHostValve.invoke(StandardHostValve.java:127)
           org.apache.catalina.valves.ErrorReportValve.invoke(ErrorReportValve.java:103)
           org.apache.catalina.core.StandardEngineValve.invoke(StandardEngineValve.java:109)
           org.apache.catalina.connector.CoyoteAdapter.service(CoyoteAdapter.java:293)
           org.apache.coyote.http11.Http11AprProcessor.process(Http11AprProcessor.java:879)
           org.apache.coyote.http11.Http11AprProtocol$Http11ConnectionHandler.process(Http11AprProtocol.java:617)
           org.apache.tomcat.util.net.AprEndpoint$Worker.run(AprEndpoint.java:1760)
           java.lang.Thread.run(Thread.java:595)
183720395: org.apache.commons.io.FileUtils.openInputStream(FileUtils.java:254)
           org.apache.commons.io.FileUtils.readFileToString(FileUtils.java:1641)
           org.apache.commons.io.FileUtils.readFileToString(FileUtils.java:1659)
           com.itc.fc4.notification.mail.SimpleMail.loadTemplate(SimpleMail.java:180)
           com.itc.fc4.control.security.AuthController.handleRequest(AuthController.java:187)
           org.springframework.web.servlet.mvc.SimpleControllerHandlerAdapter.handle(SimpleControllerHandlerAdapter.java:48)
           org.springframework.web.servlet.DispatcherServlet.doDispatch(DispatcherServlet.java:874)
           org.springframework.web.servlet.DispatcherServlet.doService(DispatcherServlet.java:808)
           org.springframework.web.servlet.FrameworkServlet.processRequest(FrameworkServlet.java:476)
           org.springframework.web.servlet.FrameworkServlet.doPost(FrameworkServlet.java:441)
           javax.servlet.http.HttpServlet.service(HttpServlet.java:643)
           javax.servlet.http.HttpServlet.service(HttpServlet.java:723)
           org.apache.catalina.core.ApplicationFilterChain.internalDoFilter(ApplicationFilterChain.java:290)
           org.apache.catalina.core.ApplicationFilterChain.doFilter(ApplicationFilterChain.java:206)
           com.itc.fc4.control.EncodingFilter.doFilter(EncodingFilter.java:60)
           org.apache.catalina.core.ApplicationFilterChain.internalDoFilter(ApplicationFilterChain.java:235)
           org.apache.catalina.core.ApplicationFilterChain.doFilter(ApplicationFilterChain.java:206)
           org.apache.catalina.core.StandardWrapperValve.invoke(StandardWrapperValve.java:233)
           org.apache.catalina.core.StandardContextValve.invoke(StandardContextValve.java:191)
           org.apache.catalina.core.StandardHostValve.invoke(StandardHostValve.java:127)
           org.apache.catalina.valves.ErrorReportValve.invoke(ErrorReportValve.java:103)
           org.apache.catalina.core.StandardEngineValve.invoke(StandardEngineValve.java:109)
           org.apache.catalina.connector.CoyoteAdapter.service(CoyoteAdapter.java:293)
           org.apache.coyote.http11.Http11AprProcessor.process(Http11AprProcessor.java:879)
           org.apache.coyote.http11.Http11AprProtocol$Http11ConnectionHandler.process(Http11AprProtocol.java:617)
           org.apache.tomcat.util.net.AprEndpoint$Worker.run(AprEndpoint.java:1760)
           java.lang.Thread.run(Thread.java:595)
183932432: Intento de inicio de sesión usuario INACTIVO [admin]
184124477: Iniciando sesión con usuario [admin] y periodo [2012]
194758604: Iniciando sesión con usuario [admin] y periodo [2012]
195244397: Iniciando sesión con usuario [admin] y periodo [2012]
