002829875: org.postgresql.core.v3.ConnectionFactoryImpl.doAuthentication(ConnectionFactoryImpl.java:293)
           org.postgresql.core.v3.ConnectionFactoryImpl.openConnectionImpl(ConnectionFactoryImpl.java:108)
           org.postgresql.core.ConnectionFactory.openConnection(ConnectionFactory.java:66)
           org.postgresql.jdbc2.AbstractJdbc2Connection.<init>(AbstractJdbc2Connection.java:125)
           org.postgresql.jdbc3.AbstractJdbc3Connection.<init>(AbstractJdbc3Connection.java:30)
           org.postgresql.jdbc3.Jdbc3Connection.<init>(Jdbc3Connection.java:24)
           org.postgresql.Driver.makeConnection(Driver.java:393)
           org.postgresql.Driver.connect(Driver.java:267)
           org.apache.tomcat.jdbc.pool.PooledConnection.connectUsingDriver(PooledConnection.java:267)
           org.apache.tomcat.jdbc.pool.PooledConnection.connect(PooledConnection.java:176)
           org.apache.tomcat.jdbc.pool.ConnectionPool.createConnection(ConnectionPool.java:653)
           org.apache.tomcat.jdbc.pool.ConnectionPool.borrowConnection(ConnectionPool.java:595)
           org.apache.tomcat.jdbc.pool.ConnectionPool.init(ConnectionPool.java:458)
           org.apache.tomcat.jdbc.pool.ConnectionPool.<init>(ConnectionPool.java:130)
           org.apache.tomcat.jdbc.pool.DataSourceProxy.createPool(DataSourceProxy.java:99)
           org.apache.tomcat.jdbc.pool.DataSourceProxy.getConnection(DataSourceProxy.java:110)
           com.itc.fc4.model.PoolConnection.getPoolConnection(PoolConnection.java:108)
           com.itc.fc4.model.admin.PeriodDAO.getCurrentPeriod(PeriodDAO.java:69)
           com.itc.fc4.control.security.AuthController.handleRequest(AuthController.java:154)
           org.springframework.web.servlet.mvc.SimpleControllerHandlerAdapter.handle(SimpleControllerHandlerAdapter.java:48)
           org.springframework.web.servlet.DispatcherServlet.doDispatch(DispatcherServlet.java:874)
           org.springframework.web.servlet.DispatcherServlet.doService(DispatcherServlet.java:808)
           org.springframework.web.servlet.FrameworkServlet.processRequest(FrameworkServlet.java:476)
           org.springframework.web.servlet.FrameworkServlet.doPost(FrameworkServlet.java:441)
           javax.servlet.http.HttpServlet.service(HttpServlet.java:643)
           javax.servlet.http.HttpServlet.service(HttpServlet.java:723)
           org.apache.catalina.core.ApplicationFilterChain.internalDoFilter(ApplicationFilterChain.java:290)
           org.apache.catalina.core.ApplicationFilterChain.doFilter(ApplicationFilterChain.java:206)
           com.itc.fc4.control.EncodingFilter.doFilter(EncodingFilter.java:60)
           org.apache.catalina.core.ApplicationFilterChain.internalDoFilter(ApplicationFilterChain.java:235)
           org.apache.catalina.core.ApplicationFilterChain.doFilter(ApplicationFilterChain.java:206)
           org.apache.catalina.core.StandardWrapperValve.invoke(StandardWrapperValve.java:233)
           org.apache.catalina.core.StandardContextValve.invoke(StandardContextValve.java:191)
           org.apache.catalina.core.StandardHostValve.invoke(StandardHostValve.java:127)
           org.apache.catalina.valves.ErrorReportValve.invoke(ErrorReportValve.java:103)
           org.apache.catalina.core.StandardEngineValve.invoke(StandardEngineValve.java:109)
           org.apache.catalina.connector.CoyoteAdapter.service(CoyoteAdapter.java:293)
           org.apache.coyote.http11.Http11AprProcessor.process(Http11AprProcessor.java:879)
           org.apache.coyote.http11.Http11AprProtocol$Http11ConnectionHandler.process(Http11AprProtocol.java:617)
           org.apache.tomcat.util.net.AprEndpoint$Worker.run(AprEndpoint.java:1760)
           java.lang.Thread.run(Thread.java:595)
002954629: Iniciando sesión con usuario [admin] y periodo [2012]
005551001: Iniciando sesión con usuario [admin] y periodo [2012]
010940311: Iniciando sesión con usuario [admin] y periodo [2012]
011055818: Iniciando sesión con usuario [admin] y periodo [2012]
012946473: Iniciando sesión con usuario [admin] y periodo [2012]
182617910: Iniciando sesión con usuario [admin] y periodo [2012]
183055965: Iniciando sesión con usuario [admin] y periodo [2012]
184135077: org.postgresql.core.v3.ConnectionFactoryImpl.openConnectionImpl(ConnectionFactoryImpl.java:138)
           org.postgresql.core.ConnectionFactory.openConnection(ConnectionFactory.java:66)
           org.postgresql.jdbc2.AbstractJdbc2Connection.<init>(AbstractJdbc2Connection.java:125)
           org.postgresql.jdbc3.AbstractJdbc3Connection.<init>(AbstractJdbc3Connection.java:30)
           org.postgresql.jdbc3.Jdbc3Connection.<init>(Jdbc3Connection.java:24)
           org.postgresql.Driver.makeConnection(Driver.java:393)
           org.postgresql.Driver.connect(Driver.java:267)
           org.apache.tomcat.jdbc.pool.PooledConnection.connectUsingDriver(PooledConnection.java:267)
           org.apache.tomcat.jdbc.pool.PooledConnection.connect(PooledConnection.java:176)
           org.apache.tomcat.jdbc.pool.ConnectionPool.createConnection(ConnectionPool.java:653)
           org.apache.tomcat.jdbc.pool.ConnectionPool.borrowConnection(ConnectionPool.java:595)
           org.apache.tomcat.jdbc.pool.ConnectionPool.init(ConnectionPool.java:458)
           org.apache.tomcat.jdbc.pool.ConnectionPool.<init>(ConnectionPool.java:130)
           org.apache.tomcat.jdbc.pool.DataSourceProxy.createPool(DataSourceProxy.java:99)
           org.apache.tomcat.jdbc.pool.DataSourceProxy.getConnection(DataSourceProxy.java:110)
           com.itc.fc4.model.PoolConnection.getPoolConnection(PoolConnection.java:108)
           com.itc.fc4.model.admin.PeriodDAO.getCurrentPeriod(PeriodDAO.java:69)
           com.itc.fc4.control.security.AuthController.handleRequest(AuthController.java:154)
           org.springframework.web.servlet.mvc.SimpleControllerHandlerAdapter.handle(SimpleControllerHandlerAdapter.java:48)
           org.springframework.web.servlet.DispatcherServlet.doDispatch(DispatcherServlet.java:874)
           org.springframework.web.servlet.DispatcherServlet.doService(DispatcherServlet.java:808)
           org.springframework.web.servlet.FrameworkServlet.processRequest(FrameworkServlet.java:476)
           org.springframework.web.servlet.FrameworkServlet.doPost(FrameworkServlet.java:441)
           javax.servlet.http.HttpServlet.service(HttpServlet.java:643)
           javax.servlet.http.HttpServlet.service(HttpServlet.java:723)
           org.apache.catalina.core.ApplicationFilterChain.internalDoFilter(ApplicationFilterChain.java:290)
           org.apache.catalina.core.ApplicationFilterChain.doFilter(ApplicationFilterChain.java:206)
           com.itc.fc4.control.EncodingFilter.doFilter(EncodingFilter.java:60)
           org.apache.catalina.core.ApplicationFilterChain.internalDoFilter(ApplicationFilterChain.java:235)
           org.apache.catalina.core.ApplicationFilterChain.doFilter(ApplicationFilterChain.java:206)
           org.apache.catalina.core.StandardWrapperValve.invoke(StandardWrapperValve.java:233)
           org.apache.catalina.core.StandardContextValve.invoke(StandardContextValve.java:191)
           org.apache.catalina.core.StandardHostValve.invoke(StandardHostValve.java:127)
           org.apache.catalina.valves.ErrorReportValve.invoke(ErrorReportValve.java:103)
           org.apache.catalina.core.StandardEngineValve.invoke(StandardEngineValve.java:109)
           org.apache.catalina.connector.CoyoteAdapter.service(CoyoteAdapter.java:293)
           org.apache.coyote.http11.Http11AprProcessor.process(Http11AprProcessor.java:879)
           org.apache.coyote.http11.Http11AprProtocol$Http11ConnectionHandler.process(Http11AprProtocol.java:617)
           org.apache.tomcat.util.net.AprEndpoint$Worker.run(AprEndpoint.java:1760)
           java.lang.Thread.run(Thread.java:595)
184216445: Iniciando sesión con usuario [admin] y periodo [2012]
184805730: org.postgresql.core.v3.ConnectionFactoryImpl.openConnectionImpl(ConnectionFactoryImpl.java:138)
           org.postgresql.core.ConnectionFactory.openConnection(ConnectionFactory.java:66)
           org.postgresql.jdbc2.AbstractJdbc2Connection.<init>(AbstractJdbc2Connection.java:125)
           org.postgresql.jdbc3.AbstractJdbc3Connection.<init>(AbstractJdbc3Connection.java:30)
           org.postgresql.jdbc3.Jdbc3Connection.<init>(Jdbc3Connection.java:24)
           org.postgresql.Driver.makeConnection(Driver.java:393)
           org.postgresql.Driver.connect(Driver.java:267)
           org.apache.tomcat.jdbc.pool.PooledConnection.connectUsingDriver(PooledConnection.java:267)
           org.apache.tomcat.jdbc.pool.PooledConnection.connect(PooledConnection.java:176)
           org.apache.tomcat.jdbc.pool.ConnectionPool.createConnection(ConnectionPool.java:653)
           org.apache.tomcat.jdbc.pool.ConnectionPool.borrowConnection(ConnectionPool.java:595)
           org.apache.tomcat.jdbc.pool.ConnectionPool.init(ConnectionPool.java:458)
           org.apache.tomcat.jdbc.pool.ConnectionPool.<init>(ConnectionPool.java:130)
           org.apache.tomcat.jdbc.pool.DataSourceProxy.createPool(DataSourceProxy.java:99)
           org.apache.tomcat.jdbc.pool.DataSourceProxy.getConnection(DataSourceProxy.java:110)
           com.itc.fc4.model.PoolConnection.getPoolConnection(PoolConnection.java:108)
           com.itc.fc4.model.admin.PeriodDAO.getCurrentPeriod(PeriodDAO.java:69)
           com.itc.fc4.control.security.AuthController.handleRequest(AuthController.java:154)
           org.springframework.web.servlet.mvc.SimpleControllerHandlerAdapter.handle(SimpleControllerHandlerAdapter.java:48)
           org.springframework.web.servlet.DispatcherServlet.doDispatch(DispatcherServlet.java:874)
           org.springframework.web.servlet.DispatcherServlet.doService(DispatcherServlet.java:808)
           org.springframework.web.servlet.FrameworkServlet.processRequest(FrameworkServlet.java:476)
           org.springframework.web.servlet.FrameworkServlet.doPost(FrameworkServlet.java:441)
           javax.servlet.http.HttpServlet.service(HttpServlet.java:643)
           javax.servlet.http.HttpServlet.service(HttpServlet.java:723)
           org.apache.catalina.core.ApplicationFilterChain.internalDoFilter(ApplicationFilterChain.java:290)
           org.apache.catalina.core.ApplicationFilterChain.doFilter(ApplicationFilterChain.java:206)
           com.itc.fc4.control.EncodingFilter.doFilter(EncodingFilter.java:60)
           org.apache.catalina.core.ApplicationFilterChain.internalDoFilter(ApplicationFilterChain.java:235)
           org.apache.catalina.core.ApplicationFilterChain.doFilter(ApplicationFilterChain.java:206)
           org.apache.catalina.core.StandardWrapperValve.invoke(StandardWrapperValve.java:233)
           org.apache.catalina.core.StandardContextValve.invoke(StandardContextValve.java:191)
           org.apache.catalina.core.StandardHostValve.invoke(StandardHostValve.java:127)
           org.apache.catalina.valves.ErrorReportValve.invoke(ErrorReportValve.java:103)
           org.apache.catalina.core.StandardEngineValve.invoke(StandardEngineValve.java:109)
           org.apache.catalina.connector.CoyoteAdapter.service(CoyoteAdapter.java:293)
           org.apache.coyote.http11.Http11AprProcessor.process(Http11AprProcessor.java:879)
           org.apache.coyote.http11.Http11AprProtocol$Http11ConnectionHandler.process(Http11AprProtocol.java:617)
           org.apache.tomcat.util.net.AprEndpoint$Worker.run(AprEndpoint.java:1760)
           java.lang.Thread.run(Thread.java:595)
184838397: Iniciando sesión con usuario [admin] y periodo [2012]
194336869: Iniciando sesión con usuario [admin] y periodo [2012]
194610416: Iniciando sesión con usuario [admin] y periodo [2012]
194832108: org.postgresql.core.v3.ConnectionFactoryImpl.openConnectionImpl(ConnectionFactoryImpl.java:138)
           org.postgresql.core.ConnectionFactory.openConnection(ConnectionFactory.java:66)
           org.postgresql.jdbc2.AbstractJdbc2Connection.<init>(AbstractJdbc2Connection.java:125)
           org.postgresql.jdbc3.AbstractJdbc3Connection.<init>(AbstractJdbc3Connection.java:30)
           org.postgresql.jdbc3.Jdbc3Connection.<init>(Jdbc3Connection.java:24)
           org.postgresql.Driver.makeConnection(Driver.java:393)
           org.postgresql.Driver.connect(Driver.java:267)
           org.apache.tomcat.jdbc.pool.PooledConnection.connectUsingDriver(PooledConnection.java:267)
           org.apache.tomcat.jdbc.pool.PooledConnection.connect(PooledConnection.java:176)
           org.apache.tomcat.jdbc.pool.ConnectionPool.createConnection(ConnectionPool.java:653)
           org.apache.tomcat.jdbc.pool.ConnectionPool.borrowConnection(ConnectionPool.java:595)
           org.apache.tomcat.jdbc.pool.ConnectionPool.init(ConnectionPool.java:458)
           org.apache.tomcat.jdbc.pool.ConnectionPool.<init>(ConnectionPool.java:130)
           org.apache.tomcat.jdbc.pool.DataSourceProxy.createPool(DataSourceProxy.java:99)
           org.apache.tomcat.jdbc.pool.DataSourceProxy.getConnection(DataSourceProxy.java:110)
           com.itc.fc4.model.PoolConnection.getPoolConnection(PoolConnection.java:108)
           com.itc.fc4.model.admin.PeriodDAO.getCurrentPeriod(PeriodDAO.java:69)
           com.itc.fc4.control.security.AuthController.handleRequest(AuthController.java:154)
           org.springframework.web.servlet.mvc.SimpleControllerHandlerAdapter.handle(SimpleControllerHandlerAdapter.java:48)
           org.springframework.web.servlet.DispatcherServlet.doDispatch(DispatcherServlet.java:874)
           org.springframework.web.servlet.DispatcherServlet.doService(DispatcherServlet.java:808)
           org.springframework.web.servlet.FrameworkServlet.processRequest(FrameworkServlet.java:476)
           org.springframework.web.servlet.FrameworkServlet.doPost(FrameworkServlet.java:441)
           javax.servlet.http.HttpServlet.service(HttpServlet.java:643)
           javax.servlet.http.HttpServlet.service(HttpServlet.java:723)
           org.apache.catalina.core.ApplicationFilterChain.internalDoFilter(ApplicationFilterChain.java:290)
           org.apache.catalina.core.ApplicationFilterChain.doFilter(ApplicationFilterChain.java:206)
           com.itc.fc4.control.EncodingFilter.doFilter(EncodingFilter.java:60)
           org.apache.catalina.core.ApplicationFilterChain.internalDoFilter(ApplicationFilterChain.java:235)
           org.apache.catalina.core.ApplicationFilterChain.doFilter(ApplicationFilterChain.java:206)
           org.apache.catalina.core.StandardWrapperValve.invoke(StandardWrapperValve.java:233)
           org.apache.catalina.core.StandardContextValve.invoke(StandardContextValve.java:191)
           org.apache.catalina.core.StandardHostValve.invoke(StandardHostValve.java:127)
           org.apache.catalina.valves.ErrorReportValve.invoke(ErrorReportValve.java:103)
           org.apache.catalina.core.StandardEngineValve.invoke(StandardEngineValve.java:109)
           org.apache.catalina.connector.CoyoteAdapter.service(CoyoteAdapter.java:293)
           org.apache.coyote.http11.Http11AprProcessor.process(Http11AprProcessor.java:879)
           org.apache.coyote.http11.Http11AprProtocol$Http11ConnectionHandler.process(Http11AprProtocol.java:617)
           org.apache.tomcat.util.net.AprEndpoint$Worker.run(AprEndpoint.java:1760)
           java.lang.Thread.run(Thread.java:595)
194902376: org.postgresql.core.v3.ConnectionFactoryImpl.openConnectionImpl(ConnectionFactoryImpl.java:138)
           org.postgresql.core.ConnectionFactory.openConnection(ConnectionFactory.java:66)
           org.postgresql.jdbc2.AbstractJdbc2Connection.<init>(AbstractJdbc2Connection.java:125)
           org.postgresql.jdbc3.AbstractJdbc3Connection.<init>(AbstractJdbc3Connection.java:30)
           org.postgresql.jdbc3.Jdbc3Connection.<init>(Jdbc3Connection.java:24)
           org.postgresql.Driver.makeConnection(Driver.java:393)
           org.postgresql.Driver.connect(Driver.java:267)
           org.apache.tomcat.jdbc.pool.PooledConnection.connectUsingDriver(PooledConnection.java:267)
           org.apache.tomcat.jdbc.pool.PooledConnection.connect(PooledConnection.java:176)
           org.apache.tomcat.jdbc.pool.ConnectionPool.createConnection(ConnectionPool.java:653)
           org.apache.tomcat.jdbc.pool.ConnectionPool.borrowConnection(ConnectionPool.java:595)
           org.apache.tomcat.jdbc.pool.ConnectionPool.init(ConnectionPool.java:458)
           org.apache.tomcat.jdbc.pool.ConnectionPool.<init>(ConnectionPool.java:130)
           org.apache.tomcat.jdbc.pool.DataSourceProxy.createPool(DataSourceProxy.java:99)
           org.apache.tomcat.jdbc.pool.DataSourceProxy.getConnection(DataSourceProxy.java:110)
           com.itc.fc4.model.PoolConnection.getPoolConnection(PoolConnection.java:108)
           com.itc.fc4.model.admin.PeriodDAO.getCurrentPeriod(PeriodDAO.java:69)
           com.itc.fc4.control.security.AuthController.handleRequest(AuthController.java:154)
           org.springframework.web.servlet.mvc.SimpleControllerHandlerAdapter.handle(SimpleControllerHandlerAdapter.java:48)
           org.springframework.web.servlet.DispatcherServlet.doDispatch(DispatcherServlet.java:874)
           org.springframework.web.servlet.DispatcherServlet.doService(DispatcherServlet.java:808)
           org.springframework.web.servlet.FrameworkServlet.processRequest(FrameworkServlet.java:476)
           org.springframework.web.servlet.FrameworkServlet.doPost(FrameworkServlet.java:441)
           javax.servlet.http.HttpServlet.service(HttpServlet.java:643)
           javax.servlet.http.HttpServlet.service(HttpServlet.java:723)
           org.apache.catalina.core.ApplicationFilterChain.internalDoFilter(ApplicationFilterChain.java:290)
           org.apache.catalina.core.ApplicationFilterChain.doFilter(ApplicationFilterChain.java:206)
           com.itc.fc4.control.EncodingFilter.doFilter(EncodingFilter.java:60)
           org.apache.catalina.core.ApplicationFilterChain.internalDoFilter(ApplicationFilterChain.java:235)
           org.apache.catalina.core.ApplicationFilterChain.doFilter(ApplicationFilterChain.java:206)
           org.apache.catalina.core.StandardWrapperValve.invoke(StandardWrapperValve.java:233)
           org.apache.catalina.core.StandardContextValve.invoke(StandardContextValve.java:191)
           org.apache.catalina.core.StandardHostValve.invoke(StandardHostValve.java:127)
           org.apache.catalina.valves.ErrorReportValve.invoke(ErrorReportValve.java:103)
           org.apache.catalina.core.StandardEngineValve.invoke(StandardEngineValve.java:109)
           org.apache.catalina.connector.CoyoteAdapter.service(CoyoteAdapter.java:293)
           org.apache.coyote.http11.Http11AprProcessor.process(Http11AprProcessor.java:879)
           org.apache.coyote.http11.Http11AprProtocol$Http11ConnectionHandler.process(Http11AprProtocol.java:617)
           org.apache.tomcat.util.net.AprEndpoint$Worker.run(AprEndpoint.java:1760)
           java.lang.Thread.run(Thread.java:595)
194921363: Iniciando sesión con usuario [admin] y periodo [2012]
195051102: Iniciando sesión con usuario [admin] y periodo [2012]
195238279: Iniciando sesión con usuario [admin] y periodo [2012]
195307355: com.itc.fc4.tasks.document.reports.generic.ReporteGenericoDocumentosController.handleRequest(ReporteGenericoDocumentosController.java:109)
           org.springframework.web.servlet.mvc.SimpleControllerHandlerAdapter.handle(SimpleControllerHandlerAdapter.java:48)
           org.springframework.web.servlet.DispatcherServlet.doDispatch(DispatcherServlet.java:874)
           org.springframework.web.servlet.DispatcherServlet.doService(DispatcherServlet.java:808)
           org.springframework.web.servlet.FrameworkServlet.processRequest(FrameworkServlet.java:476)
           org.springframework.web.servlet.FrameworkServlet.doPost(FrameworkServlet.java:441)
           javax.servlet.http.HttpServlet.service(HttpServlet.java:643)
           javax.servlet.http.HttpServlet.service(HttpServlet.java:723)
           org.apache.catalina.core.ApplicationFilterChain.internalDoFilter(ApplicationFilterChain.java:290)
           org.apache.catalina.core.ApplicationFilterChain.doFilter(ApplicationFilterChain.java:206)
           com.itc.fc4.control.EncodingFilter.doFilter(EncodingFilter.java:60)
           org.apache.catalina.core.ApplicationFilterChain.internalDoFilter(ApplicationFilterChain.java:235)
           org.apache.catalina.core.ApplicationFilterChain.doFilter(ApplicationFilterChain.java:206)
           org.apache.catalina.core.StandardWrapperValve.invoke(StandardWrapperValve.java:233)
           org.apache.catalina.core.StandardContextValve.invoke(StandardContextValve.java:191)
           org.apache.catalina.core.StandardHostValve.invoke(StandardHostValve.java:127)
           org.apache.catalina.valves.ErrorReportValve.invoke(ErrorReportValve.java:103)
           org.apache.catalina.core.StandardEngineValve.invoke(StandardEngineValve.java:109)
           org.apache.catalina.connector.CoyoteAdapter.service(CoyoteAdapter.java:293)
           org.apache.coyote.http11.Http11AprProcessor.process(Http11AprProcessor.java:879)
           org.apache.coyote.http11.Http11AprProtocol$Http11ConnectionHandler.process(Http11AprProtocol.java:617)
           org.apache.tomcat.util.net.AprEndpoint$Worker.run(AprEndpoint.java:1760)
           java.lang.Thread.run(Thread.java:595)
195726284: Iniciando sesión con usuario [admin] y periodo [2012]
195758128: com.itc.fc4.tasks.document.reports.generic.ReporteGenericoDocumentosController.handleRequest(ReporteGenericoDocumentosController.java:109)
           org.springframework.web.servlet.mvc.SimpleControllerHandlerAdapter.handle(SimpleControllerHandlerAdapter.java:48)
           org.springframework.web.servlet.DispatcherServlet.doDispatch(DispatcherServlet.java:874)
           org.springframework.web.servlet.DispatcherServlet.doService(DispatcherServlet.java:808)
           org.springframework.web.servlet.FrameworkServlet.processRequest(FrameworkServlet.java:476)
           org.springframework.web.servlet.FrameworkServlet.doPost(FrameworkServlet.java:441)
           javax.servlet.http.HttpServlet.service(HttpServlet.java:643)
           javax.servlet.http.HttpServlet.service(HttpServlet.java:723)
           org.apache.catalina.core.ApplicationFilterChain.internalDoFilter(ApplicationFilterChain.java:290)
           org.apache.catalina.core.ApplicationFilterChain.doFilter(ApplicationFilterChain.java:206)
           com.itc.fc4.control.EncodingFilter.doFilter(EncodingFilter.java:60)
           org.apache.catalina.core.ApplicationFilterChain.internalDoFilter(ApplicationFilterChain.java:235)
           org.apache.catalina.core.ApplicationFilterChain.doFilter(ApplicationFilterChain.java:206)
           org.apache.catalina.core.StandardWrapperValve.invoke(StandardWrapperValve.java:233)
           org.apache.catalina.core.StandardContextValve.invoke(StandardContextValve.java:191)
           org.apache.catalina.core.StandardHostValve.invoke(StandardHostValve.java:127)
           org.apache.catalina.valves.ErrorReportValve.invoke(ErrorReportValve.java:103)
           org.apache.catalina.core.StandardEngineValve.invoke(StandardEngineValve.java:109)
           org.apache.catalina.connector.CoyoteAdapter.service(CoyoteAdapter.java:293)
           org.apache.coyote.http11.Http11AprProcessor.process(Http11AprProcessor.java:879)
           org.apache.coyote.http11.Http11AprProtocol$Http11ConnectionHandler.process(Http11AprProtocol.java:617)
           org.apache.tomcat.util.net.AprEndpoint$Worker.run(AprEndpoint.java:1760)
           java.lang.Thread.run(Thread.java:595)
200558760: org.postgresql.core.v3.ConnectionFactoryImpl.openConnectionImpl(ConnectionFactoryImpl.java:138)
           org.postgresql.core.ConnectionFactory.openConnection(ConnectionFactory.java:66)
           org.postgresql.jdbc2.AbstractJdbc2Connection.<init>(AbstractJdbc2Connection.java:125)
           org.postgresql.jdbc3.AbstractJdbc3Connection.<init>(AbstractJdbc3Connection.java:30)
           org.postgresql.jdbc3.Jdbc3Connection.<init>(Jdbc3Connection.java:24)
           org.postgresql.Driver.makeConnection(Driver.java:393)
           org.postgresql.Driver.connect(Driver.java:267)
           org.apache.tomcat.jdbc.pool.PooledConnection.connectUsingDriver(PooledConnection.java:267)
           org.apache.tomcat.jdbc.pool.PooledConnection.connect(PooledConnection.java:176)
           org.apache.tomcat.jdbc.pool.ConnectionPool.createConnection(ConnectionPool.java:653)
           org.apache.tomcat.jdbc.pool.ConnectionPool.borrowConnection(ConnectionPool.java:595)
           org.apache.tomcat.jdbc.pool.ConnectionPool.init(ConnectionPool.java:458)
           org.apache.tomcat.jdbc.pool.ConnectionPool.<init>(ConnectionPool.java:130)
           org.apache.tomcat.jdbc.pool.DataSourceProxy.createPool(DataSourceProxy.java:99)
           org.apache.tomcat.jdbc.pool.DataSourceProxy.getConnection(DataSourceProxy.java:110)
           com.itc.fc4.model.PoolConnection.getPoolConnection(PoolConnection.java:108)
           com.itc.fc4.model.admin.PeriodDAO.getCurrentPeriod(PeriodDAO.java:69)
           com.itc.fc4.control.security.AuthController.handleRequest(AuthController.java:154)
           org.springframework.web.servlet.mvc.SimpleControllerHandlerAdapter.handle(SimpleControllerHandlerAdapter.java:48)
           org.springframework.web.servlet.DispatcherServlet.doDispatch(DispatcherServlet.java:874)
           org.springframework.web.servlet.DispatcherServlet.doService(DispatcherServlet.java:808)
           org.springframework.web.servlet.FrameworkServlet.processRequest(FrameworkServlet.java:476)
           org.springframework.web.servlet.FrameworkServlet.doPost(FrameworkServlet.java:441)
           javax.servlet.http.HttpServlet.service(HttpServlet.java:643)
           javax.servlet.http.HttpServlet.service(HttpServlet.java:723)
           org.apache.catalina.core.ApplicationFilterChain.internalDoFilter(ApplicationFilterChain.java:290)
           org.apache.catalina.core.ApplicationFilterChain.doFilter(ApplicationFilterChain.java:206)
           com.itc.fc4.control.EncodingFilter.doFilter(EncodingFilter.java:60)
           org.apache.catalina.core.ApplicationFilterChain.internalDoFilter(ApplicationFilterChain.java:235)
           org.apache.catalina.core.ApplicationFilterChain.doFilter(ApplicationFilterChain.java:206)
           org.apache.catalina.core.StandardWrapperValve.invoke(StandardWrapperValve.java:233)
           org.apache.catalina.core.StandardContextValve.invoke(StandardContextValve.java:191)
           org.apache.catalina.core.StandardHostValve.invoke(StandardHostValve.java:127)
           org.apache.catalina.valves.ErrorReportValve.invoke(ErrorReportValve.java:103)
           org.apache.catalina.core.StandardEngineValve.invoke(StandardEngineValve.java:109)
           org.apache.catalina.connector.CoyoteAdapter.service(CoyoteAdapter.java:293)
           org.apache.coyote.http11.Http11AprProcessor.process(Http11AprProcessor.java:879)
           org.apache.coyote.http11.Http11AprProtocol$Http11ConnectionHandler.process(Http11AprProtocol.java:617)
           org.apache.tomcat.util.net.AprEndpoint$Worker.run(AprEndpoint.java:1760)
           java.lang.Thread.run(Thread.java:595)
200802576: Iniciando sesión con usuario [admin] y periodo [2012]
200903402: com.itc.fc4.tasks.document.reports.generic.ReporteGenericoDocumentosController.handleRequest(ReporteGenericoDocumentosController.java:111)
           org.springframework.web.servlet.mvc.SimpleControllerHandlerAdapter.handle(SimpleControllerHandlerAdapter.java:48)
           org.springframework.web.servlet.DispatcherServlet.doDispatch(DispatcherServlet.java:874)
           org.springframework.web.servlet.DispatcherServlet.doService(DispatcherServlet.java:808)
           org.springframework.web.servlet.FrameworkServlet.processRequest(FrameworkServlet.java:476)
           org.springframework.web.servlet.FrameworkServlet.doPost(FrameworkServlet.java:441)
           javax.servlet.http.HttpServlet.service(HttpServlet.java:643)
           javax.servlet.http.HttpServlet.service(HttpServlet.java:723)
           org.apache.catalina.core.ApplicationFilterChain.internalDoFilter(ApplicationFilterChain.java:290)
           org.apache.catalina.core.ApplicationFilterChain.doFilter(ApplicationFilterChain.java:206)
           com.itc.fc4.control.EncodingFilter.doFilter(EncodingFilter.java:60)
           org.apache.catalina.core.ApplicationFilterChain.internalDoFilter(ApplicationFilterChain.java:235)
           org.apache.catalina.core.ApplicationFilterChain.doFilter(ApplicationFilterChain.java:206)
           org.apache.catalina.core.StandardWrapperValve.invoke(StandardWrapperValve.java:233)
           org.apache.catalina.core.StandardContextValve.invoke(StandardContextValve.java:191)
           org.apache.catalina.core.StandardHostValve.invoke(StandardHostValve.java:127)
           org.apache.catalina.valves.ErrorReportValve.invoke(ErrorReportValve.java:103)
           org.apache.catalina.core.StandardEngineValve.invoke(StandardEngineValve.java:109)
           org.apache.catalina.connector.CoyoteAdapter.service(CoyoteAdapter.java:293)
           org.apache.coyote.http11.Http11AprProcessor.process(Http11AprProcessor.java:879)
           org.apache.coyote.http11.Http11AprProtocol$Http11ConnectionHandler.process(Http11AprProtocol.java:617)
           org.apache.tomcat.util.net.AprEndpoint$Worker.run(AprEndpoint.java:1760)
           java.lang.Thread.run(Thread.java:595)
210321328: org.postgresql.core.v3.ConnectionFactoryImpl.openConnectionImpl(ConnectionFactoryImpl.java:138)
           org.postgresql.core.ConnectionFactory.openConnection(ConnectionFactory.java:66)
           org.postgresql.jdbc2.AbstractJdbc2Connection.<init>(AbstractJdbc2Connection.java:125)
           org.postgresql.jdbc3.AbstractJdbc3Connection.<init>(AbstractJdbc3Connection.java:30)
           org.postgresql.jdbc3.Jdbc3Connection.<init>(Jdbc3Connection.java:24)
           org.postgresql.Driver.makeConnection(Driver.java:393)
           org.postgresql.Driver.connect(Driver.java:267)
           org.apache.tomcat.jdbc.pool.PooledConnection.connectUsingDriver(PooledConnection.java:267)
           org.apache.tomcat.jdbc.pool.PooledConnection.connect(PooledConnection.java:176)
           org.apache.tomcat.jdbc.pool.ConnectionPool.createConnection(ConnectionPool.java:653)
           org.apache.tomcat.jdbc.pool.ConnectionPool.borrowConnection(ConnectionPool.java:595)
           org.apache.tomcat.jdbc.pool.ConnectionPool.init(ConnectionPool.java:458)
           org.apache.tomcat.jdbc.pool.ConnectionPool.<init>(ConnectionPool.java:130)
           org.apache.tomcat.jdbc.pool.DataSourceProxy.createPool(DataSourceProxy.java:99)
           org.apache.tomcat.jdbc.pool.DataSourceProxy.getConnection(DataSourceProxy.java:110)
           com.itc.fc4.model.PoolConnection.getPoolConnection(PoolConnection.java:108)
           com.itc.fc4.model.admin.PeriodDAO.getCurrentPeriod(PeriodDAO.java:69)
           com.itc.fc4.control.security.AuthController.handleRequest(AuthController.java:154)
           org.springframework.web.servlet.mvc.SimpleControllerHandlerAdapter.handle(SimpleControllerHandlerAdapter.java:48)
           org.springframework.web.servlet.DispatcherServlet.doDispatch(DispatcherServlet.java:874)
           org.springframework.web.servlet.DispatcherServlet.doService(DispatcherServlet.java:808)
           org.springframework.web.servlet.FrameworkServlet.processRequest(FrameworkServlet.java:476)
           org.springframework.web.servlet.FrameworkServlet.doPost(FrameworkServlet.java:441)
           javax.servlet.http.HttpServlet.service(HttpServlet.java:643)
           javax.servlet.http.HttpServlet.service(HttpServlet.java:723)
           org.apache.catalina.core.ApplicationFilterChain.internalDoFilter(ApplicationFilterChain.java:290)
           org.apache.catalina.core.ApplicationFilterChain.doFilter(ApplicationFilterChain.java:206)
           com.itc.fc4.control.EncodingFilter.doFilter(EncodingFilter.java:60)
           org.apache.catalina.core.ApplicationFilterChain.internalDoFilter(ApplicationFilterChain.java:235)
           org.apache.catalina.core.ApplicationFilterChain.doFilter(ApplicationFilterChain.java:206)
           org.apache.catalina.core.StandardWrapperValve.invoke(StandardWrapperValve.java:233)
           org.apache.catalina.core.StandardContextValve.invoke(StandardContextValve.java:191)
           org.apache.catalina.core.StandardHostValve.invoke(StandardHostValve.java:127)
           org.apache.catalina.valves.ErrorReportValve.invoke(ErrorReportValve.java:103)
           org.apache.catalina.core.StandardEngineValve.invoke(StandardEngineValve.java:109)
           org.apache.catalina.connector.CoyoteAdapter.service(CoyoteAdapter.java:293)
           org.apache.coyote.http11.Http11AprProcessor.process(Http11AprProcessor.java:879)
           org.apache.coyote.http11.Http11AprProtocol$Http11ConnectionHandler.process(Http11AprProtocol.java:617)
           org.apache.tomcat.util.net.AprEndpoint$Worker.run(AprEndpoint.java:1760)
           java.lang.Thread.run(Thread.java:595)
210720448: org.postgresql.core.v3.ConnectionFactoryImpl.openConnectionImpl(ConnectionFactoryImpl.java:138)
           org.postgresql.core.ConnectionFactory.openConnection(ConnectionFactory.java:66)
           org.postgresql.jdbc2.AbstractJdbc2Connection.<init>(AbstractJdbc2Connection.java:125)
           org.postgresql.jdbc3.AbstractJdbc3Connection.<init>(AbstractJdbc3Connection.java:30)
           org.postgresql.jdbc3.Jdbc3Connection.<init>(Jdbc3Connection.java:24)
           org.postgresql.Driver.makeConnection(Driver.java:393)
           org.postgresql.Driver.connect(Driver.java:267)
           org.apache.tomcat.jdbc.pool.PooledConnection.connectUsingDriver(PooledConnection.java:267)
           org.apache.tomcat.jdbc.pool.PooledConnection.connect(PooledConnection.java:176)
           org.apache.tomcat.jdbc.pool.ConnectionPool.createConnection(ConnectionPool.java:653)
           org.apache.tomcat.jdbc.pool.ConnectionPool.borrowConnection(ConnectionPool.java:595)
           org.apache.tomcat.jdbc.pool.ConnectionPool.init(ConnectionPool.java:458)
           org.apache.tomcat.jdbc.pool.ConnectionPool.<init>(ConnectionPool.java:130)
           org.apache.tomcat.jdbc.pool.DataSourceProxy.createPool(DataSourceProxy.java:99)
           org.apache.tomcat.jdbc.pool.DataSourceProxy.getConnection(DataSourceProxy.java:110)
           com.itc.fc4.model.PoolConnection.getPoolConnection(PoolConnection.java:108)
           com.itc.fc4.model.admin.PeriodDAO.getCurrentPeriod(PeriodDAO.java:69)
           com.itc.fc4.control.security.AuthController.handleRequest(AuthController.java:154)
           org.springframework.web.servlet.mvc.SimpleControllerHandlerAdapter.handle(SimpleControllerHandlerAdapter.java:48)
           org.springframework.web.servlet.DispatcherServlet.doDispatch(DispatcherServlet.java:874)
           org.springframework.web.servlet.DispatcherServlet.doService(DispatcherServlet.java:808)
           org.springframework.web.servlet.FrameworkServlet.processRequest(FrameworkServlet.java:476)
           org.springframework.web.servlet.FrameworkServlet.doPost(FrameworkServlet.java:441)
           javax.servlet.http.HttpServlet.service(HttpServlet.java:643)
           javax.servlet.http.HttpServlet.service(HttpServlet.java:723)
           org.apache.catalina.core.ApplicationFilterChain.internalDoFilter(ApplicationFilterChain.java:290)
           org.apache.catalina.core.ApplicationFilterChain.doFilter(ApplicationFilterChain.java:206)
           com.itc.fc4.control.EncodingFilter.doFilter(EncodingFilter.java:60)
           org.apache.catalina.core.ApplicationFilterChain.internalDoFilter(ApplicationFilterChain.java:235)
           org.apache.catalina.core.ApplicationFilterChain.doFilter(ApplicationFilterChain.java:206)
           org.apache.catalina.core.StandardWrapperValve.invoke(StandardWrapperValve.java:233)
           org.apache.catalina.core.StandardContextValve.invoke(StandardContextValve.java:191)
           org.apache.catalina.core.StandardHostValve.invoke(StandardHostValve.java:127)
           org.apache.catalina.valves.ErrorReportValve.invoke(ErrorReportValve.java:103)
           org.apache.catalina.core.StandardEngineValve.invoke(StandardEngineValve.java:109)
           org.apache.catalina.connector.CoyoteAdapter.service(CoyoteAdapter.java:293)
           org.apache.coyote.http11.Http11AprProcessor.process(Http11AprProcessor.java:879)
           org.apache.coyote.http11.Http11AprProtocol$Http11ConnectionHandler.process(Http11AprProtocol.java:617)
           org.apache.tomcat.util.net.AprEndpoint$Worker.run(AprEndpoint.java:1760)
           java.lang.Thread.run(Thread.java:595)
210800295: Iniciando sesión con usuario [admin] y periodo [2012]
211135973: Iniciando sesión con usuario [admin] y periodo [2012]
211223140: com.itc.fc4.tasks.document.reports.generic.ReporteGenericoDocumentosController.handleRequest(ReporteGenericoDocumentosController.java:115)
           org.springframework.web.servlet.mvc.SimpleControllerHandlerAdapter.handle(SimpleControllerHandlerAdapter.java:48)
           org.springframework.web.servlet.DispatcherServlet.doDispatch(DispatcherServlet.java:874)
           org.springframework.web.servlet.DispatcherServlet.doService(DispatcherServlet.java:808)
           org.springframework.web.servlet.FrameworkServlet.processRequest(FrameworkServlet.java:476)
           org.springframework.web.servlet.FrameworkServlet.doPost(FrameworkServlet.java:441)
           javax.servlet.http.HttpServlet.service(HttpServlet.java:643)
           javax.servlet.http.HttpServlet.service(HttpServlet.java:723)
           org.apache.catalina.core.ApplicationFilterChain.internalDoFilter(ApplicationFilterChain.java:290)
           org.apache.catalina.core.ApplicationFilterChain.doFilter(ApplicationFilterChain.java:206)
           com.itc.fc4.control.EncodingFilter.doFilter(EncodingFilter.java:60)
           org.apache.catalina.core.ApplicationFilterChain.internalDoFilter(ApplicationFilterChain.java:235)
           org.apache.catalina.core.ApplicationFilterChain.doFilter(ApplicationFilterChain.java:206)
           org.apache.catalina.core.StandardWrapperValve.invoke(StandardWrapperValve.java:233)
           org.apache.catalina.core.StandardContextValve.invoke(StandardContextValve.java:191)
           org.apache.catalina.core.StandardHostValve.invoke(StandardHostValve.java:127)
           org.apache.catalina.valves.ErrorReportValve.invoke(ErrorReportValve.java:103)
           org.apache.catalina.core.StandardEngineValve.invoke(StandardEngineValve.java:109)
           org.apache.catalina.connector.CoyoteAdapter.service(CoyoteAdapter.java:293)
           org.apache.coyote.http11.Http11AprProcessor.process(Http11AprProcessor.java:879)
           org.apache.coyote.http11.Http11AprProtocol$Http11ConnectionHandler.process(Http11AprProtocol.java:617)
           org.apache.tomcat.util.net.AprEndpoint$Worker.run(AprEndpoint.java:1760)
           java.lang.Thread.run(Thread.java:595)
211600186: org.postgresql.core.v3.ConnectionFactoryImpl.openConnectionImpl(ConnectionFactoryImpl.java:138)
           org.postgresql.core.ConnectionFactory.openConnection(ConnectionFactory.java:66)
           org.postgresql.jdbc2.AbstractJdbc2Connection.<init>(AbstractJdbc2Connection.java:125)
           org.postgresql.jdbc3.AbstractJdbc3Connection.<init>(AbstractJdbc3Connection.java:30)
           org.postgresql.jdbc3.Jdbc3Connection.<init>(Jdbc3Connection.java:24)
           org.postgresql.Driver.makeConnection(Driver.java:393)
           org.postgresql.Driver.connect(Driver.java:267)
           org.apache.tomcat.jdbc.pool.PooledConnection.connectUsingDriver(PooledConnection.java:267)
           org.apache.tomcat.jdbc.pool.PooledConnection.connect(PooledConnection.java:176)
           org.apache.tomcat.jdbc.pool.ConnectionPool.createConnection(ConnectionPool.java:653)
           org.apache.tomcat.jdbc.pool.ConnectionPool.borrowConnection(ConnectionPool.java:595)
           org.apache.tomcat.jdbc.pool.ConnectionPool.init(ConnectionPool.java:458)
           org.apache.tomcat.jdbc.pool.ConnectionPool.<init>(ConnectionPool.java:130)
           org.apache.tomcat.jdbc.pool.DataSourceProxy.createPool(DataSourceProxy.java:99)
           org.apache.tomcat.jdbc.pool.DataSourceProxy.getConnection(DataSourceProxy.java:110)
           com.itc.fc4.model.PoolConnection.getPoolConnection(PoolConnection.java:108)
           com.itc.fc4.model.admin.PeriodDAO.getCurrentPeriod(PeriodDAO.java:69)
           com.itc.fc4.control.security.AuthController.handleRequest(AuthController.java:154)
           org.springframework.web.servlet.mvc.SimpleControllerHandlerAdapter.handle(SimpleControllerHandlerAdapter.java:48)
           org.springframework.web.servlet.DispatcherServlet.doDispatch(DispatcherServlet.java:874)
           org.springframework.web.servlet.DispatcherServlet.doService(DispatcherServlet.java:808)
           org.springframework.web.servlet.FrameworkServlet.processRequest(FrameworkServlet.java:476)
           org.springframework.web.servlet.FrameworkServlet.doPost(FrameworkServlet.java:441)
           javax.servlet.http.HttpServlet.service(HttpServlet.java:643)
           javax.servlet.http.HttpServlet.service(HttpServlet.java:723)
           org.apache.catalina.core.ApplicationFilterChain.internalDoFilter(ApplicationFilterChain.java:290)
           org.apache.catalina.core.ApplicationFilterChain.doFilter(ApplicationFilterChain.java:206)
           com.itc.fc4.control.EncodingFilter.doFilter(EncodingFilter.java:60)
           org.apache.catalina.core.ApplicationFilterChain.internalDoFilter(ApplicationFilterChain.java:235)
           org.apache.catalina.core.ApplicationFilterChain.doFilter(ApplicationFilterChain.java:206)
           org.apache.catalina.core.StandardWrapperValve.invoke(StandardWrapperValve.java:233)
           org.apache.catalina.core.StandardContextValve.invoke(StandardContextValve.java:191)
           org.apache.catalina.core.StandardHostValve.invoke(StandardHostValve.java:127)
           org.apache.catalina.valves.ErrorReportValve.invoke(ErrorReportValve.java:103)
           org.apache.catalina.core.StandardEngineValve.invoke(StandardEngineValve.java:109)
           org.apache.catalina.connector.CoyoteAdapter.service(CoyoteAdapter.java:293)
           org.apache.coyote.http11.Http11AprProcessor.process(Http11AprProcessor.java:879)
           org.apache.coyote.http11.Http11AprProtocol$Http11ConnectionHandler.process(Http11AprProtocol.java:617)
           org.apache.tomcat.util.net.AprEndpoint$Worker.run(AprEndpoint.java:1760)
           java.lang.Thread.run(Thread.java:595)
211637702: Iniciando sesión con usuario [admin] y periodo [2012]
211807886: org.postgresql.core.v3.ConnectionFactoryImpl.openConnectionImpl(ConnectionFactoryImpl.java:138)
           org.postgresql.core.ConnectionFactory.openConnection(ConnectionFactory.java:66)
           org.postgresql.jdbc2.AbstractJdbc2Connection.<init>(AbstractJdbc2Connection.java:125)
           org.postgresql.jdbc3.AbstractJdbc3Connection.<init>(AbstractJdbc3Connection.java:30)
           org.postgresql.jdbc3.Jdbc3Connection.<init>(Jdbc3Connection.java:24)
           org.postgresql.Driver.makeConnection(Driver.java:393)
           org.postgresql.Driver.connect(Driver.java:267)
           org.apache.tomcat.jdbc.pool.PooledConnection.connectUsingDriver(PooledConnection.java:267)
           org.apache.tomcat.jdbc.pool.PooledConnection.connect(PooledConnection.java:176)
           org.apache.tomcat.jdbc.pool.ConnectionPool.createConnection(ConnectionPool.java:653)
           org.apache.tomcat.jdbc.pool.ConnectionPool.borrowConnection(ConnectionPool.java:595)
           org.apache.tomcat.jdbc.pool.ConnectionPool.init(ConnectionPool.java:458)
           org.apache.tomcat.jdbc.pool.ConnectionPool.<init>(ConnectionPool.java:130)
           org.apache.tomcat.jdbc.pool.DataSourceProxy.createPool(DataSourceProxy.java:99)
           org.apache.tomcat.jdbc.pool.DataSourceProxy.getConnection(DataSourceProxy.java:110)
           com.itc.fc4.model.PoolConnection.getPoolConnection(PoolConnection.java:108)
           com.itc.fc4.model.admin.PeriodDAO.getCurrentPeriod(PeriodDAO.java:69)
           com.itc.fc4.control.security.AuthController.handleRequest(AuthController.java:154)
           org.springframework.web.servlet.mvc.SimpleControllerHandlerAdapter.handle(SimpleControllerHandlerAdapter.java:48)
           org.springframework.web.servlet.DispatcherServlet.doDispatch(DispatcherServlet.java:874)
           org.springframework.web.servlet.DispatcherServlet.doService(DispatcherServlet.java:808)
           org.springframework.web.servlet.FrameworkServlet.processRequest(FrameworkServlet.java:476)
           org.springframework.web.servlet.FrameworkServlet.doPost(FrameworkServlet.java:441)
           javax.servlet.http.HttpServlet.service(HttpServlet.java:643)
           javax.servlet.http.HttpServlet.service(HttpServlet.java:723)
           org.apache.catalina.core.ApplicationFilterChain.internalDoFilter(ApplicationFilterChain.java:290)
           org.apache.catalina.core.ApplicationFilterChain.doFilter(ApplicationFilterChain.java:206)
           com.itc.fc4.control.EncodingFilter.doFilter(EncodingFilter.java:60)
           org.apache.catalina.core.ApplicationFilterChain.internalDoFilter(ApplicationFilterChain.java:235)
           org.apache.catalina.core.ApplicationFilterChain.doFilter(ApplicationFilterChain.java:206)
           org.apache.catalina.core.StandardWrapperValve.invoke(StandardWrapperValve.java:233)
           org.apache.catalina.core.StandardContextValve.invoke(StandardContextValve.java:191)
           org.apache.catalina.core.StandardHostValve.invoke(StandardHostValve.java:127)
           org.apache.catalina.valves.ErrorReportValve.invoke(ErrorReportValve.java:103)
           org.apache.catalina.core.StandardEngineValve.invoke(StandardEngineValve.java:109)
           org.apache.catalina.connector.CoyoteAdapter.service(CoyoteAdapter.java:293)
           org.apache.coyote.http11.Http11AprProcessor.process(Http11AprProcessor.java:879)
           org.apache.coyote.http11.Http11AprProtocol$Http11ConnectionHandler.process(Http11AprProtocol.java:617)
           org.apache.tomcat.util.net.AprEndpoint$Worker.run(AprEndpoint.java:1760)
           java.lang.Thread.run(Thread.java:595)
211847719: Iniciando sesión con usuario [admin] y periodo [2012]
211908343: com.itc.fc4.tasks.document.reports.generic.ReporteGenericoDocumentosController.handleRequest(ReporteGenericoDocumentosController.java:112)
           org.springframework.web.servlet.mvc.SimpleControllerHandlerAdapter.handle(SimpleControllerHandlerAdapter.java:48)
           org.springframework.web.servlet.DispatcherServlet.doDispatch(DispatcherServlet.java:874)
           org.springframework.web.servlet.DispatcherServlet.doService(DispatcherServlet.java:808)
           org.springframework.web.servlet.FrameworkServlet.processRequest(FrameworkServlet.java:476)
           org.springframework.web.servlet.FrameworkServlet.doPost(FrameworkServlet.java:441)
           javax.servlet.http.HttpServlet.service(HttpServlet.java:643)
           javax.servlet.http.HttpServlet.service(HttpServlet.java:723)
           org.apache.catalina.core.ApplicationFilterChain.internalDoFilter(ApplicationFilterChain.java:290)
           org.apache.catalina.core.ApplicationFilterChain.doFilter(ApplicationFilterChain.java:206)
           com.itc.fc4.control.EncodingFilter.doFilter(EncodingFilter.java:60)
           org.apache.catalina.core.ApplicationFilterChain.internalDoFilter(ApplicationFilterChain.java:235)
           org.apache.catalina.core.ApplicationFilterChain.doFilter(ApplicationFilterChain.java:206)
           org.apache.catalina.core.StandardWrapperValve.invoke(StandardWrapperValve.java:233)
           org.apache.catalina.core.StandardContextValve.invoke(StandardContextValve.java:191)
           org.apache.catalina.core.StandardHostValve.invoke(StandardHostValve.java:127)
           org.apache.catalina.valves.ErrorReportValve.invoke(ErrorReportValve.java:103)
           org.apache.catalina.core.StandardEngineValve.invoke(StandardEngineValve.java:109)
           org.apache.catalina.connector.CoyoteAdapter.service(CoyoteAdapter.java:293)
           org.apache.coyote.http11.Http11AprProcessor.process(Http11AprProcessor.java:879)
           org.apache.coyote.http11.Http11AprProtocol$Http11ConnectionHandler.process(Http11AprProtocol.java:617)
           org.apache.tomcat.util.net.AprEndpoint$Worker.run(AprEndpoint.java:1760)
           java.lang.Thread.run(Thread.java:595)
213413499: org.postgresql.core.v3.ConnectionFactoryImpl.openConnectionImpl(ConnectionFactoryImpl.java:138)
           org.postgresql.core.ConnectionFactory.openConnection(ConnectionFactory.java:66)
           org.postgresql.jdbc2.AbstractJdbc2Connection.<init>(AbstractJdbc2Connection.java:125)
           org.postgresql.jdbc3.AbstractJdbc3Connection.<init>(AbstractJdbc3Connection.java:30)
           org.postgresql.jdbc3.Jdbc3Connection.<init>(Jdbc3Connection.java:24)
           org.postgresql.Driver.makeConnection(Driver.java:393)
           org.postgresql.Driver.connect(Driver.java:267)
           org.apache.tomcat.jdbc.pool.PooledConnection.connectUsingDriver(PooledConnection.java:267)
           org.apache.tomcat.jdbc.pool.PooledConnection.connect(PooledConnection.java:176)
           org.apache.tomcat.jdbc.pool.ConnectionPool.createConnection(ConnectionPool.java:653)
           org.apache.tomcat.jdbc.pool.ConnectionPool.borrowConnection(ConnectionPool.java:595)
           org.apache.tomcat.jdbc.pool.ConnectionPool.init(ConnectionPool.java:458)
           org.apache.tomcat.jdbc.pool.ConnectionPool.<init>(ConnectionPool.java:130)
           org.apache.tomcat.jdbc.pool.DataSourceProxy.createPool(DataSourceProxy.java:99)
           org.apache.tomcat.jdbc.pool.DataSourceProxy.getConnection(DataSourceProxy.java:110)
           com.itc.fc4.model.PoolConnection.getPoolConnection(PoolConnection.java:108)
           com.itc.fc4.model.admin.PeriodDAO.getCurrentPeriod(PeriodDAO.java:69)
           com.itc.fc4.control.security.AuthController.handleRequest(AuthController.java:154)
           org.springframework.web.servlet.mvc.SimpleControllerHandlerAdapter.handle(SimpleControllerHandlerAdapter.java:48)
           org.springframework.web.servlet.DispatcherServlet.doDispatch(DispatcherServlet.java:874)
           org.springframework.web.servlet.DispatcherServlet.doService(DispatcherServlet.java:808)
           org.springframework.web.servlet.FrameworkServlet.processRequest(FrameworkServlet.java:476)
           org.springframework.web.servlet.FrameworkServlet.doPost(FrameworkServlet.java:441)
           javax.servlet.http.HttpServlet.service(HttpServlet.java:643)
           javax.servlet.http.HttpServlet.service(HttpServlet.java:723)
           org.apache.catalina.core.ApplicationFilterChain.internalDoFilter(ApplicationFilterChain.java:290)
           org.apache.catalina.core.ApplicationFilterChain.doFilter(ApplicationFilterChain.java:206)
           com.itc.fc4.control.EncodingFilter.doFilter(EncodingFilter.java:60)
           org.apache.catalina.core.ApplicationFilterChain.internalDoFilter(ApplicationFilterChain.java:235)
           org.apache.catalina.core.ApplicationFilterChain.doFilter(ApplicationFilterChain.java:206)
           org.apache.catalina.core.StandardWrapperValve.invoke(StandardWrapperValve.java:233)
           org.apache.catalina.core.StandardContextValve.invoke(StandardContextValve.java:191)
           org.apache.catalina.core.StandardHostValve.invoke(StandardHostValve.java:127)
           org.apache.catalina.valves.ErrorReportValve.invoke(ErrorReportValve.java:103)
           org.apache.catalina.core.StandardEngineValve.invoke(StandardEngineValve.java:109)
           org.apache.catalina.connector.CoyoteAdapter.service(CoyoteAdapter.java:293)
           org.apache.coyote.http11.Http11AprProcessor.process(Http11AprProcessor.java:879)
           org.apache.coyote.http11.Http11AprProtocol$Http11ConnectionHandler.process(Http11AprProtocol.java:617)
           org.apache.tomcat.util.net.AprEndpoint$Worker.run(AprEndpoint.java:1760)
           java.lang.Thread.run(Thread.java:595)
213452593: Iniciando sesión con usuario [admin] y periodo [2012]
213805059: com.itc.fc4.tasks.document.reports.generic.ReporteGenericoDocumentosController.handleRequest(ReporteGenericoDocumentosController.java:120)
           org.springframework.web.servlet.mvc.SimpleControllerHandlerAdapter.handle(SimpleControllerHandlerAdapter.java:48)
           org.springframework.web.servlet.DispatcherServlet.doDispatch(DispatcherServlet.java:874)
           org.springframework.web.servlet.DispatcherServlet.doService(DispatcherServlet.java:808)
           org.springframework.web.servlet.FrameworkServlet.processRequest(FrameworkServlet.java:476)
           org.springframework.web.servlet.FrameworkServlet.doPost(FrameworkServlet.java:441)
           javax.servlet.http.HttpServlet.service(HttpServlet.java:643)
           javax.servlet.http.HttpServlet.service(HttpServlet.java:723)
           org.apache.catalina.core.ApplicationFilterChain.internalDoFilter(ApplicationFilterChain.java:290)
           org.apache.catalina.core.ApplicationFilterChain.doFilter(ApplicationFilterChain.java:206)
           com.itc.fc4.control.EncodingFilter.doFilter(EncodingFilter.java:60)
           org.apache.catalina.core.ApplicationFilterChain.internalDoFilter(ApplicationFilterChain.java:235)
           org.apache.catalina.core.ApplicationFilterChain.doFilter(ApplicationFilterChain.java:206)
           org.apache.catalina.core.StandardWrapperValve.invoke(StandardWrapperValve.java:233)
           org.apache.catalina.core.StandardContextValve.invoke(StandardContextValve.java:191)
           org.apache.catalina.core.StandardHostValve.invoke(StandardHostValve.java:127)
           org.apache.catalina.valves.ErrorReportValve.invoke(ErrorReportValve.java:103)
           org.apache.catalina.core.StandardEngineValve.invoke(StandardEngineValve.java:109)
           org.apache.catalina.connector.CoyoteAdapter.service(CoyoteAdapter.java:293)
           org.apache.coyote.http11.Http11AprProcessor.process(Http11AprProcessor.java:879)
           org.apache.coyote.http11.Http11AprProtocol$Http11ConnectionHandler.process(Http11AprProtocol.java:617)
           org.apache.tomcat.util.net.AprEndpoint$Worker.run(AprEndpoint.java:1760)
           java.lang.Thread.run(Thread.java:595)
213928249: org.postgresql.core.v3.ConnectionFactoryImpl.openConnectionImpl(ConnectionFactoryImpl.java:138)
           org.postgresql.core.ConnectionFactory.openConnection(ConnectionFactory.java:66)
           org.postgresql.jdbc2.AbstractJdbc2Connection.<init>(AbstractJdbc2Connection.java:125)
           org.postgresql.jdbc3.AbstractJdbc3Connection.<init>(AbstractJdbc3Connection.java:30)
           org.postgresql.jdbc3.Jdbc3Connection.<init>(Jdbc3Connection.java:24)
           org.postgresql.Driver.makeConnection(Driver.java:393)
           org.postgresql.Driver.connect(Driver.java:267)
           org.apache.tomcat.jdbc.pool.PooledConnection.connectUsingDriver(PooledConnection.java:267)
           org.apache.tomcat.jdbc.pool.PooledConnection.connect(PooledConnection.java:176)
           org.apache.tomcat.jdbc.pool.ConnectionPool.createConnection(ConnectionPool.java:653)
           org.apache.tomcat.jdbc.pool.ConnectionPool.borrowConnection(ConnectionPool.java:595)
           org.apache.tomcat.jdbc.pool.ConnectionPool.init(ConnectionPool.java:458)
           org.apache.tomcat.jdbc.pool.ConnectionPool.<init>(ConnectionPool.java:130)
           org.apache.tomcat.jdbc.pool.DataSourceProxy.createPool(DataSourceProxy.java:99)
           org.apache.tomcat.jdbc.pool.DataSourceProxy.getConnection(DataSourceProxy.java:110)
           com.itc.fc4.model.PoolConnection.getPoolConnection(PoolConnection.java:108)
           com.itc.fc4.model.admin.PeriodDAO.getCurrentPeriod(PeriodDAO.java:69)
           com.itc.fc4.control.security.AuthController.handleRequest(AuthController.java:154)
           org.springframework.web.servlet.mvc.SimpleControllerHandlerAdapter.handle(SimpleControllerHandlerAdapter.java:48)
           org.springframework.web.servlet.DispatcherServlet.doDispatch(DispatcherServlet.java:874)
           org.springframework.web.servlet.DispatcherServlet.doService(DispatcherServlet.java:808)
           org.springframework.web.servlet.FrameworkServlet.processRequest(FrameworkServlet.java:476)
           org.springframework.web.servlet.FrameworkServlet.doPost(FrameworkServlet.java:441)
           javax.servlet.http.HttpServlet.service(HttpServlet.java:643)
           javax.servlet.http.HttpServlet.service(HttpServlet.java:723)
           org.apache.catalina.core.ApplicationFilterChain.internalDoFilter(ApplicationFilterChain.java:290)
           org.apache.catalina.core.ApplicationFilterChain.doFilter(ApplicationFilterChain.java:206)
           com.itc.fc4.control.EncodingFilter.doFilter(EncodingFilter.java:60)
           org.apache.catalina.core.ApplicationFilterChain.internalDoFilter(ApplicationFilterChain.java:235)
           org.apache.catalina.core.ApplicationFilterChain.doFilter(ApplicationFilterChain.java:206)
           org.apache.catalina.core.StandardWrapperValve.invoke(StandardWrapperValve.java:233)
           org.apache.catalina.core.StandardContextValve.invoke(StandardContextValve.java:191)
           org.apache.catalina.core.StandardHostValve.invoke(StandardHostValve.java:127)
           org.apache.catalina.valves.ErrorReportValve.invoke(ErrorReportValve.java:103)
           org.apache.catalina.core.StandardEngineValve.invoke(StandardEngineValve.java:109)
           org.apache.catalina.connector.CoyoteAdapter.service(CoyoteAdapter.java:293)
           org.apache.coyote.http11.Http11AprProcessor.process(Http11AprProcessor.java:879)
           org.apache.coyote.http11.Http11AprProtocol$Http11ConnectionHandler.process(Http11AprProtocol.java:617)
           org.apache.tomcat.util.net.AprEndpoint$Worker.run(AprEndpoint.java:1760)
           java.lang.Thread.run(Thread.java:595)
214015694: Iniciando sesión con usuario [admin] y periodo [2012]
214225310: com.itc.fc4.tasks.document.reports.generic.ReporteGenericoDocumentosController.handleRequest(ReporteGenericoDocumentosController.java:120)
           org.springframework.web.servlet.mvc.SimpleControllerHandlerAdapter.handle(SimpleControllerHandlerAdapter.java:48)
           org.springframework.web.servlet.DispatcherServlet.doDispatch(DispatcherServlet.java:874)
           org.springframework.web.servlet.DispatcherServlet.doService(DispatcherServlet.java:808)
           org.springframework.web.servlet.FrameworkServlet.processRequest(FrameworkServlet.java:476)
           org.springframework.web.servlet.FrameworkServlet.doPost(FrameworkServlet.java:441)
           javax.servlet.http.HttpServlet.service(HttpServlet.java:643)
           javax.servlet.http.HttpServlet.service(HttpServlet.java:723)
           org.apache.catalina.core.ApplicationFilterChain.internalDoFilter(ApplicationFilterChain.java:290)
           org.apache.catalina.core.ApplicationFilterChain.doFilter(ApplicationFilterChain.java:206)
           com.itc.fc4.control.EncodingFilter.doFilter(EncodingFilter.java:60)
           org.apache.catalina.core.ApplicationFilterChain.internalDoFilter(ApplicationFilterChain.java:235)
           org.apache.catalina.core.ApplicationFilterChain.doFilter(ApplicationFilterChain.java:206)
           org.apache.catalina.core.StandardWrapperValve.invoke(StandardWrapperValve.java:233)
           org.apache.catalina.core.StandardContextValve.invoke(StandardContextValve.java:191)
           org.apache.catalina.core.StandardHostValve.invoke(StandardHostValve.java:127)
           org.apache.catalina.valves.ErrorReportValve.invoke(ErrorReportValve.java:103)
           org.apache.catalina.core.StandardEngineValve.invoke(StandardEngineValve.java:109)
           org.apache.catalina.connector.CoyoteAdapter.service(CoyoteAdapter.java:293)
           org.apache.coyote.http11.Http11AprProcessor.process(Http11AprProcessor.java:879)
           org.apache.coyote.http11.Http11AprProtocol$Http11ConnectionHandler.process(Http11AprProtocol.java:617)
           org.apache.tomcat.util.net.AprEndpoint$Worker.run(AprEndpoint.java:1760)
           java.lang.Thread.run(Thread.java:595)
234348465: Iniciando sesión con usuario [admin] y periodo [2012]
234439351: org.postgresql.jdbc2.AbstractJdbc2ResultSet.checkClosed(AbstractJdbc2ResultSet.java:2654)
           org.postgresql.jdbc2.AbstractJdbc2ResultSet.next(AbstractJdbc2ResultSet.java:1786)
           com.itc.fc4.tasks.document.reports.generic.ReporteGenericoDocumentosController.handleRequest(ReporteGenericoDocumentosController.java:114)
           org.springframework.web.servlet.mvc.SimpleControllerHandlerAdapter.handle(SimpleControllerHandlerAdapter.java:48)
           org.springframework.web.servlet.DispatcherServlet.doDispatch(DispatcherServlet.java:874)
           org.springframework.web.servlet.DispatcherServlet.doService(DispatcherServlet.java:808)
           org.springframework.web.servlet.FrameworkServlet.processRequest(FrameworkServlet.java:476)
           org.springframework.web.servlet.FrameworkServlet.doPost(FrameworkServlet.java:441)
           javax.servlet.http.HttpServlet.service(HttpServlet.java:643)
           javax.servlet.http.HttpServlet.service(HttpServlet.java:723)
           org.apache.catalina.core.ApplicationFilterChain.internalDoFilter(ApplicationFilterChain.java:290)
           org.apache.catalina.core.ApplicationFilterChain.doFilter(ApplicationFilterChain.java:206)
           com.itc.fc4.control.EncodingFilter.doFilter(EncodingFilter.java:60)
           org.apache.catalina.core.ApplicationFilterChain.internalDoFilter(ApplicationFilterChain.java:235)
           org.apache.catalina.core.ApplicationFilterChain.doFilter(ApplicationFilterChain.java:206)
           org.apache.catalina.core.StandardWrapperValve.invoke(StandardWrapperValve.java:233)
           org.apache.catalina.core.StandardContextValve.invoke(StandardContextValve.java:191)
           org.apache.catalina.core.StandardHostValve.invoke(StandardHostValve.java:127)
           org.apache.catalina.valves.ErrorReportValve.invoke(ErrorReportValve.java:103)
           org.apache.catalina.core.StandardEngineValve.invoke(StandardEngineValve.java:109)
           org.apache.catalina.connector.CoyoteAdapter.service(CoyoteAdapter.java:293)
           org.apache.coyote.http11.Http11AprProcessor.process(Http11AprProcessor.java:879)
           org.apache.coyote.http11.Http11AprProtocol$Http11ConnectionHandler.process(Http11AprProtocol.java:617)
           org.apache.tomcat.util.net.AprEndpoint$Worker.run(AprEndpoint.java:1760)
           java.lang.Thread.run(Thread.java:595)
234516944: Iniciando sesión con usuario [admin] y periodo [2012]
234604687: org.postgresql.jdbc2.AbstractJdbc2ResultSet.checkClosed(AbstractJdbc2ResultSet.java:2654)
           org.postgresql.jdbc2.AbstractJdbc2ResultSet.next(AbstractJdbc2ResultSet.java:1786)
           com.itc.fc4.tasks.document.reports.generic.ReporteGenericoDocumentosController.handleRequest(ReporteGenericoDocumentosController.java:114)
           org.springframework.web.servlet.mvc.SimpleControllerHandlerAdapter.handle(SimpleControllerHandlerAdapter.java:48)
           org.springframework.web.servlet.DispatcherServlet.doDispatch(DispatcherServlet.java:874)
           org.springframework.web.servlet.DispatcherServlet.doService(DispatcherServlet.java:808)
           org.springframework.web.servlet.FrameworkServlet.processRequest(FrameworkServlet.java:476)
           org.springframework.web.servlet.FrameworkServlet.doPost(FrameworkServlet.java:441)
           javax.servlet.http.HttpServlet.service(HttpServlet.java:643)
           javax.servlet.http.HttpServlet.service(HttpServlet.java:723)
           org.apache.catalina.core.ApplicationFilterChain.internalDoFilter(ApplicationFilterChain.java:290)
           org.apache.catalina.core.ApplicationFilterChain.doFilter(ApplicationFilterChain.java:206)
           com.itc.fc4.control.EncodingFilter.doFilter(EncodingFilter.java:60)
           org.apache.catalina.core.ApplicationFilterChain.internalDoFilter(ApplicationFilterChain.java:235)
           org.apache.catalina.core.ApplicationFilterChain.doFilter(ApplicationFilterChain.java:206)
           org.apache.catalina.core.StandardWrapperValve.invoke(StandardWrapperValve.java:233)
           org.apache.catalina.core.StandardContextValve.invoke(StandardContextValve.java:191)
           org.apache.catalina.core.StandardHostValve.invoke(StandardHostValve.java:127)
           org.apache.catalina.valves.ErrorReportValve.invoke(ErrorReportValve.java:103)
           org.apache.catalina.core.StandardEngineValve.invoke(StandardEngineValve.java:109)
           org.apache.catalina.connector.CoyoteAdapter.service(CoyoteAdapter.java:293)
           org.apache.coyote.http11.Http11AprProcessor.process(Http11AprProcessor.java:879)
           org.apache.coyote.http11.Http11AprProtocol$Http11ConnectionHandler.process(Http11AprProtocol.java:617)
           org.apache.tomcat.util.net.AprEndpoint$Worker.run(AprEndpoint.java:1760)
           java.lang.Thread.run(Thread.java:595)
234825531: org.postgresql.core.v3.ConnectionFactoryImpl.openConnectionImpl(ConnectionFactoryImpl.java:138)
           org.postgresql.core.ConnectionFactory.openConnection(ConnectionFactory.java:66)
           org.postgresql.jdbc2.AbstractJdbc2Connection.<init>(AbstractJdbc2Connection.java:125)
           org.postgresql.jdbc3.AbstractJdbc3Connection.<init>(AbstractJdbc3Connection.java:30)
           org.postgresql.jdbc3.Jdbc3Connection.<init>(Jdbc3Connection.java:24)
           org.postgresql.Driver.makeConnection(Driver.java:393)
           org.postgresql.Driver.connect(Driver.java:267)
           org.apache.tomcat.jdbc.pool.PooledConnection.connectUsingDriver(PooledConnection.java:267)
           org.apache.tomcat.jdbc.pool.PooledConnection.connect(PooledConnection.java:176)
           org.apache.tomcat.jdbc.pool.ConnectionPool.createConnection(ConnectionPool.java:653)
           org.apache.tomcat.jdbc.pool.ConnectionPool.borrowConnection(ConnectionPool.java:595)
           org.apache.tomcat.jdbc.pool.ConnectionPool.init(ConnectionPool.java:458)
           org.apache.tomcat.jdbc.pool.ConnectionPool.<init>(ConnectionPool.java:130)
           org.apache.tomcat.jdbc.pool.DataSourceProxy.createPool(DataSourceProxy.java:99)
           org.apache.tomcat.jdbc.pool.DataSourceProxy.getConnection(DataSourceProxy.java:110)
           com.itc.fc4.model.PoolConnection.getPoolConnection(PoolConnection.java:108)
           com.itc.fc4.model.admin.PeriodDAO.getCurrentPeriod(PeriodDAO.java:69)
           com.itc.fc4.control.security.AuthController.handleRequest(AuthController.java:154)
           org.springframework.web.servlet.mvc.SimpleControllerHandlerAdapter.handle(SimpleControllerHandlerAdapter.java:48)
           org.springframework.web.servlet.DispatcherServlet.doDispatch(DispatcherServlet.java:874)
           org.springframework.web.servlet.DispatcherServlet.doService(DispatcherServlet.java:808)
           org.springframework.web.servlet.FrameworkServlet.processRequest(FrameworkServlet.java:476)
           org.springframework.web.servlet.FrameworkServlet.doPost(FrameworkServlet.java:441)
           javax.servlet.http.HttpServlet.service(HttpServlet.java:643)
           javax.servlet.http.HttpServlet.service(HttpServlet.java:723)
           org.apache.catalina.core.ApplicationFilterChain.internalDoFilter(ApplicationFilterChain.java:290)
           org.apache.catalina.core.ApplicationFilterChain.doFilter(ApplicationFilterChain.java:206)
           com.itc.fc4.control.EncodingFilter.doFilter(EncodingFilter.java:60)
           org.apache.catalina.core.ApplicationFilterChain.internalDoFilter(ApplicationFilterChain.java:235)
           org.apache.catalina.core.ApplicationFilterChain.doFilter(ApplicationFilterChain.java:206)
           org.apache.catalina.core.StandardWrapperValve.invoke(StandardWrapperValve.java:233)
           org.apache.catalina.core.StandardContextValve.invoke(StandardContextValve.java:191)
           org.apache.catalina.core.StandardHostValve.invoke(StandardHostValve.java:127)
           org.apache.catalina.valves.ErrorReportValve.invoke(ErrorReportValve.java:103)
           org.apache.catalina.core.StandardEngineValve.invoke(StandardEngineValve.java:109)
           org.apache.catalina.connector.CoyoteAdapter.service(CoyoteAdapter.java:293)
           org.apache.coyote.http11.Http11AprProcessor.process(Http11AprProcessor.java:879)
           org.apache.coyote.http11.Http11AprProtocol$Http11ConnectionHandler.process(Http11AprProtocol.java:617)
           org.apache.tomcat.util.net.AprEndpoint$Worker.run(AprEndpoint.java:1760)
           java.lang.Thread.run(Thread.java:595)
234943354: Iniciando sesión con usuario [admin] y periodo [2012]
235239858: org.postgresql.jdbc2.AbstractJdbc2ResultSet.checkClosed(AbstractJdbc2ResultSet.java:2654)
           org.postgresql.jdbc2.AbstractJdbc2ResultSet.next(AbstractJdbc2ResultSet.java:1786)
           com.itc.fc4.tasks.document.reports.generic.ReporteGenericoDocumentosController.handleRequest(ReporteGenericoDocumentosController.java:114)
           org.springframework.web.servlet.mvc.SimpleControllerHandlerAdapter.handle(SimpleControllerHandlerAdapter.java:48)
           org.springframework.web.servlet.DispatcherServlet.doDispatch(DispatcherServlet.java:874)
           org.springframework.web.servlet.DispatcherServlet.doService(DispatcherServlet.java:808)
           org.springframework.web.servlet.FrameworkServlet.processRequest(FrameworkServlet.java:476)
           org.springframework.web.servlet.FrameworkServlet.doPost(FrameworkServlet.java:441)
           javax.servlet.http.HttpServlet.service(HttpServlet.java:643)
           javax.servlet.http.HttpServlet.service(HttpServlet.java:723)
           org.apache.catalina.core.ApplicationFilterChain.internalDoFilter(ApplicationFilterChain.java:290)
           org.apache.catalina.core.ApplicationFilterChain.doFilter(ApplicationFilterChain.java:206)
           com.itc.fc4.control.EncodingFilter.doFilter(EncodingFilter.java:60)
           org.apache.catalina.core.ApplicationFilterChain.internalDoFilter(ApplicationFilterChain.java:235)
           org.apache.catalina.core.ApplicationFilterChain.doFilter(ApplicationFilterChain.java:206)
           org.apache.catalina.core.StandardWrapperValve.invoke(StandardWrapperValve.java:233)
           org.apache.catalina.core.StandardContextValve.invoke(StandardContextValve.java:191)
           org.apache.catalina.core.StandardHostValve.invoke(StandardHostValve.java:127)
           org.apache.catalina.valves.ErrorReportValve.invoke(ErrorReportValve.java:103)
           org.apache.catalina.core.StandardEngineValve.invoke(StandardEngineValve.java:109)
           org.apache.catalina.connector.CoyoteAdapter.service(CoyoteAdapter.java:293)
           org.apache.coyote.http11.Http11AprProcessor.process(Http11AprProcessor.java:879)
           org.apache.coyote.http11.Http11AprProtocol$Http11ConnectionHandler.process(Http11AprProtocol.java:617)
           org.apache.tomcat.util.net.AprEndpoint$Worker.run(AprEndpoint.java:1760)
           java.lang.Thread.run(Thread.java:595)
